[2025-04-01T04:19:48.153+0000] {local_task_job_runner.py:120} INFO - ::group::Pre task execution logs
[2025-04-01T04:19:48.212+0000] {taskinstance.py:2073} INFO - Dependencies all met for dep_context=non-requeueable deps ti=<TaskInstance: train_model.train_model manual__2025-04-01T04:19:37.627680+00:00 [queued]>
[2025-04-01T04:19:48.240+0000] {taskinstance.py:2073} INFO - Dependencies all met for dep_context=requeueable deps ti=<TaskInstance: train_model.train_model manual__2025-04-01T04:19:37.627680+00:00 [queued]>
[2025-04-01T04:19:48.241+0000] {taskinstance.py:2303} INFO - Starting attempt 1 of 2
[2025-04-01T04:19:48.283+0000] {taskinstance.py:2327} INFO - Executing <Task(PythonOperator): train_model> on 2025-04-01 04:19:37.627680+00:00
[2025-04-01T04:19:48.318+0000] {standard_task_runner.py:63} INFO - Started process 610 to run task
[2025-04-01T04:19:48.335+0000] {standard_task_runner.py:90} INFO - Running: ['***', 'tasks', 'run', 'train_model', 'train_model', 'manual__2025-04-01T04:19:37.627680+00:00', '--job-id', '599', '--raw', '--subdir', 'DAGS_FOLDER/train.py', '--cfg-path', '/tmp/tmpi7phpd6z']
[2025-04-01T04:19:48.351+0000] {standard_task_runner.py:91} INFO - Job 599: Subtask train_model
[2025-04-01T04:19:48.518+0000] {task_command.py:426} INFO - Running <TaskInstance: train_model.train_model manual__2025-04-01T04:19:37.627680+00:00 [running]> on host d34402ef6e0d
[2025-04-01T04:19:48.816+0000] {taskinstance.py:2644} INFO - Exporting env vars: AIRFLOW_CTX_DAG_OWNER='***' AIRFLOW_CTX_DAG_ID='train_model' AIRFLOW_CTX_TASK_ID='train_model' AIRFLOW_CTX_EXECUTION_DATE='2025-04-01T04:19:37.627680+00:00' AIRFLOW_CTX_TRY_NUMBER='1' AIRFLOW_CTX_DAG_RUN_ID='manual__2025-04-01T04:19:37.627680+00:00'
[2025-04-01T04:19:48.823+0000] {taskinstance.py:430} INFO - ::endgroup::
[2025-04-01T04:19:48.893+0000] {logging_mixin.py:188} INFO - MLflow Version: 2.17.2
[2025-04-01T04:19:48.939+0000] {base.py:84} INFO - Using connection ID 'mysql_***_conn' for task execution.
[2025-04-01T04:19:48.984+0000] {warnings.py:109} WARNING - /home/***/.local/lib/python3.8/site-packages/***/providers/common/sql/hooks/sql.py:227: UserWarning: pandas only supports SQLAlchemy connectable (engine/connection) or database string URI or sqlite3 DBAPI2 connection. Other DBAPI2 objects are not tested. Please consider using SQLAlchemy.
  return psql.read_sql(sql, con=conn, params=parameters, **kwargs)

[2025-04-01T04:19:49.595+0000] {logging_mixin.py:188} WARNING - 2025/04/01 04:19:49 WARNING mlflow.utils.git_utils: Failed to import Git (the Git executable is probably not on your PATH), so Git SHA is not available. Error: Failed to initialize: Bad git executable.
The git executable must be specified in one of the following ways:
    - be included in your $PATH
    - be set via $GIT_PYTHON_GIT_EXECUTABLE
    - explicitly set via git.refresh(<full-path-to-git-executable>)

All git commands will error until this is rectified.

This initial message can be silenced or aggravated in the future by setting the
$GIT_PYTHON_REFRESH environment variable. Use one of the following values:
    - quiet|q|silence|s|silent|none|n|0: for no message or exception
    - warn|w|warning|log|l|1: for a warning message (logging level CRITICAL, displayed by default)
    - error|e|exception|raise|r|2: for a raised exception

Example:
    export GIT_PYTHON_REFRESH=quiet
[2025-04-01T04:19:49.701+0000] {warnings.py:109} WARNING - /home/***/.local/lib/python3.8/site-packages/joblib/parallel.py:1359: UserWarning: Loky-backed parallel loops cannot be called in a multiprocessing, setting n_jobs=1
  n_jobs = self._backend.configure(n_jobs=self.n_jobs, parallel=self,

[2025-04-01T04:20:02.053+0000] {logging_mixin.py:188} WARNING - 2025/04/01 04:20:02 WARNING mlflow.models.model: Model logged without a signature and input example. Please set `input_example` parameter when logging the model to auto infer the model signature.
[2025-04-01T04:20:02.201+0000] {credentials.py:1147} INFO - Found credentials in environment variables.
[2025-04-01T04:20:03.889+0000] {logging_mixin.py:188} WARNING - Registered model 'svm-model' already exists. Creating a new version of this model...
[2025-04-01T04:20:04.044+0000] {logging_mixin.py:188} WARNING - 2025/04/01 04:20:04 INFO mlflow.store.model_registry.abstract_store: Waiting up to 300 seconds for model version to finish creation. Model name: svm-model, version 7
[2025-04-01T04:20:04.044+0000] {logging_mixin.py:188} WARNING - Created version '7' of model 'svm-model'.
[2025-04-01T04:20:04.121+0000] {logging_mixin.py:188} WARNING - 2025/04/01 04:20:04 INFO mlflow.tracking._tracking_service.client: 🏃 View run svm_artifacts at: http://mlflow:5000/#/experiments/1/runs/f3025c37edf84697bcf146b5da5d9927.
[2025-04-01T04:20:04.122+0000] {logging_mixin.py:188} WARNING - 2025/04/01 04:20:04 INFO mlflow.tracking._tracking_service.client: 🧪 View experiment at: http://mlflow:5000/#/experiments/1.
[2025-04-01T04:20:04.219+0000] {taskinstance.py:441} INFO - ::group::Post task execution logs
[2025-04-01T04:20:04.223+0000] {taskinstance.py:2890} ERROR - Task failed with exception
Traceback (most recent call last):
  File "/home/airflow/.local/lib/python3.8/site-packages/airflow/models/taskinstance.py", line 465, in _execute_task
    result = _execute_callable(context=context, **execute_callable_kwargs)
  File "/home/airflow/.local/lib/python3.8/site-packages/airflow/models/taskinstance.py", line 432, in _execute_callable
    return execute_callable(context=context, **execute_callable_kwargs)
  File "/home/airflow/.local/lib/python3.8/site-packages/airflow/models/baseoperator.py", line 400, in wrapper
    return func(self, *args, **kwargs)
  File "/home/airflow/.local/lib/python3.8/site-packages/airflow/operators/python.py", line 235, in execute
    return_value = self.execute_callable()
  File "/home/airflow/.local/lib/python3.8/site-packages/airflow/operators/python.py", line 252, in execute_callable
    return self.python_callable(*self.op_args, **self.op_kwargs)
  File "/opt/airflow/dags/train.py", line 94, in train_model
    model_versions = mlflow.models.get_registered_model(model_name).latest_versions
AttributeError: module 'mlflow.models' has no attribute 'get_registered_model'
[2025-04-01T04:20:04.268+0000] {taskinstance.py:1205} INFO - Marking task as UP_FOR_RETRY. dag_id=train_model, task_id=train_model, execution_date=20250401T041937, start_date=20250401T041948, end_date=20250401T042004
[2025-04-01T04:20:04.348+0000] {standard_task_runner.py:110} ERROR - Failed to execute job 599 for task train_model (module 'mlflow.models' has no attribute 'get_registered_model'; 610)
[2025-04-01T04:20:04.536+0000] {local_task_job_runner.py:240} INFO - Task exited with return code 1
[2025-04-01T04:20:04.643+0000] {taskinstance.py:3482} INFO - 0 downstream tasks scheduled from follow-on schedule check
[2025-04-01T04:20:04.648+0000] {local_task_job_runner.py:222} INFO - ::endgroup::
