[2025-05-01T07:44:31.097+0000] {local_task_job_runner.py:120} INFO - ::group::Pre task execution logs
[2025-05-01T07:44:31.180+0000] {taskinstance.py:2073} INFO - Dependencies all met for dep_context=non-requeueable deps ti=<TaskInstance: read_diabetes_tables.summarize_results manual__2025-05-01T07:43:50.805594+00:00 [queued]>
[2025-05-01T07:44:31.229+0000] {taskinstance.py:2073} INFO - Dependencies all met for dep_context=requeueable deps ti=<TaskInstance: read_diabetes_tables.summarize_results manual__2025-05-01T07:43:50.805594+00:00 [queued]>
[2025-05-01T07:44:31.230+0000] {taskinstance.py:2303} INFO - Starting attempt 1 of 2
[2025-05-01T07:44:31.301+0000] {taskinstance.py:2327} INFO - Executing <Task(PythonOperator): summarize_results> on 2025-05-01 07:43:50.805594+00:00
[2025-05-01T07:44:31.363+0000] {standard_task_runner.py:63} INFO - Started process 178 to run task
[2025-05-01T07:44:31.433+0000] {standard_task_runner.py:90} INFO - Running: ['***', 'tasks', 'run', 'read_diabetes_tables', 'summarize_results', 'manual__2025-05-01T07:43:50.805594+00:00', '--job-id', '133', '--raw', '--subdir', 'DAGS_FOLDER/process_and_clean_data.py', '--cfg-path', '/tmp/tmpyv6bdi3z']
[2025-05-01T07:44:31.458+0000] {standard_task_runner.py:91} INFO - Job 133: Subtask summarize_results
[2025-05-01T07:44:31.696+0000] {task_command.py:426} INFO - Running <TaskInstance: read_diabetes_tables.summarize_results manual__2025-05-01T07:43:50.805594+00:00 [running]> on host 8d6ece7b9daa
[2025-05-01T07:44:32.045+0000] {taskinstance.py:2644} INFO - Exporting env vars: AIRFLOW_CTX_DAG_OWNER='***' AIRFLOW_CTX_DAG_ID='read_diabetes_tables' AIRFLOW_CTX_TASK_ID='summarize_results' AIRFLOW_CTX_EXECUTION_DATE='2025-05-01T07:43:50.805594+00:00' AIRFLOW_CTX_TRY_NUMBER='1' AIRFLOW_CTX_DAG_RUN_ID='manual__2025-05-01T07:43:50.805594+00:00'
[2025-05-01T07:44:32.047+0000] {taskinstance.py:430} INFO - ::endgroup::
[2025-05-01T07:44:32.238+0000] {process_and_clean_data.py:94} INFO - === RESUMEN DE LECTURA DE DATOS DE DIABETES ===
[2025-05-01T07:44:32.239+0000] {process_and_clean_data.py:97} INFO - Tabla diabetes_train: 61059 filas, 51 columnas
[2025-05-01T07:44:32.240+0000] {process_and_clean_data.py:97} INFO - Tabla diabetes_validation: 20353 filas, 51 columnas
[2025-05-01T07:44:32.241+0000] {process_and_clean_data.py:97} INFO - Tabla diabetes_test: 20354 filas, 51 columnas
[2025-05-01T07:44:32.241+0000] {process_and_clean_data.py:105} INFO - ✅ Todas las tablas se leyeron correctamente
[2025-05-01T07:44:32.241+0000] {python.py:237} INFO - Done. Returned value was: {'train': {'rows': 61059, 'columns': 51}, 'validation': {'rows': 20353, 'columns': 51}, 'test': {'rows': 20354, 'columns': 51}}
[2025-05-01T07:44:32.242+0000] {taskinstance.py:441} INFO - ::group::Post task execution logs
[2025-05-01T07:44:32.357+0000] {taskinstance.py:1205} INFO - Marking task as SUCCESS. dag_id=read_diabetes_tables, task_id=summarize_results, execution_date=20250501T074350, start_date=20250501T074431, end_date=20250501T074432
[2025-05-01T07:44:32.567+0000] {local_task_job_runner.py:240} INFO - Task exited with return code 0
[2025-05-01T07:44:32.649+0000] {taskinstance.py:3482} INFO - 0 downstream tasks scheduled from follow-on schedule check
[2025-05-01T07:44:32.661+0000] {local_task_job_runner.py:222} INFO - ::endgroup::
