[2025-05-10T14:34:14.228+0000] {processor.py:161} INFO - Started process (PID=74) to work on /opt/airflow/dags/model.py
[2025-05-10T14:34:14.240+0000] {processor.py:830} INFO - Processing file /opt/airflow/dags/model.py for tasks to queue
[2025-05-10T14:34:14.285+0000] {logging_mixin.py:188} INFO - [2025-05-10T14:34:14.271+0000] {dagbag.py:540} INFO - Filling up the DagBag from /opt/airflow/dags/model.py
[2025-05-10T14:34:35.664+0000] {processor.py:840} INFO - DAG(s) 'diabetes_model_pipeline' retrieved from /opt/airflow/dags/model.py
[2025-05-10T14:34:36.355+0000] {logging_mixin.py:188} INFO - [2025-05-10T14:34:36.353+0000] {override.py:1829} INFO - Created Permission View: can read on DAG:diabetes_model_pipeline
[2025-05-10T14:34:36.437+0000] {logging_mixin.py:188} INFO - [2025-05-10T14:34:36.437+0000] {override.py:1829} INFO - Created Permission View: can delete on DAG:diabetes_model_pipeline
[2025-05-10T14:34:36.492+0000] {logging_mixin.py:188} INFO - [2025-05-10T14:34:36.490+0000] {override.py:1829} INFO - Created Permission View: can edit on DAG:diabetes_model_pipeline
[2025-05-10T14:34:36.495+0000] {logging_mixin.py:188} INFO - [2025-05-10T14:34:36.493+0000] {dag.py:3096} INFO - Sync 1 DAGs
[2025-05-10T14:34:36.563+0000] {logging_mixin.py:188} INFO - [2025-05-10T14:34:36.562+0000] {dag.py:3118} INFO - Creating ORM DAG for diabetes_model_pipeline
[2025-05-10T14:34:36.569+0000] {logging_mixin.py:188} INFO - [2025-05-10T14:34:36.568+0000] {dag.py:3954} INFO - Setting next_dagrun for diabetes_model_pipeline to None, run_after=None
[2025-05-10T14:34:36.651+0000] {processor.py:183} INFO - Processing /opt/airflow/dags/model.py took 22.502 seconds
[2025-05-10T14:35:07.474+0000] {processor.py:161} INFO - Started process (PID=101) to work on /opt/airflow/dags/model.py
[2025-05-10T14:35:07.483+0000] {processor.py:830} INFO - Processing file /opt/airflow/dags/model.py for tasks to queue
[2025-05-10T14:35:07.495+0000] {logging_mixin.py:188} INFO - [2025-05-10T14:35:07.491+0000] {dagbag.py:540} INFO - Filling up the DagBag from /opt/airflow/dags/model.py
[2025-05-10T14:35:12.110+0000] {processor.py:840} INFO - DAG(s) 'diabetes_model_pipeline' retrieved from /opt/airflow/dags/model.py
[2025-05-10T14:35:12.172+0000] {logging_mixin.py:188} INFO - [2025-05-10T14:35:12.171+0000] {dag.py:3096} INFO - Sync 1 DAGs
[2025-05-10T14:35:12.191+0000] {logging_mixin.py:188} INFO - [2025-05-10T14:35:12.191+0000] {dag.py:3954} INFO - Setting next_dagrun for diabetes_model_pipeline to None, run_after=None
[2025-05-10T14:35:12.235+0000] {processor.py:183} INFO - Processing /opt/airflow/dags/model.py took 4.783 seconds
[2025-05-10T14:35:43.014+0000] {processor.py:161} INFO - Started process (PID=125) to work on /opt/airflow/dags/model.py
[2025-05-10T14:35:43.017+0000] {processor.py:830} INFO - Processing file /opt/airflow/dags/model.py for tasks to queue
[2025-05-10T14:35:43.026+0000] {logging_mixin.py:188} INFO - [2025-05-10T14:35:43.025+0000] {dagbag.py:540} INFO - Filling up the DagBag from /opt/airflow/dags/model.py
[2025-05-10T14:35:45.843+0000] {processor.py:840} INFO - DAG(s) 'diabetes_model_pipeline' retrieved from /opt/airflow/dags/model.py
[2025-05-10T14:35:45.891+0000] {logging_mixin.py:188} INFO - [2025-05-10T14:35:45.891+0000] {dag.py:3096} INFO - Sync 1 DAGs
[2025-05-10T14:35:45.912+0000] {logging_mixin.py:188} INFO - [2025-05-10T14:35:45.911+0000] {dag.py:3954} INFO - Setting next_dagrun for diabetes_model_pipeline to None, run_after=None
[2025-05-10T14:35:45.945+0000] {processor.py:183} INFO - Processing /opt/airflow/dags/model.py took 2.956 seconds
[2025-05-10T14:36:18.375+0000] {processor.py:161} INFO - Started process (PID=148) to work on /opt/airflow/dags/model.py
[2025-05-10T14:36:18.380+0000] {processor.py:830} INFO - Processing file /opt/airflow/dags/model.py for tasks to queue
[2025-05-10T14:36:18.388+0000] {logging_mixin.py:188} INFO - [2025-05-10T14:36:18.388+0000] {dagbag.py:540} INFO - Filling up the DagBag from /opt/airflow/dags/model.py
[2025-05-10T14:36:22.544+0000] {processor.py:840} INFO - DAG(s) 'diabetes_model_pipeline' retrieved from /opt/airflow/dags/model.py
[2025-05-10T14:36:22.646+0000] {logging_mixin.py:188} INFO - [2025-05-10T14:36:22.645+0000] {dag.py:3096} INFO - Sync 1 DAGs
[2025-05-10T14:36:22.683+0000] {logging_mixin.py:188} INFO - [2025-05-10T14:36:22.679+0000] {dag.py:3954} INFO - Setting next_dagrun for diabetes_model_pipeline to None, run_after=None
[2025-05-10T14:36:23.156+0000] {processor.py:183} INFO - Processing /opt/airflow/dags/model.py took 4.807 seconds
[2025-05-10T14:36:53.628+0000] {processor.py:161} INFO - Started process (PID=168) to work on /opt/airflow/dags/model.py
[2025-05-10T14:36:53.630+0000] {processor.py:830} INFO - Processing file /opt/airflow/dags/model.py for tasks to queue
[2025-05-10T14:36:53.634+0000] {logging_mixin.py:188} INFO - [2025-05-10T14:36:53.633+0000] {dagbag.py:540} INFO - Filling up the DagBag from /opt/airflow/dags/model.py
[2025-05-10T14:36:56.117+0000] {processor.py:840} INFO - DAG(s) 'diabetes_model_pipeline' retrieved from /opt/airflow/dags/model.py
[2025-05-10T14:36:56.200+0000] {logging_mixin.py:188} INFO - [2025-05-10T14:36:56.199+0000] {dag.py:3096} INFO - Sync 1 DAGs
[2025-05-10T14:36:56.234+0000] {logging_mixin.py:188} INFO - [2025-05-10T14:36:56.233+0000] {dag.py:3954} INFO - Setting next_dagrun for diabetes_model_pipeline to None, run_after=None
[2025-05-10T14:36:56.284+0000] {processor.py:183} INFO - Processing /opt/airflow/dags/model.py took 2.674 seconds
[2025-05-10T14:37:26.525+0000] {processor.py:161} INFO - Started process (PID=188) to work on /opt/airflow/dags/model.py
[2025-05-10T14:37:26.527+0000] {processor.py:830} INFO - Processing file /opt/airflow/dags/model.py for tasks to queue
[2025-05-10T14:37:26.531+0000] {logging_mixin.py:188} INFO - [2025-05-10T14:37:26.530+0000] {dagbag.py:540} INFO - Filling up the DagBag from /opt/airflow/dags/model.py
[2025-05-10T14:37:29.289+0000] {processor.py:840} INFO - DAG(s) 'diabetes_model_pipeline' retrieved from /opt/airflow/dags/model.py
[2025-05-10T14:37:29.337+0000] {logging_mixin.py:188} INFO - [2025-05-10T14:37:29.337+0000] {dag.py:3096} INFO - Sync 1 DAGs
[2025-05-10T14:37:29.358+0000] {logging_mixin.py:188} INFO - [2025-05-10T14:37:29.358+0000] {dag.py:3954} INFO - Setting next_dagrun for diabetes_model_pipeline to None, run_after=None
[2025-05-10T14:37:29.385+0000] {processor.py:183} INFO - Processing /opt/airflow/dags/model.py took 2.875 seconds
[2025-05-10T14:37:59.691+0000] {processor.py:161} INFO - Started process (PID=214) to work on /opt/airflow/dags/model.py
[2025-05-10T14:37:59.693+0000] {processor.py:830} INFO - Processing file /opt/airflow/dags/model.py for tasks to queue
[2025-05-10T14:37:59.708+0000] {logging_mixin.py:188} INFO - [2025-05-10T14:37:59.697+0000] {dagbag.py:540} INFO - Filling up the DagBag from /opt/airflow/dags/model.py
[2025-05-10T14:38:02.497+0000] {processor.py:840} INFO - DAG(s) 'diabetes_model_pipeline' retrieved from /opt/airflow/dags/model.py
[2025-05-10T14:38:02.570+0000] {logging_mixin.py:188} INFO - [2025-05-10T14:38:02.569+0000] {dag.py:3096} INFO - Sync 1 DAGs
[2025-05-10T14:38:02.592+0000] {logging_mixin.py:188} INFO - [2025-05-10T14:38:02.591+0000] {dag.py:3954} INFO - Setting next_dagrun for diabetes_model_pipeline to None, run_after=None
[2025-05-10T14:38:02.661+0000] {processor.py:183} INFO - Processing /opt/airflow/dags/model.py took 3.000 seconds
[2025-05-10T14:38:33.325+0000] {processor.py:161} INFO - Started process (PID=235) to work on /opt/airflow/dags/model.py
[2025-05-10T14:38:33.337+0000] {processor.py:830} INFO - Processing file /opt/airflow/dags/model.py for tasks to queue
[2025-05-10T14:38:33.345+0000] {logging_mixin.py:188} INFO - [2025-05-10T14:38:33.345+0000] {dagbag.py:540} INFO - Filling up the DagBag from /opt/airflow/dags/model.py
[2025-05-10T14:38:36.728+0000] {processor.py:840} INFO - DAG(s) 'diabetes_model_pipeline' retrieved from /opt/airflow/dags/model.py
[2025-05-10T14:38:36.795+0000] {logging_mixin.py:188} INFO - [2025-05-10T14:38:36.794+0000] {dag.py:3096} INFO - Sync 1 DAGs
[2025-05-10T14:38:36.818+0000] {logging_mixin.py:188} INFO - [2025-05-10T14:38:36.817+0000] {dag.py:3954} INFO - Setting next_dagrun for diabetes_model_pipeline to None, run_after=None
[2025-05-10T14:38:36.877+0000] {processor.py:183} INFO - Processing /opt/airflow/dags/model.py took 3.624 seconds
[2025-05-10T14:39:08.038+0000] {processor.py:161} INFO - Started process (PID=255) to work on /opt/airflow/dags/model.py
[2025-05-10T14:39:08.047+0000] {processor.py:830} INFO - Processing file /opt/airflow/dags/model.py for tasks to queue
[2025-05-10T14:39:08.052+0000] {logging_mixin.py:188} INFO - [2025-05-10T14:39:08.052+0000] {dagbag.py:540} INFO - Filling up the DagBag from /opt/airflow/dags/model.py
[2025-05-10T14:39:12.949+0000] {processor.py:840} INFO - DAG(s) 'diabetes_model_pipeline' retrieved from /opt/airflow/dags/model.py
[2025-05-10T14:39:12.998+0000] {logging_mixin.py:188} INFO - [2025-05-10T14:39:12.997+0000] {dag.py:3096} INFO - Sync 1 DAGs
[2025-05-10T14:39:13.018+0000] {logging_mixin.py:188} INFO - [2025-05-10T14:39:13.017+0000] {dag.py:3954} INFO - Setting next_dagrun for diabetes_model_pipeline to None, run_after=None
[2025-05-10T14:39:13.052+0000] {processor.py:183} INFO - Processing /opt/airflow/dags/model.py took 5.078 seconds
[2025-05-10T14:39:43.314+0000] {processor.py:161} INFO - Started process (PID=275) to work on /opt/airflow/dags/model.py
[2025-05-10T14:39:43.319+0000] {processor.py:830} INFO - Processing file /opt/airflow/dags/model.py for tasks to queue
[2025-05-10T14:39:43.326+0000] {logging_mixin.py:188} INFO - [2025-05-10T14:39:43.325+0000] {dagbag.py:540} INFO - Filling up the DagBag from /opt/airflow/dags/model.py
[2025-05-10T14:39:47.812+0000] {processor.py:840} INFO - DAG(s) 'diabetes_model_pipeline' retrieved from /opt/airflow/dags/model.py
[2025-05-10T14:39:47.906+0000] {logging_mixin.py:188} INFO - [2025-05-10T14:39:47.906+0000] {dag.py:3096} INFO - Sync 1 DAGs
[2025-05-10T14:39:47.939+0000] {logging_mixin.py:188} INFO - [2025-05-10T14:39:47.938+0000] {dag.py:3954} INFO - Setting next_dagrun for diabetes_model_pipeline to None, run_after=None
[2025-05-10T14:39:47.986+0000] {processor.py:183} INFO - Processing /opt/airflow/dags/model.py took 4.710 seconds
[2025-05-10T14:40:18.206+0000] {processor.py:161} INFO - Started process (PID=306) to work on /opt/airflow/dags/model.py
[2025-05-10T14:40:18.210+0000] {processor.py:830} INFO - Processing file /opt/airflow/dags/model.py for tasks to queue
[2025-05-10T14:40:18.213+0000] {logging_mixin.py:188} INFO - [2025-05-10T14:40:18.212+0000] {dagbag.py:540} INFO - Filling up the DagBag from /opt/airflow/dags/model.py
[2025-05-10T14:40:22.040+0000] {processor.py:840} INFO - DAG(s) 'diabetes_model_pipeline' retrieved from /opt/airflow/dags/model.py
[2025-05-10T14:40:22.101+0000] {logging_mixin.py:188} INFO - [2025-05-10T14:40:22.100+0000] {dag.py:3096} INFO - Sync 1 DAGs
[2025-05-10T14:40:22.122+0000] {logging_mixin.py:188} INFO - [2025-05-10T14:40:22.121+0000] {dag.py:3954} INFO - Setting next_dagrun for diabetes_model_pipeline to None, run_after=None
[2025-05-10T14:40:22.171+0000] {processor.py:183} INFO - Processing /opt/airflow/dags/model.py took 3.981 seconds
[2025-05-10T14:40:53.182+0000] {processor.py:161} INFO - Started process (PID=333) to work on /opt/airflow/dags/model.py
[2025-05-10T14:40:53.189+0000] {processor.py:830} INFO - Processing file /opt/airflow/dags/model.py for tasks to queue
[2025-05-10T14:40:53.193+0000] {logging_mixin.py:188} INFO - [2025-05-10T14:40:53.192+0000] {dagbag.py:540} INFO - Filling up the DagBag from /opt/airflow/dags/model.py
[2025-05-10T14:40:55.552+0000] {processor.py:840} INFO - DAG(s) 'diabetes_model_pipeline' retrieved from /opt/airflow/dags/model.py
[2025-05-10T14:40:55.595+0000] {logging_mixin.py:188} INFO - [2025-05-10T14:40:55.594+0000] {dag.py:3096} INFO - Sync 1 DAGs
[2025-05-10T14:40:55.612+0000] {logging_mixin.py:188} INFO - [2025-05-10T14:40:55.612+0000] {dag.py:3954} INFO - Setting next_dagrun for diabetes_model_pipeline to None, run_after=None
[2025-05-10T14:40:55.640+0000] {processor.py:183} INFO - Processing /opt/airflow/dags/model.py took 2.470 seconds
[2025-05-10T14:41:25.917+0000] {processor.py:161} INFO - Started process (PID=353) to work on /opt/airflow/dags/model.py
[2025-05-10T14:41:25.920+0000] {processor.py:830} INFO - Processing file /opt/airflow/dags/model.py for tasks to queue
[2025-05-10T14:41:25.924+0000] {logging_mixin.py:188} INFO - [2025-05-10T14:41:25.923+0000] {dagbag.py:540} INFO - Filling up the DagBag from /opt/airflow/dags/model.py
[2025-05-10T14:41:28.854+0000] {processor.py:840} INFO - DAG(s) 'diabetes_model_pipeline' retrieved from /opt/airflow/dags/model.py
[2025-05-10T14:41:28.957+0000] {logging_mixin.py:188} INFO - [2025-05-10T14:41:28.956+0000] {dag.py:3096} INFO - Sync 1 DAGs
[2025-05-10T14:41:28.981+0000] {logging_mixin.py:188} INFO - [2025-05-10T14:41:28.980+0000] {dag.py:3954} INFO - Setting next_dagrun for diabetes_model_pipeline to None, run_after=None
[2025-05-10T14:41:29.065+0000] {processor.py:183} INFO - Processing /opt/airflow/dags/model.py took 3.169 seconds
[2025-05-10T14:41:59.365+0000] {processor.py:161} INFO - Started process (PID=373) to work on /opt/airflow/dags/model.py
[2025-05-10T14:41:59.367+0000] {processor.py:830} INFO - Processing file /opt/airflow/dags/model.py for tasks to queue
[2025-05-10T14:41:59.371+0000] {logging_mixin.py:188} INFO - [2025-05-10T14:41:59.370+0000] {dagbag.py:540} INFO - Filling up the DagBag from /opt/airflow/dags/model.py
[2025-05-10T14:42:01.724+0000] {processor.py:840} INFO - DAG(s) 'diabetes_model_pipeline' retrieved from /opt/airflow/dags/model.py
[2025-05-10T14:42:01.774+0000] {logging_mixin.py:188} INFO - [2025-05-10T14:42:01.774+0000] {dag.py:3096} INFO - Sync 1 DAGs
[2025-05-10T14:42:01.792+0000] {logging_mixin.py:188} INFO - [2025-05-10T14:42:01.792+0000] {dag.py:3954} INFO - Setting next_dagrun for diabetes_model_pipeline to None, run_after=None
[2025-05-10T14:42:01.821+0000] {processor.py:183} INFO - Processing /opt/airflow/dags/model.py took 2.470 seconds
[2025-05-10T14:42:32.025+0000] {processor.py:161} INFO - Started process (PID=398) to work on /opt/airflow/dags/model.py
[2025-05-10T14:42:32.028+0000] {processor.py:830} INFO - Processing file /opt/airflow/dags/model.py for tasks to queue
[2025-05-10T14:42:32.032+0000] {logging_mixin.py:188} INFO - [2025-05-10T14:42:32.032+0000] {dagbag.py:540} INFO - Filling up the DagBag from /opt/airflow/dags/model.py
[2025-05-10T14:42:34.731+0000] {processor.py:840} INFO - DAG(s) 'diabetes_model_pipeline' retrieved from /opt/airflow/dags/model.py
[2025-05-10T14:42:34.781+0000] {logging_mixin.py:188} INFO - [2025-05-10T14:42:34.780+0000] {dag.py:3096} INFO - Sync 1 DAGs
[2025-05-10T14:42:34.799+0000] {logging_mixin.py:188} INFO - [2025-05-10T14:42:34.798+0000] {dag.py:3954} INFO - Setting next_dagrun for diabetes_model_pipeline to None, run_after=None
[2025-05-10T14:42:34.837+0000] {processor.py:183} INFO - Processing /opt/airflow/dags/model.py took 2.825 seconds
[2025-05-10T14:43:05.615+0000] {processor.py:161} INFO - Started process (PID=418) to work on /opt/airflow/dags/model.py
[2025-05-10T14:43:05.619+0000] {processor.py:830} INFO - Processing file /opt/airflow/dags/model.py for tasks to queue
[2025-05-10T14:43:05.627+0000] {logging_mixin.py:188} INFO - [2025-05-10T14:43:05.625+0000] {dagbag.py:540} INFO - Filling up the DagBag from /opt/airflow/dags/model.py
[2025-05-10T14:43:09.144+0000] {processor.py:840} INFO - DAG(s) 'diabetes_model_pipeline' retrieved from /opt/airflow/dags/model.py
[2025-05-10T14:43:09.246+0000] {logging_mixin.py:188} INFO - [2025-05-10T14:43:09.245+0000] {dag.py:3096} INFO - Sync 1 DAGs
[2025-05-10T14:43:09.283+0000] {logging_mixin.py:188} INFO - [2025-05-10T14:43:09.281+0000] {dag.py:3954} INFO - Setting next_dagrun for diabetes_model_pipeline to None, run_after=None
[2025-05-10T14:43:09.355+0000] {processor.py:183} INFO - Processing /opt/airflow/dags/model.py took 3.756 seconds
[2025-05-10T14:43:39.839+0000] {processor.py:161} INFO - Started process (PID=438) to work on /opt/airflow/dags/model.py
[2025-05-10T14:43:39.843+0000] {processor.py:830} INFO - Processing file /opt/airflow/dags/model.py for tasks to queue
[2025-05-10T14:43:39.868+0000] {logging_mixin.py:188} INFO - [2025-05-10T14:43:39.861+0000] {dagbag.py:540} INFO - Filling up the DagBag from /opt/airflow/dags/model.py
[2025-05-10T14:43:52.479+0000] {processor.py:840} INFO - DAG(s) 'diabetes_model_pipeline' retrieved from /opt/airflow/dags/model.py
[2025-05-10T14:43:52.578+0000] {logging_mixin.py:188} INFO - [2025-05-10T14:43:52.577+0000] {dag.py:3096} INFO - Sync 1 DAGs
[2025-05-10T14:43:52.606+0000] {logging_mixin.py:188} INFO - [2025-05-10T14:43:52.605+0000] {dag.py:3954} INFO - Setting next_dagrun for diabetes_model_pipeline to None, run_after=None
[2025-05-10T14:43:52.679+0000] {processor.py:183} INFO - Processing /opt/airflow/dags/model.py took 12.910 seconds
[2025-05-10T14:44:23.272+0000] {processor.py:161} INFO - Started process (PID=460) to work on /opt/airflow/dags/model.py
[2025-05-10T14:44:23.279+0000] {processor.py:830} INFO - Processing file /opt/airflow/dags/model.py for tasks to queue
[2025-05-10T14:44:23.293+0000] {logging_mixin.py:188} INFO - [2025-05-10T14:44:23.291+0000] {dagbag.py:540} INFO - Filling up the DagBag from /opt/airflow/dags/model.py
[2025-05-10T14:44:29.526+0000] {processor.py:840} INFO - DAG(s) 'diabetes_model_pipeline' retrieved from /opt/airflow/dags/model.py
[2025-05-10T14:44:29.663+0000] {logging_mixin.py:188} INFO - [2025-05-10T14:44:29.662+0000] {dag.py:3096} INFO - Sync 1 DAGs
[2025-05-10T14:44:29.704+0000] {logging_mixin.py:188} INFO - [2025-05-10T14:44:29.703+0000] {dag.py:3954} INFO - Setting next_dagrun for diabetes_model_pipeline to None, run_after=None
[2025-05-10T14:44:29.787+0000] {processor.py:183} INFO - Processing /opt/airflow/dags/model.py took 6.603 seconds
[2025-05-10T14:45:00.019+0000] {processor.py:161} INFO - Started process (PID=481) to work on /opt/airflow/dags/model.py
[2025-05-10T14:45:00.027+0000] {processor.py:830} INFO - Processing file /opt/airflow/dags/model.py for tasks to queue
[2025-05-10T14:45:00.036+0000] {logging_mixin.py:188} INFO - [2025-05-10T14:45:00.036+0000] {dagbag.py:540} INFO - Filling up the DagBag from /opt/airflow/dags/model.py
[2025-05-10T14:45:04.081+0000] {processor.py:840} INFO - DAG(s) 'diabetes_model_pipeline' retrieved from /opt/airflow/dags/model.py
[2025-05-10T14:45:04.161+0000] {logging_mixin.py:188} INFO - [2025-05-10T14:45:04.160+0000] {dag.py:3096} INFO - Sync 1 DAGs
[2025-05-10T14:45:04.180+0000] {logging_mixin.py:188} INFO - [2025-05-10T14:45:04.180+0000] {dag.py:3954} INFO - Setting next_dagrun for diabetes_model_pipeline to None, run_after=None
[2025-05-10T14:45:04.220+0000] {processor.py:183} INFO - Processing /opt/airflow/dags/model.py took 4.239 seconds
[2025-05-10T14:45:34.687+0000] {processor.py:161} INFO - Started process (PID=507) to work on /opt/airflow/dags/model.py
[2025-05-10T14:45:34.689+0000] {processor.py:830} INFO - Processing file /opt/airflow/dags/model.py for tasks to queue
[2025-05-10T14:45:34.694+0000] {logging_mixin.py:188} INFO - [2025-05-10T14:45:34.694+0000] {dagbag.py:540} INFO - Filling up the DagBag from /opt/airflow/dags/model.py
[2025-05-10T14:45:39.718+0000] {processor.py:840} INFO - DAG(s) 'diabetes_model_pipeline' retrieved from /opt/airflow/dags/model.py
[2025-05-10T14:45:39.849+0000] {logging_mixin.py:188} INFO - [2025-05-10T14:45:39.848+0000] {dag.py:3096} INFO - Sync 1 DAGs
[2025-05-10T14:45:39.901+0000] {logging_mixin.py:188} INFO - [2025-05-10T14:45:39.899+0000] {dag.py:3954} INFO - Setting next_dagrun for diabetes_model_pipeline to None, run_after=None
[2025-05-10T14:45:40.033+0000] {processor.py:183} INFO - Processing /opt/airflow/dags/model.py took 5.366 seconds
[2025-05-10T14:46:10.368+0000] {processor.py:161} INFO - Started process (PID=527) to work on /opt/airflow/dags/model.py
[2025-05-10T14:46:10.373+0000] {processor.py:830} INFO - Processing file /opt/airflow/dags/model.py for tasks to queue
[2025-05-10T14:46:10.381+0000] {logging_mixin.py:188} INFO - [2025-05-10T14:46:10.380+0000] {dagbag.py:540} INFO - Filling up the DagBag from /opt/airflow/dags/model.py
[2025-05-10T14:46:15.106+0000] {processor.py:840} INFO - DAG(s) 'diabetes_model_pipeline' retrieved from /opt/airflow/dags/model.py
[2025-05-10T14:46:15.203+0000] {logging_mixin.py:188} INFO - [2025-05-10T14:46:15.203+0000] {dag.py:3096} INFO - Sync 1 DAGs
[2025-05-10T14:46:15.288+0000] {logging_mixin.py:188} INFO - [2025-05-10T14:46:15.287+0000] {dag.py:3954} INFO - Setting next_dagrun for diabetes_model_pipeline to None, run_after=None
[2025-05-10T14:46:15.399+0000] {processor.py:183} INFO - Processing /opt/airflow/dags/model.py took 5.064 seconds
[2025-05-10T14:46:46.129+0000] {processor.py:161} INFO - Started process (PID=547) to work on /opt/airflow/dags/model.py
[2025-05-10T14:46:46.130+0000] {processor.py:830} INFO - Processing file /opt/airflow/dags/model.py for tasks to queue
[2025-05-10T14:46:46.138+0000] {logging_mixin.py:188} INFO - [2025-05-10T14:46:46.135+0000] {dagbag.py:540} INFO - Filling up the DagBag from /opt/airflow/dags/model.py
[2025-05-10T14:46:48.619+0000] {processor.py:840} INFO - DAG(s) 'diabetes_model_pipeline' retrieved from /opt/airflow/dags/model.py
[2025-05-10T14:46:48.699+0000] {logging_mixin.py:188} INFO - [2025-05-10T14:46:48.698+0000] {dag.py:3096} INFO - Sync 1 DAGs
[2025-05-10T14:46:48.720+0000] {logging_mixin.py:188} INFO - [2025-05-10T14:46:48.720+0000] {dag.py:3954} INFO - Setting next_dagrun for diabetes_model_pipeline to None, run_after=None
[2025-05-10T14:46:48.771+0000] {processor.py:183} INFO - Processing /opt/airflow/dags/model.py took 2.664 seconds
[2025-05-10T14:47:19.008+0000] {processor.py:161} INFO - Started process (PID=567) to work on /opt/airflow/dags/model.py
[2025-05-10T14:47:19.011+0000] {processor.py:830} INFO - Processing file /opt/airflow/dags/model.py for tasks to queue
[2025-05-10T14:47:19.015+0000] {logging_mixin.py:188} INFO - [2025-05-10T14:47:19.015+0000] {dagbag.py:540} INFO - Filling up the DagBag from /opt/airflow/dags/model.py
[2025-05-10T14:47:21.611+0000] {processor.py:840} INFO - DAG(s) 'diabetes_model_pipeline' retrieved from /opt/airflow/dags/model.py
[2025-05-10T14:47:21.714+0000] {logging_mixin.py:188} INFO - [2025-05-10T14:47:21.713+0000] {dag.py:3096} INFO - Sync 1 DAGs
[2025-05-10T14:47:21.750+0000] {logging_mixin.py:188} INFO - [2025-05-10T14:47:21.750+0000] {dag.py:3954} INFO - Setting next_dagrun for diabetes_model_pipeline to None, run_after=None
[2025-05-10T14:47:21.794+0000] {processor.py:183} INFO - Processing /opt/airflow/dags/model.py took 2.803 seconds
[2025-05-10T14:47:52.195+0000] {processor.py:161} INFO - Started process (PID=586) to work on /opt/airflow/dags/model.py
[2025-05-10T14:47:52.200+0000] {processor.py:830} INFO - Processing file /opt/airflow/dags/model.py for tasks to queue
[2025-05-10T14:47:52.205+0000] {logging_mixin.py:188} INFO - [2025-05-10T14:47:52.205+0000] {dagbag.py:540} INFO - Filling up the DagBag from /opt/airflow/dags/model.py
[2025-05-10T14:47:58.250+0000] {processor.py:840} INFO - DAG(s) 'diabetes_model_pipeline' retrieved from /opt/airflow/dags/model.py
[2025-05-10T14:47:58.430+0000] {logging_mixin.py:188} INFO - [2025-05-10T14:47:58.429+0000] {dag.py:3096} INFO - Sync 1 DAGs
[2025-05-10T14:47:58.486+0000] {logging_mixin.py:188} INFO - [2025-05-10T14:47:58.486+0000] {dag.py:3954} INFO - Setting next_dagrun for diabetes_model_pipeline to None, run_after=None
[2025-05-10T14:47:58.616+0000] {processor.py:183} INFO - Processing /opt/airflow/dags/model.py took 6.486 seconds
[2025-05-10T14:48:28.972+0000] {processor.py:161} INFO - Started process (PID=607) to work on /opt/airflow/dags/model.py
[2025-05-10T14:48:28.975+0000] {processor.py:830} INFO - Processing file /opt/airflow/dags/model.py for tasks to queue
[2025-05-10T14:48:28.981+0000] {logging_mixin.py:188} INFO - [2025-05-10T14:48:28.980+0000] {dagbag.py:540} INFO - Filling up the DagBag from /opt/airflow/dags/model.py
[2025-05-10T14:48:33.382+0000] {processor.py:840} INFO - DAG(s) 'diabetes_model_pipeline' retrieved from /opt/airflow/dags/model.py
[2025-05-10T14:48:34.129+0000] {logging_mixin.py:188} INFO - [2025-05-10T14:48:34.123+0000] {dag.py:3096} INFO - Sync 1 DAGs
[2025-05-10T14:48:34.329+0000] {logging_mixin.py:188} INFO - [2025-05-10T14:48:34.328+0000] {dag.py:3954} INFO - Setting next_dagrun for diabetes_model_pipeline to None, run_after=None
[2025-05-10T14:48:34.511+0000] {processor.py:183} INFO - Processing /opt/airflow/dags/model.py took 5.553 seconds
[2025-05-10T14:49:05.477+0000] {processor.py:161} INFO - Started process (PID=633) to work on /opt/airflow/dags/model.py
[2025-05-10T14:49:05.481+0000] {processor.py:830} INFO - Processing file /opt/airflow/dags/model.py for tasks to queue
[2025-05-10T14:49:05.488+0000] {logging_mixin.py:188} INFO - [2025-05-10T14:49:05.486+0000] {dagbag.py:540} INFO - Filling up the DagBag from /opt/airflow/dags/model.py
[2025-05-10T14:49:10.497+0000] {processor.py:840} INFO - DAG(s) 'diabetes_model_pipeline' retrieved from /opt/airflow/dags/model.py
[2025-05-10T14:49:10.600+0000] {logging_mixin.py:188} INFO - [2025-05-10T14:49:10.599+0000] {dag.py:3096} INFO - Sync 1 DAGs
[2025-05-10T14:49:10.622+0000] {logging_mixin.py:188} INFO - [2025-05-10T14:49:10.622+0000] {dag.py:3954} INFO - Setting next_dagrun for diabetes_model_pipeline to None, run_after=None
[2025-05-10T14:49:10.710+0000] {processor.py:183} INFO - Processing /opt/airflow/dags/model.py took 5.269 seconds
[2025-05-10T14:49:40.911+0000] {processor.py:161} INFO - Started process (PID=655) to work on /opt/airflow/dags/model.py
[2025-05-10T14:49:40.917+0000] {processor.py:830} INFO - Processing file /opt/airflow/dags/model.py for tasks to queue
[2025-05-10T14:49:40.925+0000] {logging_mixin.py:188} INFO - [2025-05-10T14:49:40.924+0000] {dagbag.py:540} INFO - Filling up the DagBag from /opt/airflow/dags/model.py
[2025-05-10T14:49:45.021+0000] {processor.py:840} INFO - DAG(s) 'diabetes_model_pipeline' retrieved from /opt/airflow/dags/model.py
[2025-05-10T14:49:45.084+0000] {logging_mixin.py:188} INFO - [2025-05-10T14:49:45.083+0000] {dag.py:3096} INFO - Sync 1 DAGs
[2025-05-10T14:49:45.155+0000] {logging_mixin.py:188} INFO - [2025-05-10T14:49:45.154+0000] {dag.py:3954} INFO - Setting next_dagrun for diabetes_model_pipeline to None, run_after=None
[2025-05-10T14:49:45.291+0000] {processor.py:183} INFO - Processing /opt/airflow/dags/model.py took 4.409 seconds
[2025-05-10T14:50:16.075+0000] {processor.py:161} INFO - Started process (PID=675) to work on /opt/airflow/dags/model.py
[2025-05-10T14:50:16.087+0000] {processor.py:830} INFO - Processing file /opt/airflow/dags/model.py for tasks to queue
[2025-05-10T14:50:16.099+0000] {logging_mixin.py:188} INFO - [2025-05-10T14:50:16.098+0000] {dagbag.py:540} INFO - Filling up the DagBag from /opt/airflow/dags/model.py
[2025-05-10T14:50:20.229+0000] {processor.py:840} INFO - DAG(s) 'diabetes_model_pipeline' retrieved from /opt/airflow/dags/model.py
[2025-05-10T14:50:20.343+0000] {logging_mixin.py:188} INFO - [2025-05-10T14:50:20.342+0000] {dag.py:3096} INFO - Sync 1 DAGs
[2025-05-10T14:50:20.367+0000] {logging_mixin.py:188} INFO - [2025-05-10T14:50:20.366+0000] {dag.py:3954} INFO - Setting next_dagrun for diabetes_model_pipeline to None, run_after=None
[2025-05-10T14:50:20.404+0000] {processor.py:183} INFO - Processing /opt/airflow/dags/model.py took 4.400 seconds
[2025-05-10T14:50:50.753+0000] {processor.py:161} INFO - Started process (PID=697) to work on /opt/airflow/dags/model.py
[2025-05-10T14:50:50.756+0000] {processor.py:830} INFO - Processing file /opt/airflow/dags/model.py for tasks to queue
[2025-05-10T14:50:50.764+0000] {logging_mixin.py:188} INFO - [2025-05-10T14:50:50.764+0000] {dagbag.py:540} INFO - Filling up the DagBag from /opt/airflow/dags/model.py
[2025-05-10T14:50:54.748+0000] {processor.py:840} INFO - DAG(s) 'diabetes_model_pipeline' retrieved from /opt/airflow/dags/model.py
[2025-05-10T14:50:54.818+0000] {logging_mixin.py:188} INFO - [2025-05-10T14:50:54.816+0000] {dag.py:3096} INFO - Sync 1 DAGs
[2025-05-10T14:50:54.847+0000] {logging_mixin.py:188} INFO - [2025-05-10T14:50:54.845+0000] {dag.py:3954} INFO - Setting next_dagrun for diabetes_model_pipeline to None, run_after=None
[2025-05-10T14:50:54.942+0000] {processor.py:183} INFO - Processing /opt/airflow/dags/model.py took 4.217 seconds
[2025-05-10T14:51:25.292+0000] {processor.py:161} INFO - Started process (PID=717) to work on /opt/airflow/dags/model.py
[2025-05-10T14:51:25.299+0000] {processor.py:830} INFO - Processing file /opt/airflow/dags/model.py for tasks to queue
[2025-05-10T14:51:25.322+0000] {logging_mixin.py:188} INFO - [2025-05-10T14:51:25.320+0000] {dagbag.py:540} INFO - Filling up the DagBag from /opt/airflow/dags/model.py
[2025-05-10T14:51:28.586+0000] {processor.py:840} INFO - DAG(s) 'diabetes_model_pipeline' retrieved from /opt/airflow/dags/model.py
[2025-05-10T14:51:28.678+0000] {logging_mixin.py:188} INFO - [2025-05-10T14:51:28.677+0000] {dag.py:3096} INFO - Sync 1 DAGs
[2025-05-10T14:51:28.737+0000] {logging_mixin.py:188} INFO - [2025-05-10T14:51:28.735+0000] {dag.py:3954} INFO - Setting next_dagrun for diabetes_model_pipeline to None, run_after=None
[2025-05-10T14:51:29.148+0000] {processor.py:183} INFO - Processing /opt/airflow/dags/model.py took 3.936 seconds
[2025-05-10T14:51:59.644+0000] {processor.py:161} INFO - Started process (PID=737) to work on /opt/airflow/dags/model.py
[2025-05-10T14:51:59.646+0000] {processor.py:830} INFO - Processing file /opt/airflow/dags/model.py for tasks to queue
[2025-05-10T14:51:59.650+0000] {logging_mixin.py:188} INFO - [2025-05-10T14:51:59.649+0000] {dagbag.py:540} INFO - Filling up the DagBag from /opt/airflow/dags/model.py
[2025-05-10T14:52:02.531+0000] {processor.py:840} INFO - DAG(s) 'diabetes_model_pipeline' retrieved from /opt/airflow/dags/model.py
[2025-05-10T14:52:02.877+0000] {logging_mixin.py:188} INFO - [2025-05-10T14:52:02.876+0000] {dag.py:3096} INFO - Sync 1 DAGs
[2025-05-10T14:52:02.928+0000] {logging_mixin.py:188} INFO - [2025-05-10T14:52:02.927+0000] {dag.py:3954} INFO - Setting next_dagrun for diabetes_model_pipeline to None, run_after=None
[2025-05-10T14:52:03.011+0000] {processor.py:183} INFO - Processing /opt/airflow/dags/model.py took 3.381 seconds
[2025-05-10T14:52:33.608+0000] {processor.py:161} INFO - Started process (PID=756) to work on /opt/airflow/dags/model.py
[2025-05-10T14:52:33.610+0000] {processor.py:830} INFO - Processing file /opt/airflow/dags/model.py for tasks to queue
[2025-05-10T14:52:33.613+0000] {logging_mixin.py:188} INFO - [2025-05-10T14:52:33.613+0000] {dagbag.py:540} INFO - Filling up the DagBag from /opt/airflow/dags/model.py
[2025-05-10T14:52:36.640+0000] {processor.py:840} INFO - DAG(s) 'diabetes_model_pipeline' retrieved from /opt/airflow/dags/model.py
[2025-05-10T14:52:36.718+0000] {logging_mixin.py:188} INFO - [2025-05-10T14:52:36.717+0000] {dag.py:3096} INFO - Sync 1 DAGs
[2025-05-10T14:52:36.741+0000] {logging_mixin.py:188} INFO - [2025-05-10T14:52:36.741+0000] {dag.py:3954} INFO - Setting next_dagrun for diabetes_model_pipeline to None, run_after=None
[2025-05-10T14:52:36.782+0000] {processor.py:183} INFO - Processing /opt/airflow/dags/model.py took 3.191 seconds
[2025-05-10T14:53:07.338+0000] {processor.py:161} INFO - Started process (PID=776) to work on /opt/airflow/dags/model.py
[2025-05-10T14:53:07.340+0000] {processor.py:830} INFO - Processing file /opt/airflow/dags/model.py for tasks to queue
[2025-05-10T14:53:07.346+0000] {logging_mixin.py:188} INFO - [2025-05-10T14:53:07.345+0000] {dagbag.py:540} INFO - Filling up the DagBag from /opt/airflow/dags/model.py
[2025-05-10T14:53:11.972+0000] {processor.py:840} INFO - DAG(s) 'diabetes_model_pipeline' retrieved from /opt/airflow/dags/model.py
[2025-05-10T14:53:12.058+0000] {logging_mixin.py:188} INFO - [2025-05-10T14:53:12.057+0000] {dag.py:3096} INFO - Sync 1 DAGs
[2025-05-10T14:53:12.089+0000] {logging_mixin.py:188} INFO - [2025-05-10T14:53:12.086+0000] {dag.py:3954} INFO - Setting next_dagrun for diabetes_model_pipeline to None, run_after=None
[2025-05-10T14:53:12.146+0000] {processor.py:183} INFO - Processing /opt/airflow/dags/model.py took 4.841 seconds
[2025-05-10T14:53:42.698+0000] {processor.py:161} INFO - Started process (PID=801) to work on /opt/airflow/dags/model.py
[2025-05-10T14:53:42.706+0000] {processor.py:830} INFO - Processing file /opt/airflow/dags/model.py for tasks to queue
[2025-05-10T14:53:42.727+0000] {logging_mixin.py:188} INFO - [2025-05-10T14:53:42.725+0000] {dagbag.py:540} INFO - Filling up the DagBag from /opt/airflow/dags/model.py
[2025-05-10T14:53:48.902+0000] {processor.py:840} INFO - DAG(s) 'diabetes_model_pipeline' retrieved from /opt/airflow/dags/model.py
[2025-05-10T14:53:49.033+0000] {logging_mixin.py:188} INFO - [2025-05-10T14:53:49.032+0000] {dag.py:3096} INFO - Sync 1 DAGs
[2025-05-10T14:53:49.074+0000] {logging_mixin.py:188} INFO - [2025-05-10T14:53:49.074+0000] {dag.py:3954} INFO - Setting next_dagrun for diabetes_model_pipeline to None, run_after=None
[2025-05-10T14:53:49.156+0000] {processor.py:183} INFO - Processing /opt/airflow/dags/model.py took 6.521 seconds
[2025-05-10T14:54:19.822+0000] {processor.py:161} INFO - Started process (PID=822) to work on /opt/airflow/dags/model.py
[2025-05-10T14:54:19.825+0000] {processor.py:830} INFO - Processing file /opt/airflow/dags/model.py for tasks to queue
[2025-05-10T14:54:19.829+0000] {logging_mixin.py:188} INFO - [2025-05-10T14:54:19.828+0000] {dagbag.py:540} INFO - Filling up the DagBag from /opt/airflow/dags/model.py
[2025-05-10T14:54:24.284+0000] {processor.py:840} INFO - DAG(s) 'diabetes_model_pipeline' retrieved from /opt/airflow/dags/model.py
[2025-05-10T14:54:24.396+0000] {logging_mixin.py:188} INFO - [2025-05-10T14:54:24.395+0000] {dag.py:3096} INFO - Sync 1 DAGs
[2025-05-10T14:54:24.415+0000] {logging_mixin.py:188} INFO - [2025-05-10T14:54:24.415+0000] {dag.py:3954} INFO - Setting next_dagrun for diabetes_model_pipeline to None, run_after=None
[2025-05-10T14:54:24.457+0000] {processor.py:183} INFO - Processing /opt/airflow/dags/model.py took 4.668 seconds
[2025-05-10T14:54:54.691+0000] {processor.py:161} INFO - Started process (PID=842) to work on /opt/airflow/dags/model.py
[2025-05-10T14:54:54.697+0000] {processor.py:830} INFO - Processing file /opt/airflow/dags/model.py for tasks to queue
[2025-05-10T14:54:54.703+0000] {logging_mixin.py:188} INFO - [2025-05-10T14:54:54.703+0000] {dagbag.py:540} INFO - Filling up the DagBag from /opt/airflow/dags/model.py
[2025-05-10T14:54:58.245+0000] {processor.py:840} INFO - DAG(s) 'diabetes_model_pipeline' retrieved from /opt/airflow/dags/model.py
[2025-05-10T14:54:58.324+0000] {logging_mixin.py:188} INFO - [2025-05-10T14:54:58.322+0000] {dag.py:3096} INFO - Sync 1 DAGs
[2025-05-10T14:54:58.358+0000] {logging_mixin.py:188} INFO - [2025-05-10T14:54:58.358+0000] {dag.py:3954} INFO - Setting next_dagrun for diabetes_model_pipeline to None, run_after=None
[2025-05-10T14:54:58.404+0000] {processor.py:183} INFO - Processing /opt/airflow/dags/model.py took 3.738 seconds
[2025-05-10T14:55:28.678+0000] {processor.py:161} INFO - Started process (PID=862) to work on /opt/airflow/dags/model.py
[2025-05-10T14:55:28.680+0000] {processor.py:830} INFO - Processing file /opt/airflow/dags/model.py for tasks to queue
[2025-05-10T14:55:28.684+0000] {logging_mixin.py:188} INFO - [2025-05-10T14:55:28.683+0000] {dagbag.py:540} INFO - Filling up the DagBag from /opt/airflow/dags/model.py
[2025-05-10T14:55:32.155+0000] {processor.py:840} INFO - DAG(s) 'diabetes_model_pipeline' retrieved from /opt/airflow/dags/model.py
[2025-05-10T14:55:32.273+0000] {logging_mixin.py:188} INFO - [2025-05-10T14:55:32.269+0000] {dag.py:3096} INFO - Sync 1 DAGs
[2025-05-10T14:55:32.312+0000] {logging_mixin.py:188} INFO - [2025-05-10T14:55:32.311+0000] {dag.py:3954} INFO - Setting next_dagrun for diabetes_model_pipeline to None, run_after=None
[2025-05-10T14:55:32.460+0000] {processor.py:183} INFO - Processing /opt/airflow/dags/model.py took 3.819 seconds
[2025-05-10T14:56:02.696+0000] {processor.py:161} INFO - Started process (PID=883) to work on /opt/airflow/dags/model.py
[2025-05-10T14:56:02.700+0000] {processor.py:830} INFO - Processing file /opt/airflow/dags/model.py for tasks to queue
[2025-05-10T14:56:02.704+0000] {logging_mixin.py:188} INFO - [2025-05-10T14:56:02.703+0000] {dagbag.py:540} INFO - Filling up the DagBag from /opt/airflow/dags/model.py
[2025-05-10T14:56:08.108+0000] {processor.py:840} INFO - DAG(s) 'diabetes_model_pipeline' retrieved from /opt/airflow/dags/model.py
[2025-05-10T14:56:08.241+0000] {logging_mixin.py:188} INFO - [2025-05-10T14:56:08.240+0000] {dag.py:3096} INFO - Sync 1 DAGs
[2025-05-10T14:56:08.306+0000] {logging_mixin.py:188} INFO - [2025-05-10T14:56:08.305+0000] {dag.py:3954} INFO - Setting next_dagrun for diabetes_model_pipeline to None, run_after=None
[2025-05-10T14:56:08.407+0000] {processor.py:183} INFO - Processing /opt/airflow/dags/model.py took 5.754 seconds
