[2025-05-10T14:34:36.969+0000] {processor.py:161} INFO - Started process (PID=92) to work on /opt/airflow/dags/mysql_start_table.py
[2025-05-10T14:34:36.979+0000] {processor.py:830} INFO - Processing file /opt/airflow/dags/mysql_start_table.py for tasks to queue
[2025-05-10T14:34:36.990+0000] {logging_mixin.py:188} INFO - [2025-05-10T14:34:36.985+0000] {dagbag.py:540} INFO - Filling up the DagBag from /opt/airflow/dags/mysql_start_table.py
[2025-05-10T14:34:37.075+0000] {processor.py:840} INFO - DAG(s) 'iniciar_tabla_mysql' retrieved from /opt/airflow/dags/mysql_start_table.py
[2025-05-10T14:34:38.552+0000] {logging_mixin.py:188} INFO - [2025-05-10T14:34:38.549+0000] {override.py:1829} INFO - Created Permission View: can read on DAG:iniciar_tabla_mysql
[2025-05-10T14:34:38.669+0000] {logging_mixin.py:188} INFO - [2025-05-10T14:34:38.665+0000] {override.py:1829} INFO - Created Permission View: can delete on DAG:iniciar_tabla_mysql
[2025-05-10T14:34:38.753+0000] {logging_mixin.py:188} INFO - [2025-05-10T14:34:38.752+0000] {override.py:1829} INFO - Created Permission View: can edit on DAG:iniciar_tabla_mysql
[2025-05-10T14:34:38.758+0000] {logging_mixin.py:188} INFO - [2025-05-10T14:34:38.753+0000] {dag.py:3096} INFO - Sync 1 DAGs
[2025-05-10T14:34:38.904+0000] {logging_mixin.py:188} INFO - [2025-05-10T14:34:38.900+0000] {dag.py:3118} INFO - Creating ORM DAG for iniciar_tabla_mysql
[2025-05-10T14:34:38.908+0000] {logging_mixin.py:188} INFO - [2025-05-10T14:34:38.908+0000] {dag.py:3954} INFO - Setting next_dagrun for iniciar_tabla_mysql to None, run_after=None
[2025-05-10T14:34:39.093+0000] {processor.py:183} INFO - Processing /opt/airflow/dags/mysql_start_table.py took 2.215 seconds
[2025-05-10T14:35:11.365+0000] {processor.py:161} INFO - Started process (PID=109) to work on /opt/airflow/dags/mysql_start_table.py
[2025-05-10T14:35:11.375+0000] {processor.py:830} INFO - Processing file /opt/airflow/dags/mysql_start_table.py for tasks to queue
[2025-05-10T14:35:11.380+0000] {logging_mixin.py:188} INFO - [2025-05-10T14:35:11.379+0000] {dagbag.py:540} INFO - Filling up the DagBag from /opt/airflow/dags/mysql_start_table.py
[2025-05-10T14:35:11.449+0000] {processor.py:840} INFO - DAG(s) 'iniciar_tabla_mysql' retrieved from /opt/airflow/dags/mysql_start_table.py
[2025-05-10T14:35:11.520+0000] {logging_mixin.py:188} INFO - [2025-05-10T14:35:11.519+0000] {dag.py:3096} INFO - Sync 1 DAGs
[2025-05-10T14:35:11.563+0000] {logging_mixin.py:188} INFO - [2025-05-10T14:35:11.562+0000] {dag.py:3954} INFO - Setting next_dagrun for iniciar_tabla_mysql to None, run_after=None
[2025-05-10T14:35:11.757+0000] {processor.py:183} INFO - Processing /opt/airflow/dags/mysql_start_table.py took 0.424 seconds
[2025-05-10T14:35:41.951+0000] {processor.py:161} INFO - Started process (PID=121) to work on /opt/airflow/dags/mysql_start_table.py
[2025-05-10T14:35:41.954+0000] {processor.py:830} INFO - Processing file /opt/airflow/dags/mysql_start_table.py for tasks to queue
[2025-05-10T14:35:41.960+0000] {logging_mixin.py:188} INFO - [2025-05-10T14:35:41.958+0000] {dagbag.py:540} INFO - Filling up the DagBag from /opt/airflow/dags/mysql_start_table.py
[2025-05-10T14:35:41.984+0000] {processor.py:840} INFO - DAG(s) 'iniciar_tabla_mysql' retrieved from /opt/airflow/dags/mysql_start_table.py
[2025-05-10T14:35:42.064+0000] {logging_mixin.py:188} INFO - [2025-05-10T14:35:42.061+0000] {dag.py:3096} INFO - Sync 1 DAGs
[2025-05-10T14:35:42.109+0000] {logging_mixin.py:188} INFO - [2025-05-10T14:35:42.108+0000] {dag.py:3954} INFO - Setting next_dagrun for iniciar_tabla_mysql to None, run_after=None
[2025-05-10T14:35:42.170+0000] {processor.py:183} INFO - Processing /opt/airflow/dags/mysql_start_table.py took 0.236 seconds
[2025-05-10T14:36:12.443+0000] {processor.py:161} INFO - Started process (PID=139) to work on /opt/airflow/dags/mysql_start_table.py
[2025-05-10T14:36:12.446+0000] {processor.py:830} INFO - Processing file /opt/airflow/dags/mysql_start_table.py for tasks to queue
[2025-05-10T14:36:12.452+0000] {logging_mixin.py:188} INFO - [2025-05-10T14:36:12.451+0000] {dagbag.py:540} INFO - Filling up the DagBag from /opt/airflow/dags/mysql_start_table.py
[2025-05-10T14:36:12.473+0000] {processor.py:840} INFO - DAG(s) 'iniciar_tabla_mysql' retrieved from /opt/airflow/dags/mysql_start_table.py
[2025-05-10T14:36:12.531+0000] {logging_mixin.py:188} INFO - [2025-05-10T14:36:12.531+0000] {dag.py:3096} INFO - Sync 1 DAGs
[2025-05-10T14:36:12.604+0000] {logging_mixin.py:188} INFO - [2025-05-10T14:36:12.603+0000] {dag.py:3954} INFO - Setting next_dagrun for iniciar_tabla_mysql to None, run_after=None
[2025-05-10T14:36:12.673+0000] {processor.py:183} INFO - Processing /opt/airflow/dags/mysql_start_table.py took 0.244 seconds
[2025-05-10T14:36:43.232+0000] {processor.py:161} INFO - Started process (PID=159) to work on /opt/airflow/dags/mysql_start_table.py
[2025-05-10T14:36:43.239+0000] {processor.py:830} INFO - Processing file /opt/airflow/dags/mysql_start_table.py for tasks to queue
[2025-05-10T14:36:43.262+0000] {logging_mixin.py:188} INFO - [2025-05-10T14:36:43.256+0000] {dagbag.py:540} INFO - Filling up the DagBag from /opt/airflow/dags/mysql_start_table.py
[2025-05-10T14:36:43.354+0000] {processor.py:840} INFO - DAG(s) 'iniciar_tabla_mysql' retrieved from /opt/airflow/dags/mysql_start_table.py
[2025-05-10T14:36:43.632+0000] {logging_mixin.py:188} INFO - [2025-05-10T14:36:43.627+0000] {dag.py:3096} INFO - Sync 1 DAGs
[2025-05-10T14:36:43.736+0000] {logging_mixin.py:188} INFO - [2025-05-10T14:36:43.734+0000] {dag.py:3954} INFO - Setting next_dagrun for iniciar_tabla_mysql to None, run_after=None
[2025-05-10T14:36:43.960+0000] {processor.py:183} INFO - Processing /opt/airflow/dags/mysql_start_table.py took 0.837 seconds
[2025-05-10T14:37:14.652+0000] {processor.py:161} INFO - Started process (PID=179) to work on /opt/airflow/dags/mysql_start_table.py
[2025-05-10T14:37:14.655+0000] {processor.py:830} INFO - Processing file /opt/airflow/dags/mysql_start_table.py for tasks to queue
[2025-05-10T14:37:14.669+0000] {logging_mixin.py:188} INFO - [2025-05-10T14:37:14.668+0000] {dagbag.py:540} INFO - Filling up the DagBag from /opt/airflow/dags/mysql_start_table.py
[2025-05-10T14:37:14.741+0000] {processor.py:840} INFO - DAG(s) 'iniciar_tabla_mysql' retrieved from /opt/airflow/dags/mysql_start_table.py
[2025-05-10T14:37:14.928+0000] {logging_mixin.py:188} INFO - [2025-05-10T14:37:14.927+0000] {dag.py:3096} INFO - Sync 1 DAGs
[2025-05-10T14:37:14.969+0000] {logging_mixin.py:188} INFO - [2025-05-10T14:37:14.968+0000] {dag.py:3954} INFO - Setting next_dagrun for iniciar_tabla_mysql to None, run_after=None
[2025-05-10T14:37:15.060+0000] {processor.py:183} INFO - Processing /opt/airflow/dags/mysql_start_table.py took 0.465 seconds
[2025-05-10T14:37:45.564+0000] {processor.py:161} INFO - Started process (PID=199) to work on /opt/airflow/dags/mysql_start_table.py
[2025-05-10T14:37:45.566+0000] {processor.py:830} INFO - Processing file /opt/airflow/dags/mysql_start_table.py for tasks to queue
[2025-05-10T14:37:45.574+0000] {logging_mixin.py:188} INFO - [2025-05-10T14:37:45.573+0000] {dagbag.py:540} INFO - Filling up the DagBag from /opt/airflow/dags/mysql_start_table.py
[2025-05-10T14:37:45.622+0000] {processor.py:840} INFO - DAG(s) 'iniciar_tabla_mysql' retrieved from /opt/airflow/dags/mysql_start_table.py
[2025-05-10T14:37:45.856+0000] {logging_mixin.py:188} INFO - [2025-05-10T14:37:45.855+0000] {dag.py:3096} INFO - Sync 1 DAGs
[2025-05-10T14:37:45.906+0000] {logging_mixin.py:188} INFO - [2025-05-10T14:37:45.905+0000] {dag.py:3954} INFO - Setting next_dagrun for iniciar_tabla_mysql to None, run_after=None
[2025-05-10T14:37:45.994+0000] {processor.py:183} INFO - Processing /opt/airflow/dags/mysql_start_table.py took 0.476 seconds
[2025-05-10T14:38:16.371+0000] {processor.py:161} INFO - Started process (PID=219) to work on /opt/airflow/dags/mysql_start_table.py
[2025-05-10T14:38:16.374+0000] {processor.py:830} INFO - Processing file /opt/airflow/dags/mysql_start_table.py for tasks to queue
[2025-05-10T14:38:16.378+0000] {logging_mixin.py:188} INFO - [2025-05-10T14:38:16.377+0000] {dagbag.py:540} INFO - Filling up the DagBag from /opt/airflow/dags/mysql_start_table.py
[2025-05-10T14:38:16.438+0000] {processor.py:840} INFO - DAG(s) 'iniciar_tabla_mysql' retrieved from /opt/airflow/dags/mysql_start_table.py
[2025-05-10T14:38:16.646+0000] {logging_mixin.py:188} INFO - [2025-05-10T14:38:16.645+0000] {dag.py:3096} INFO - Sync 1 DAGs
[2025-05-10T14:38:16.701+0000] {logging_mixin.py:188} INFO - [2025-05-10T14:38:16.700+0000] {dag.py:3954} INFO - Setting next_dagrun for iniciar_tabla_mysql to None, run_after=None
[2025-05-10T14:38:16.822+0000] {processor.py:183} INFO - Processing /opt/airflow/dags/mysql_start_table.py took 0.472 seconds
[2025-05-10T14:38:47.230+0000] {processor.py:161} INFO - Started process (PID=240) to work on /opt/airflow/dags/mysql_start_table.py
[2025-05-10T14:38:47.232+0000] {processor.py:830} INFO - Processing file /opt/airflow/dags/mysql_start_table.py for tasks to queue
[2025-05-10T14:38:47.236+0000] {logging_mixin.py:188} INFO - [2025-05-10T14:38:47.235+0000] {dagbag.py:540} INFO - Filling up the DagBag from /opt/airflow/dags/mysql_start_table.py
[2025-05-10T14:38:47.266+0000] {processor.py:840} INFO - DAG(s) 'iniciar_tabla_mysql' retrieved from /opt/airflow/dags/mysql_start_table.py
[2025-05-10T14:38:47.344+0000] {logging_mixin.py:188} INFO - [2025-05-10T14:38:47.343+0000] {dag.py:3096} INFO - Sync 1 DAGs
[2025-05-10T14:38:47.383+0000] {logging_mixin.py:188} INFO - [2025-05-10T14:38:47.383+0000] {dag.py:3954} INFO - Setting next_dagrun for iniciar_tabla_mysql to None, run_after=None
[2025-05-10T14:38:47.493+0000] {processor.py:183} INFO - Processing /opt/airflow/dags/mysql_start_table.py took 0.276 seconds
[2025-05-10T14:39:18.009+0000] {processor.py:161} INFO - Started process (PID=260) to work on /opt/airflow/dags/mysql_start_table.py
[2025-05-10T14:39:18.012+0000] {processor.py:830} INFO - Processing file /opt/airflow/dags/mysql_start_table.py for tasks to queue
[2025-05-10T14:39:18.016+0000] {logging_mixin.py:188} INFO - [2025-05-10T14:39:18.015+0000] {dagbag.py:540} INFO - Filling up the DagBag from /opt/airflow/dags/mysql_start_table.py
[2025-05-10T14:39:18.038+0000] {processor.py:840} INFO - DAG(s) 'iniciar_tabla_mysql' retrieved from /opt/airflow/dags/mysql_start_table.py
[2025-05-10T14:39:18.132+0000] {logging_mixin.py:188} INFO - [2025-05-10T14:39:18.131+0000] {dag.py:3096} INFO - Sync 1 DAGs
[2025-05-10T14:39:18.155+0000] {logging_mixin.py:188} INFO - [2025-05-10T14:39:18.155+0000] {dag.py:3954} INFO - Setting next_dagrun for iniciar_tabla_mysql to None, run_after=None
[2025-05-10T14:39:18.233+0000] {processor.py:183} INFO - Processing /opt/airflow/dags/mysql_start_table.py took 0.243 seconds
[2025-05-10T14:39:48.689+0000] {processor.py:161} INFO - Started process (PID=280) to work on /opt/airflow/dags/mysql_start_table.py
[2025-05-10T14:39:48.691+0000] {processor.py:830} INFO - Processing file /opt/airflow/dags/mysql_start_table.py for tasks to queue
[2025-05-10T14:39:48.694+0000] {logging_mixin.py:188} INFO - [2025-05-10T14:39:48.694+0000] {dagbag.py:540} INFO - Filling up the DagBag from /opt/airflow/dags/mysql_start_table.py
[2025-05-10T14:39:48.766+0000] {processor.py:840} INFO - DAG(s) 'iniciar_tabla_mysql' retrieved from /opt/airflow/dags/mysql_start_table.py
[2025-05-10T14:39:48.862+0000] {logging_mixin.py:188} INFO - [2025-05-10T14:39:48.862+0000] {dag.py:3096} INFO - Sync 1 DAGs
[2025-05-10T14:39:48.887+0000] {logging_mixin.py:188} INFO - [2025-05-10T14:39:48.887+0000] {dag.py:3954} INFO - Setting next_dagrun for iniciar_tabla_mysql to None, run_after=None
[2025-05-10T14:39:48.951+0000] {processor.py:183} INFO - Processing /opt/airflow/dags/mysql_start_table.py took 0.308 seconds
[2025-05-10T14:40:19.346+0000] {processor.py:161} INFO - Started process (PID=308) to work on /opt/airflow/dags/mysql_start_table.py
[2025-05-10T14:40:19.351+0000] {processor.py:830} INFO - Processing file /opt/airflow/dags/mysql_start_table.py for tasks to queue
[2025-05-10T14:40:19.357+0000] {logging_mixin.py:188} INFO - [2025-05-10T14:40:19.356+0000] {dagbag.py:540} INFO - Filling up the DagBag from /opt/airflow/dags/mysql_start_table.py
[2025-05-10T14:40:19.384+0000] {processor.py:840} INFO - DAG(s) 'iniciar_tabla_mysql' retrieved from /opt/airflow/dags/mysql_start_table.py
[2025-05-10T14:40:19.510+0000] {logging_mixin.py:188} INFO - [2025-05-10T14:40:19.509+0000] {dag.py:3096} INFO - Sync 1 DAGs
[2025-05-10T14:40:19.567+0000] {logging_mixin.py:188} INFO - [2025-05-10T14:40:19.566+0000] {dag.py:3954} INFO - Setting next_dagrun for iniciar_tabla_mysql to None, run_after=None
[2025-05-10T14:40:19.656+0000] {processor.py:183} INFO - Processing /opt/airflow/dags/mysql_start_table.py took 0.369 seconds
[2025-05-10T14:40:49.914+0000] {processor.py:161} INFO - Started process (PID=331) to work on /opt/airflow/dags/mysql_start_table.py
[2025-05-10T14:40:49.916+0000] {processor.py:830} INFO - Processing file /opt/airflow/dags/mysql_start_table.py for tasks to queue
[2025-05-10T14:40:49.920+0000] {logging_mixin.py:188} INFO - [2025-05-10T14:40:49.919+0000] {dagbag.py:540} INFO - Filling up the DagBag from /opt/airflow/dags/mysql_start_table.py
[2025-05-10T14:40:49.937+0000] {processor.py:840} INFO - DAG(s) 'iniciar_tabla_mysql' retrieved from /opt/airflow/dags/mysql_start_table.py
[2025-05-10T14:40:49.988+0000] {logging_mixin.py:188} INFO - [2025-05-10T14:40:49.988+0000] {dag.py:3096} INFO - Sync 1 DAGs
[2025-05-10T14:40:50.015+0000] {logging_mixin.py:188} INFO - [2025-05-10T14:40:50.015+0000] {dag.py:3954} INFO - Setting next_dagrun for iniciar_tabla_mysql to None, run_after=None
[2025-05-10T14:40:50.046+0000] {processor.py:183} INFO - Processing /opt/airflow/dags/mysql_start_table.py took 0.146 seconds
[2025-05-10T14:41:20.575+0000] {processor.py:161} INFO - Started process (PID=348) to work on /opt/airflow/dags/mysql_start_table.py
[2025-05-10T14:41:20.580+0000] {processor.py:830} INFO - Processing file /opt/airflow/dags/mysql_start_table.py for tasks to queue
[2025-05-10T14:41:20.591+0000] {logging_mixin.py:188} INFO - [2025-05-10T14:41:20.587+0000] {dagbag.py:540} INFO - Filling up the DagBag from /opt/airflow/dags/mysql_start_table.py
[2025-05-10T14:41:20.625+0000] {processor.py:840} INFO - DAG(s) 'iniciar_tabla_mysql' retrieved from /opt/airflow/dags/mysql_start_table.py
[2025-05-10T14:41:20.832+0000] {logging_mixin.py:188} INFO - [2025-05-10T14:41:20.829+0000] {dag.py:3096} INFO - Sync 1 DAGs
[2025-05-10T14:41:20.873+0000] {logging_mixin.py:188} INFO - [2025-05-10T14:41:20.872+0000] {dag.py:3954} INFO - Setting next_dagrun for iniciar_tabla_mysql to None, run_after=None
[2025-05-10T14:41:20.980+0000] {processor.py:183} INFO - Processing /opt/airflow/dags/mysql_start_table.py took 0.496 seconds
[2025-05-10T14:41:51.689+0000] {processor.py:161} INFO - Started process (PID=366) to work on /opt/airflow/dags/mysql_start_table.py
[2025-05-10T14:41:51.692+0000] {processor.py:830} INFO - Processing file /opt/airflow/dags/mysql_start_table.py for tasks to queue
[2025-05-10T14:41:51.701+0000] {logging_mixin.py:188} INFO - [2025-05-10T14:41:51.698+0000] {dagbag.py:540} INFO - Filling up the DagBag from /opt/airflow/dags/mysql_start_table.py
[2025-05-10T14:41:51.722+0000] {processor.py:840} INFO - DAG(s) 'iniciar_tabla_mysql' retrieved from /opt/airflow/dags/mysql_start_table.py
[2025-05-10T14:41:51.787+0000] {logging_mixin.py:188} INFO - [2025-05-10T14:41:51.786+0000] {dag.py:3096} INFO - Sync 1 DAGs
[2025-05-10T14:41:51.813+0000] {logging_mixin.py:188} INFO - [2025-05-10T14:41:51.813+0000] {dag.py:3954} INFO - Setting next_dagrun for iniciar_tabla_mysql to None, run_after=None
[2025-05-10T14:41:51.870+0000] {processor.py:183} INFO - Processing /opt/airflow/dags/mysql_start_table.py took 0.195 seconds
[2025-05-10T14:42:22.128+0000] {processor.py:161} INFO - Started process (PID=386) to work on /opt/airflow/dags/mysql_start_table.py
[2025-05-10T14:42:22.133+0000] {processor.py:830} INFO - Processing file /opt/airflow/dags/mysql_start_table.py for tasks to queue
[2025-05-10T14:42:22.143+0000] {logging_mixin.py:188} INFO - [2025-05-10T14:42:22.141+0000] {dagbag.py:540} INFO - Filling up the DagBag from /opt/airflow/dags/mysql_start_table.py
[2025-05-10T14:42:22.173+0000] {processor.py:840} INFO - DAG(s) 'iniciar_tabla_mysql' retrieved from /opt/airflow/dags/mysql_start_table.py
[2025-05-10T14:42:22.271+0000] {logging_mixin.py:188} INFO - [2025-05-10T14:42:22.270+0000] {dag.py:3096} INFO - Sync 1 DAGs
[2025-05-10T14:42:22.306+0000] {logging_mixin.py:188} INFO - [2025-05-10T14:42:22.306+0000] {dag.py:3954} INFO - Setting next_dagrun for iniciar_tabla_mysql to None, run_after=None
[2025-05-10T14:42:22.354+0000] {processor.py:183} INFO - Processing /opt/airflow/dags/mysql_start_table.py took 0.243 seconds
[2025-05-10T14:42:53.197+0000] {processor.py:161} INFO - Started process (PID=405) to work on /opt/airflow/dags/mysql_start_table.py
[2025-05-10T14:42:53.200+0000] {processor.py:830} INFO - Processing file /opt/airflow/dags/mysql_start_table.py for tasks to queue
[2025-05-10T14:42:53.203+0000] {logging_mixin.py:188} INFO - [2025-05-10T14:42:53.203+0000] {dagbag.py:540} INFO - Filling up the DagBag from /opt/airflow/dags/mysql_start_table.py
[2025-05-10T14:42:53.228+0000] {processor.py:840} INFO - DAG(s) 'iniciar_tabla_mysql' retrieved from /opt/airflow/dags/mysql_start_table.py
[2025-05-10T14:42:53.313+0000] {logging_mixin.py:188} INFO - [2025-05-10T14:42:53.312+0000] {dag.py:3096} INFO - Sync 1 DAGs
[2025-05-10T14:42:53.350+0000] {logging_mixin.py:188} INFO - [2025-05-10T14:42:53.349+0000] {dag.py:3954} INFO - Setting next_dagrun for iniciar_tabla_mysql to None, run_after=None
[2025-05-10T14:42:53.416+0000] {processor.py:183} INFO - Processing /opt/airflow/dags/mysql_start_table.py took 0.235 seconds
[2025-05-10T14:43:24.346+0000] {processor.py:161} INFO - Started process (PID=425) to work on /opt/airflow/dags/mysql_start_table.py
[2025-05-10T14:43:24.349+0000] {processor.py:830} INFO - Processing file /opt/airflow/dags/mysql_start_table.py for tasks to queue
[2025-05-10T14:43:24.353+0000] {logging_mixin.py:188} INFO - [2025-05-10T14:43:24.352+0000] {dagbag.py:540} INFO - Filling up the DagBag from /opt/airflow/dags/mysql_start_table.py
[2025-05-10T14:43:24.374+0000] {processor.py:840} INFO - DAG(s) 'iniciar_tabla_mysql' retrieved from /opt/airflow/dags/mysql_start_table.py
[2025-05-10T14:43:24.470+0000] {logging_mixin.py:188} INFO - [2025-05-10T14:43:24.469+0000] {dag.py:3096} INFO - Sync 1 DAGs
[2025-05-10T14:43:24.518+0000] {logging_mixin.py:188} INFO - [2025-05-10T14:43:24.515+0000] {dag.py:3954} INFO - Setting next_dagrun for iniciar_tabla_mysql to None, run_after=None
[2025-05-10T14:43:24.616+0000] {processor.py:183} INFO - Processing /opt/airflow/dags/mysql_start_table.py took 0.292 seconds
[2025-05-10T14:43:54.915+0000] {processor.py:161} INFO - Started process (PID=445) to work on /opt/airflow/dags/mysql_start_table.py
[2025-05-10T14:43:54.917+0000] {processor.py:830} INFO - Processing file /opt/airflow/dags/mysql_start_table.py for tasks to queue
[2025-05-10T14:43:54.921+0000] {logging_mixin.py:188} INFO - [2025-05-10T14:43:54.921+0000] {dagbag.py:540} INFO - Filling up the DagBag from /opt/airflow/dags/mysql_start_table.py
[2025-05-10T14:43:54.939+0000] {processor.py:840} INFO - DAG(s) 'iniciar_tabla_mysql' retrieved from /opt/airflow/dags/mysql_start_table.py
[2025-05-10T14:43:55.001+0000] {logging_mixin.py:188} INFO - [2025-05-10T14:43:55.000+0000] {dag.py:3096} INFO - Sync 1 DAGs
[2025-05-10T14:43:55.026+0000] {logging_mixin.py:188} INFO - [2025-05-10T14:43:55.026+0000] {dag.py:3954} INFO - Setting next_dagrun for iniciar_tabla_mysql to None, run_after=None
[2025-05-10T14:43:55.136+0000] {processor.py:183} INFO - Processing /opt/airflow/dags/mysql_start_table.py took 0.235 seconds
[2025-05-10T14:44:25.771+0000] {processor.py:161} INFO - Started process (PID=465) to work on /opt/airflow/dags/mysql_start_table.py
[2025-05-10T14:44:25.781+0000] {processor.py:830} INFO - Processing file /opt/airflow/dags/mysql_start_table.py for tasks to queue
[2025-05-10T14:44:25.804+0000] {logging_mixin.py:188} INFO - [2025-05-10T14:44:25.799+0000] {dagbag.py:540} INFO - Filling up the DagBag from /opt/airflow/dags/mysql_start_table.py
[2025-05-10T14:44:25.881+0000] {processor.py:840} INFO - DAG(s) 'iniciar_tabla_mysql' retrieved from /opt/airflow/dags/mysql_start_table.py
[2025-05-10T14:44:26.251+0000] {logging_mixin.py:188} INFO - [2025-05-10T14:44:26.247+0000] {dag.py:3096} INFO - Sync 1 DAGs
[2025-05-10T14:44:26.451+0000] {logging_mixin.py:188} INFO - [2025-05-10T14:44:26.445+0000] {dag.py:3954} INFO - Setting next_dagrun for iniciar_tabla_mysql to None, run_after=None
[2025-05-10T14:44:26.708+0000] {processor.py:183} INFO - Processing /opt/airflow/dags/mysql_start_table.py took 1.039 seconds
[2025-05-10T14:44:57.566+0000] {processor.py:161} INFO - Started process (PID=479) to work on /opt/airflow/dags/mysql_start_table.py
[2025-05-10T14:44:57.569+0000] {processor.py:830} INFO - Processing file /opt/airflow/dags/mysql_start_table.py for tasks to queue
[2025-05-10T14:44:57.576+0000] {logging_mixin.py:188} INFO - [2025-05-10T14:44:57.575+0000] {dagbag.py:540} INFO - Filling up the DagBag from /opt/airflow/dags/mysql_start_table.py
[2025-05-10T14:44:57.617+0000] {processor.py:840} INFO - DAG(s) 'iniciar_tabla_mysql' retrieved from /opt/airflow/dags/mysql_start_table.py
[2025-05-10T14:44:57.739+0000] {logging_mixin.py:188} INFO - [2025-05-10T14:44:57.738+0000] {dag.py:3096} INFO - Sync 1 DAGs
[2025-05-10T14:44:57.775+0000] {logging_mixin.py:188} INFO - [2025-05-10T14:44:57.773+0000] {dag.py:3954} INFO - Setting next_dagrun for iniciar_tabla_mysql to None, run_after=None
[2025-05-10T14:44:57.830+0000] {processor.py:183} INFO - Processing /opt/airflow/dags/mysql_start_table.py took 0.291 seconds
[2025-05-10T14:45:28.148+0000] {processor.py:161} INFO - Started process (PID=499) to work on /opt/airflow/dags/mysql_start_table.py
[2025-05-10T14:45:28.150+0000] {processor.py:830} INFO - Processing file /opt/airflow/dags/mysql_start_table.py for tasks to queue
[2025-05-10T14:45:28.155+0000] {logging_mixin.py:188} INFO - [2025-05-10T14:45:28.155+0000] {dagbag.py:540} INFO - Filling up the DagBag from /opt/airflow/dags/mysql_start_table.py
[2025-05-10T14:45:28.176+0000] {processor.py:840} INFO - DAG(s) 'iniciar_tabla_mysql' retrieved from /opt/airflow/dags/mysql_start_table.py
[2025-05-10T14:45:28.306+0000] {logging_mixin.py:188} INFO - [2025-05-10T14:45:28.305+0000] {dag.py:3096} INFO - Sync 1 DAGs
[2025-05-10T14:45:28.331+0000] {logging_mixin.py:188} INFO - [2025-05-10T14:45:28.331+0000] {dag.py:3954} INFO - Setting next_dagrun for iniciar_tabla_mysql to None, run_after=None
[2025-05-10T14:45:28.422+0000] {processor.py:183} INFO - Processing /opt/airflow/dags/mysql_start_table.py took 0.295 seconds
[2025-05-10T14:45:58.883+0000] {processor.py:161} INFO - Started process (PID=519) to work on /opt/airflow/dags/mysql_start_table.py
[2025-05-10T14:45:58.886+0000] {processor.py:830} INFO - Processing file /opt/airflow/dags/mysql_start_table.py for tasks to queue
[2025-05-10T14:45:58.891+0000] {logging_mixin.py:188} INFO - [2025-05-10T14:45:58.890+0000] {dagbag.py:540} INFO - Filling up the DagBag from /opt/airflow/dags/mysql_start_table.py
[2025-05-10T14:45:58.925+0000] {processor.py:840} INFO - DAG(s) 'iniciar_tabla_mysql' retrieved from /opt/airflow/dags/mysql_start_table.py
[2025-05-10T14:45:59.043+0000] {logging_mixin.py:188} INFO - [2025-05-10T14:45:59.042+0000] {dag.py:3096} INFO - Sync 1 DAGs
[2025-05-10T14:45:59.096+0000] {logging_mixin.py:188} INFO - [2025-05-10T14:45:59.096+0000] {dag.py:3954} INFO - Setting next_dagrun for iniciar_tabla_mysql to None, run_after=None
[2025-05-10T14:45:59.182+0000] {processor.py:183} INFO - Processing /opt/airflow/dags/mysql_start_table.py took 0.348 seconds
[2025-05-10T14:46:29.898+0000] {processor.py:161} INFO - Started process (PID=537) to work on /opt/airflow/dags/mysql_start_table.py
[2025-05-10T14:46:29.899+0000] {processor.py:830} INFO - Processing file /opt/airflow/dags/mysql_start_table.py for tasks to queue
[2025-05-10T14:46:29.903+0000] {logging_mixin.py:188} INFO - [2025-05-10T14:46:29.902+0000] {dagbag.py:540} INFO - Filling up the DagBag from /opt/airflow/dags/mysql_start_table.py
[2025-05-10T14:46:29.930+0000] {processor.py:840} INFO - DAG(s) 'iniciar_tabla_mysql' retrieved from /opt/airflow/dags/mysql_start_table.py
[2025-05-10T14:46:30.042+0000] {logging_mixin.py:188} INFO - [2025-05-10T14:46:30.042+0000] {dag.py:3096} INFO - Sync 1 DAGs
[2025-05-10T14:46:30.083+0000] {logging_mixin.py:188} INFO - [2025-05-10T14:46:30.082+0000] {dag.py:3954} INFO - Setting next_dagrun for iniciar_tabla_mysql to None, run_after=None
[2025-05-10T14:46:30.224+0000] {processor.py:183} INFO - Processing /opt/airflow/dags/mysql_start_table.py took 0.368 seconds
[2025-05-10T14:47:00.905+0000] {processor.py:161} INFO - Started process (PID=552) to work on /opt/airflow/dags/mysql_start_table.py
[2025-05-10T14:47:00.908+0000] {processor.py:830} INFO - Processing file /opt/airflow/dags/mysql_start_table.py for tasks to queue
[2025-05-10T14:47:00.913+0000] {logging_mixin.py:188} INFO - [2025-05-10T14:47:00.912+0000] {dagbag.py:540} INFO - Filling up the DagBag from /opt/airflow/dags/mysql_start_table.py
[2025-05-10T14:47:00.938+0000] {processor.py:840} INFO - DAG(s) 'iniciar_tabla_mysql' retrieved from /opt/airflow/dags/mysql_start_table.py
[2025-05-10T14:47:01.726+0000] {logging_mixin.py:188} INFO - [2025-05-10T14:47:01.725+0000] {dag.py:3096} INFO - Sync 1 DAGs
[2025-05-10T14:47:01.820+0000] {logging_mixin.py:188} INFO - [2025-05-10T14:47:01.820+0000] {dag.py:3954} INFO - Setting next_dagrun for iniciar_tabla_mysql to None, run_after=None
[2025-05-10T14:47:01.946+0000] {processor.py:183} INFO - Processing /opt/airflow/dags/mysql_start_table.py took 1.062 seconds
[2025-05-10T14:47:32.618+0000] {processor.py:161} INFO - Started process (PID=572) to work on /opt/airflow/dags/mysql_start_table.py
[2025-05-10T14:47:32.621+0000] {processor.py:830} INFO - Processing file /opt/airflow/dags/mysql_start_table.py for tasks to queue
[2025-05-10T14:47:32.653+0000] {logging_mixin.py:188} INFO - [2025-05-10T14:47:32.648+0000] {dagbag.py:540} INFO - Filling up the DagBag from /opt/airflow/dags/mysql_start_table.py
[2025-05-10T14:47:32.808+0000] {processor.py:840} INFO - DAG(s) 'iniciar_tabla_mysql' retrieved from /opt/airflow/dags/mysql_start_table.py
[2025-05-10T14:47:33.077+0000] {logging_mixin.py:188} INFO - [2025-05-10T14:47:33.076+0000] {dag.py:3096} INFO - Sync 1 DAGs
[2025-05-10T14:47:33.144+0000] {logging_mixin.py:188} INFO - [2025-05-10T14:47:33.144+0000] {dag.py:3954} INFO - Setting next_dagrun for iniciar_tabla_mysql to None, run_after=None
[2025-05-10T14:47:33.317+0000] {processor.py:183} INFO - Processing /opt/airflow/dags/mysql_start_table.py took 0.798 seconds
[2025-05-10T14:48:03.850+0000] {processor.py:161} INFO - Started process (PID=591) to work on /opt/airflow/dags/mysql_start_table.py
[2025-05-10T14:48:03.855+0000] {processor.py:830} INFO - Processing file /opt/airflow/dags/mysql_start_table.py for tasks to queue
[2025-05-10T14:48:03.871+0000] {logging_mixin.py:188} INFO - [2025-05-10T14:48:03.867+0000] {dagbag.py:540} INFO - Filling up the DagBag from /opt/airflow/dags/mysql_start_table.py
[2025-05-10T14:48:03.976+0000] {processor.py:840} INFO - DAG(s) 'iniciar_tabla_mysql' retrieved from /opt/airflow/dags/mysql_start_table.py
[2025-05-10T14:48:04.151+0000] {logging_mixin.py:188} INFO - [2025-05-10T14:48:04.150+0000] {dag.py:3096} INFO - Sync 1 DAGs
[2025-05-10T14:48:04.227+0000] {logging_mixin.py:188} INFO - [2025-05-10T14:48:04.227+0000] {dag.py:3954} INFO - Setting next_dagrun for iniciar_tabla_mysql to None, run_after=None
[2025-05-10T14:48:04.361+0000] {processor.py:183} INFO - Processing /opt/airflow/dags/mysql_start_table.py took 0.543 seconds
[2025-05-10T14:48:34.743+0000] {processor.py:161} INFO - Started process (PID=612) to work on /opt/airflow/dags/mysql_start_table.py
[2025-05-10T14:48:34.755+0000] {processor.py:830} INFO - Processing file /opt/airflow/dags/mysql_start_table.py for tasks to queue
[2025-05-10T14:48:34.770+0000] {logging_mixin.py:188} INFO - [2025-05-10T14:48:34.769+0000] {dagbag.py:540} INFO - Filling up the DagBag from /opt/airflow/dags/mysql_start_table.py
[2025-05-10T14:48:34.811+0000] {processor.py:840} INFO - DAG(s) 'iniciar_tabla_mysql' retrieved from /opt/airflow/dags/mysql_start_table.py
[2025-05-10T14:48:35.206+0000] {logging_mixin.py:188} INFO - [2025-05-10T14:48:35.196+0000] {dag.py:3096} INFO - Sync 1 DAGs
[2025-05-10T14:48:35.420+0000] {logging_mixin.py:188} INFO - [2025-05-10T14:48:35.419+0000] {dag.py:3954} INFO - Setting next_dagrun for iniciar_tabla_mysql to None, run_after=None
[2025-05-10T14:48:35.701+0000] {processor.py:183} INFO - Processing /opt/airflow/dags/mysql_start_table.py took 0.988 seconds
[2025-05-10T14:49:06.505+0000] {processor.py:161} INFO - Started process (PID=638) to work on /opt/airflow/dags/mysql_start_table.py
[2025-05-10T14:49:06.508+0000] {processor.py:830} INFO - Processing file /opt/airflow/dags/mysql_start_table.py for tasks to queue
[2025-05-10T14:49:06.513+0000] {logging_mixin.py:188} INFO - [2025-05-10T14:49:06.512+0000] {dagbag.py:540} INFO - Filling up the DagBag from /opt/airflow/dags/mysql_start_table.py
[2025-05-10T14:49:06.580+0000] {processor.py:840} INFO - DAG(s) 'iniciar_tabla_mysql' retrieved from /opt/airflow/dags/mysql_start_table.py
[2025-05-10T14:49:06.936+0000] {logging_mixin.py:188} INFO - [2025-05-10T14:49:06.935+0000] {dag.py:3096} INFO - Sync 1 DAGs
[2025-05-10T14:49:06.986+0000] {logging_mixin.py:188} INFO - [2025-05-10T14:49:06.981+0000] {dag.py:3954} INFO - Setting next_dagrun for iniciar_tabla_mysql to None, run_after=None
[2025-05-10T14:49:07.160+0000] {processor.py:183} INFO - Processing /opt/airflow/dags/mysql_start_table.py took 0.681 seconds
[2025-05-10T14:49:37.568+0000] {processor.py:161} INFO - Started process (PID=653) to work on /opt/airflow/dags/mysql_start_table.py
[2025-05-10T14:49:37.570+0000] {processor.py:830} INFO - Processing file /opt/airflow/dags/mysql_start_table.py for tasks to queue
[2025-05-10T14:49:37.574+0000] {logging_mixin.py:188} INFO - [2025-05-10T14:49:37.574+0000] {dagbag.py:540} INFO - Filling up the DagBag from /opt/airflow/dags/mysql_start_table.py
[2025-05-10T14:49:37.597+0000] {processor.py:840} INFO - DAG(s) 'iniciar_tabla_mysql' retrieved from /opt/airflow/dags/mysql_start_table.py
[2025-05-10T14:49:37.658+0000] {logging_mixin.py:188} INFO - [2025-05-10T14:49:37.658+0000] {dag.py:3096} INFO - Sync 1 DAGs
[2025-05-10T14:49:37.680+0000] {logging_mixin.py:188} INFO - [2025-05-10T14:49:37.680+0000] {dag.py:3954} INFO - Setting next_dagrun for iniciar_tabla_mysql to None, run_after=None
[2025-05-10T14:49:37.720+0000] {processor.py:183} INFO - Processing /opt/airflow/dags/mysql_start_table.py took 0.172 seconds
[2025-05-10T14:50:08.266+0000] {processor.py:161} INFO - Started process (PID=673) to work on /opt/airflow/dags/mysql_start_table.py
[2025-05-10T14:50:08.269+0000] {processor.py:830} INFO - Processing file /opt/airflow/dags/mysql_start_table.py for tasks to queue
[2025-05-10T14:50:08.274+0000] {logging_mixin.py:188} INFO - [2025-05-10T14:50:08.274+0000] {dagbag.py:540} INFO - Filling up the DagBag from /opt/airflow/dags/mysql_start_table.py
[2025-05-10T14:50:08.308+0000] {processor.py:840} INFO - DAG(s) 'iniciar_tabla_mysql' retrieved from /opt/airflow/dags/mysql_start_table.py
[2025-05-10T14:50:08.439+0000] {logging_mixin.py:188} INFO - [2025-05-10T14:50:08.438+0000] {dag.py:3096} INFO - Sync 1 DAGs
[2025-05-10T14:50:08.467+0000] {logging_mixin.py:188} INFO - [2025-05-10T14:50:08.467+0000] {dag.py:3954} INFO - Setting next_dagrun for iniciar_tabla_mysql to None, run_after=None
[2025-05-10T14:50:08.620+0000] {processor.py:183} INFO - Processing /opt/airflow/dags/mysql_start_table.py took 0.375 seconds
[2025-05-10T14:50:39.068+0000] {processor.py:161} INFO - Started process (PID=693) to work on /opt/airflow/dags/mysql_start_table.py
[2025-05-10T14:50:39.071+0000] {processor.py:830} INFO - Processing file /opt/airflow/dags/mysql_start_table.py for tasks to queue
[2025-05-10T14:50:39.078+0000] {logging_mixin.py:188} INFO - [2025-05-10T14:50:39.077+0000] {dagbag.py:540} INFO - Filling up the DagBag from /opt/airflow/dags/mysql_start_table.py
[2025-05-10T14:50:39.102+0000] {processor.py:840} INFO - DAG(s) 'iniciar_tabla_mysql' retrieved from /opt/airflow/dags/mysql_start_table.py
[2025-05-10T14:50:39.220+0000] {logging_mixin.py:188} INFO - [2025-05-10T14:50:39.220+0000] {dag.py:3096} INFO - Sync 1 DAGs
[2025-05-10T14:50:39.271+0000] {logging_mixin.py:188} INFO - [2025-05-10T14:50:39.270+0000] {dag.py:3954} INFO - Setting next_dagrun for iniciar_tabla_mysql to None, run_after=None
[2025-05-10T14:50:39.329+0000] {processor.py:183} INFO - Processing /opt/airflow/dags/mysql_start_table.py took 0.281 seconds
[2025-05-10T14:51:10.341+0000] {processor.py:161} INFO - Started process (PID=713) to work on /opt/airflow/dags/mysql_start_table.py
[2025-05-10T14:51:10.346+0000] {processor.py:830} INFO - Processing file /opt/airflow/dags/mysql_start_table.py for tasks to queue
[2025-05-10T14:51:10.358+0000] {logging_mixin.py:188} INFO - [2025-05-10T14:51:10.357+0000] {dagbag.py:540} INFO - Filling up the DagBag from /opt/airflow/dags/mysql_start_table.py
[2025-05-10T14:51:10.385+0000] {processor.py:840} INFO - DAG(s) 'iniciar_tabla_mysql' retrieved from /opt/airflow/dags/mysql_start_table.py
[2025-05-10T14:51:10.456+0000] {logging_mixin.py:188} INFO - [2025-05-10T14:51:10.455+0000] {dag.py:3096} INFO - Sync 1 DAGs
[2025-05-10T14:51:10.487+0000] {logging_mixin.py:188} INFO - [2025-05-10T14:51:10.487+0000] {dag.py:3954} INFO - Setting next_dagrun for iniciar_tabla_mysql to None, run_after=None
[2025-05-10T14:51:10.542+0000] {processor.py:183} INFO - Processing /opt/airflow/dags/mysql_start_table.py took 0.223 seconds
[2025-05-10T14:51:40.621+0000] {processor.py:161} INFO - Started process (PID=733) to work on /opt/airflow/dags/mysql_start_table.py
[2025-05-10T14:51:40.627+0000] {processor.py:830} INFO - Processing file /opt/airflow/dags/mysql_start_table.py for tasks to queue
[2025-05-10T14:51:40.632+0000] {logging_mixin.py:188} INFO - [2025-05-10T14:51:40.631+0000] {dagbag.py:540} INFO - Filling up the DagBag from /opt/airflow/dags/mysql_start_table.py
[2025-05-10T14:51:40.655+0000] {processor.py:840} INFO - DAG(s) 'iniciar_tabla_mysql' retrieved from /opt/airflow/dags/mysql_start_table.py
[2025-05-10T14:51:40.766+0000] {logging_mixin.py:188} INFO - [2025-05-10T14:51:40.765+0000] {dag.py:3096} INFO - Sync 1 DAGs
[2025-05-10T14:51:40.793+0000] {logging_mixin.py:188} INFO - [2025-05-10T14:51:40.793+0000] {dag.py:3954} INFO - Setting next_dagrun for iniciar_tabla_mysql to None, run_after=None
[2025-05-10T14:51:40.875+0000] {processor.py:183} INFO - Processing /opt/airflow/dags/mysql_start_table.py took 0.269 seconds
[2025-05-10T14:52:11.166+0000] {processor.py:161} INFO - Started process (PID=752) to work on /opt/airflow/dags/mysql_start_table.py
[2025-05-10T14:52:11.172+0000] {processor.py:830} INFO - Processing file /opt/airflow/dags/mysql_start_table.py for tasks to queue
[2025-05-10T14:52:11.183+0000] {logging_mixin.py:188} INFO - [2025-05-10T14:52:11.178+0000] {dagbag.py:540} INFO - Filling up the DagBag from /opt/airflow/dags/mysql_start_table.py
[2025-05-10T14:52:11.245+0000] {processor.py:840} INFO - DAG(s) 'iniciar_tabla_mysql' retrieved from /opt/airflow/dags/mysql_start_table.py
[2025-05-10T14:52:11.456+0000] {logging_mixin.py:188} INFO - [2025-05-10T14:52:11.456+0000] {dag.py:3096} INFO - Sync 1 DAGs
[2025-05-10T14:52:11.494+0000] {logging_mixin.py:188} INFO - [2025-05-10T14:52:11.494+0000] {dag.py:3954} INFO - Setting next_dagrun for iniciar_tabla_mysql to None, run_after=None
[2025-05-10T14:52:11.660+0000] {processor.py:183} INFO - Processing /opt/airflow/dags/mysql_start_table.py took 0.525 seconds
[2025-05-10T14:52:41.798+0000] {processor.py:161} INFO - Started process (PID=767) to work on /opt/airflow/dags/mysql_start_table.py
[2025-05-10T14:52:41.801+0000] {processor.py:830} INFO - Processing file /opt/airflow/dags/mysql_start_table.py for tasks to queue
[2025-05-10T14:52:41.806+0000] {logging_mixin.py:188} INFO - [2025-05-10T14:52:41.806+0000] {dagbag.py:540} INFO - Filling up the DagBag from /opt/airflow/dags/mysql_start_table.py
[2025-05-10T14:52:41.828+0000] {processor.py:840} INFO - DAG(s) 'iniciar_tabla_mysql' retrieved from /opt/airflow/dags/mysql_start_table.py
[2025-05-10T14:52:41.960+0000] {logging_mixin.py:188} INFO - [2025-05-10T14:52:41.960+0000] {dag.py:3096} INFO - Sync 1 DAGs
[2025-05-10T14:52:41.987+0000] {logging_mixin.py:188} INFO - [2025-05-10T14:52:41.987+0000] {dag.py:3954} INFO - Setting next_dagrun for iniciar_tabla_mysql to None, run_after=None
[2025-05-10T14:52:42.037+0000] {processor.py:183} INFO - Processing /opt/airflow/dags/mysql_start_table.py took 0.261 seconds
[2025-05-10T14:53:12.310+0000] {processor.py:161} INFO - Started process (PID=786) to work on /opt/airflow/dags/mysql_start_table.py
[2025-05-10T14:53:12.314+0000] {processor.py:830} INFO - Processing file /opt/airflow/dags/mysql_start_table.py for tasks to queue
[2025-05-10T14:53:12.320+0000] {logging_mixin.py:188} INFO - [2025-05-10T14:53:12.318+0000] {dagbag.py:540} INFO - Filling up the DagBag from /opt/airflow/dags/mysql_start_table.py
[2025-05-10T14:53:12.344+0000] {processor.py:840} INFO - DAG(s) 'iniciar_tabla_mysql' retrieved from /opt/airflow/dags/mysql_start_table.py
[2025-05-10T14:53:12.443+0000] {logging_mixin.py:188} INFO - [2025-05-10T14:53:12.442+0000] {dag.py:3096} INFO - Sync 1 DAGs
[2025-05-10T14:53:12.473+0000] {logging_mixin.py:188} INFO - [2025-05-10T14:53:12.473+0000] {dag.py:3954} INFO - Setting next_dagrun for iniciar_tabla_mysql to None, run_after=None
[2025-05-10T14:53:12.562+0000] {processor.py:183} INFO - Processing /opt/airflow/dags/mysql_start_table.py took 0.273 seconds
[2025-05-10T14:53:42.942+0000] {processor.py:161} INFO - Started process (PID=802) to work on /opt/airflow/dags/mysql_start_table.py
[2025-05-10T14:53:42.945+0000] {processor.py:830} INFO - Processing file /opt/airflow/dags/mysql_start_table.py for tasks to queue
[2025-05-10T14:53:42.952+0000] {logging_mixin.py:188} INFO - [2025-05-10T14:53:42.952+0000] {dagbag.py:540} INFO - Filling up the DagBag from /opt/airflow/dags/mysql_start_table.py
[2025-05-10T14:53:43.041+0000] {processor.py:840} INFO - DAG(s) 'iniciar_tabla_mysql' retrieved from /opt/airflow/dags/mysql_start_table.py
[2025-05-10T14:53:43.383+0000] {logging_mixin.py:188} INFO - [2025-05-10T14:53:43.382+0000] {dag.py:3096} INFO - Sync 1 DAGs
[2025-05-10T14:53:43.493+0000] {logging_mixin.py:188} INFO - [2025-05-10T14:53:43.491+0000] {dag.py:3954} INFO - Setting next_dagrun for iniciar_tabla_mysql to None, run_after=None
[2025-05-10T14:53:43.853+0000] {processor.py:183} INFO - Processing /opt/airflow/dags/mysql_start_table.py took 0.945 seconds
[2025-05-10T14:54:14.273+0000] {processor.py:161} INFO - Started process (PID=820) to work on /opt/airflow/dags/mysql_start_table.py
[2025-05-10T14:54:14.275+0000] {processor.py:830} INFO - Processing file /opt/airflow/dags/mysql_start_table.py for tasks to queue
[2025-05-10T14:54:14.278+0000] {logging_mixin.py:188} INFO - [2025-05-10T14:54:14.278+0000] {dagbag.py:540} INFO - Filling up the DagBag from /opt/airflow/dags/mysql_start_table.py
[2025-05-10T14:54:14.300+0000] {processor.py:840} INFO - DAG(s) 'iniciar_tabla_mysql' retrieved from /opt/airflow/dags/mysql_start_table.py
[2025-05-10T14:54:14.393+0000] {logging_mixin.py:188} INFO - [2025-05-10T14:54:14.392+0000] {dag.py:3096} INFO - Sync 1 DAGs
[2025-05-10T14:54:14.435+0000] {logging_mixin.py:188} INFO - [2025-05-10T14:54:14.434+0000] {dag.py:3954} INFO - Setting next_dagrun for iniciar_tabla_mysql to None, run_after=None
[2025-05-10T14:54:14.495+0000] {processor.py:183} INFO - Processing /opt/airflow/dags/mysql_start_table.py took 0.242 seconds
[2025-05-10T14:54:44.861+0000] {processor.py:161} INFO - Started process (PID=840) to work on /opt/airflow/dags/mysql_start_table.py
[2025-05-10T14:54:44.869+0000] {processor.py:830} INFO - Processing file /opt/airflow/dags/mysql_start_table.py for tasks to queue
[2025-05-10T14:54:44.881+0000] {logging_mixin.py:188} INFO - [2025-05-10T14:54:44.880+0000] {dagbag.py:540} INFO - Filling up the DagBag from /opt/airflow/dags/mysql_start_table.py
[2025-05-10T14:54:44.951+0000] {processor.py:840} INFO - DAG(s) 'iniciar_tabla_mysql' retrieved from /opt/airflow/dags/mysql_start_table.py
[2025-05-10T14:54:45.062+0000] {logging_mixin.py:188} INFO - [2025-05-10T14:54:45.061+0000] {dag.py:3096} INFO - Sync 1 DAGs
[2025-05-10T14:54:45.127+0000] {logging_mixin.py:188} INFO - [2025-05-10T14:54:45.124+0000] {dag.py:3954} INFO - Setting next_dagrun for iniciar_tabla_mysql to None, run_after=None
[2025-05-10T14:54:45.261+0000] {processor.py:183} INFO - Processing /opt/airflow/dags/mysql_start_table.py took 0.455 seconds
[2025-05-10T14:55:16.097+0000] {processor.py:161} INFO - Started process (PID=860) to work on /opt/airflow/dags/mysql_start_table.py
[2025-05-10T14:55:16.099+0000] {processor.py:830} INFO - Processing file /opt/airflow/dags/mysql_start_table.py for tasks to queue
[2025-05-10T14:55:16.102+0000] {logging_mixin.py:188} INFO - [2025-05-10T14:55:16.102+0000] {dagbag.py:540} INFO - Filling up the DagBag from /opt/airflow/dags/mysql_start_table.py
[2025-05-10T14:55:16.123+0000] {processor.py:840} INFO - DAG(s) 'iniciar_tabla_mysql' retrieved from /opt/airflow/dags/mysql_start_table.py
[2025-05-10T14:55:16.229+0000] {logging_mixin.py:188} INFO - [2025-05-10T14:55:16.229+0000] {dag.py:3096} INFO - Sync 1 DAGs
[2025-05-10T14:55:16.278+0000] {logging_mixin.py:188} INFO - [2025-05-10T14:55:16.278+0000] {dag.py:3954} INFO - Setting next_dagrun for iniciar_tabla_mysql to None, run_after=None
[2025-05-10T14:55:16.346+0000] {processor.py:183} INFO - Processing /opt/airflow/dags/mysql_start_table.py took 0.263 seconds
[2025-05-10T14:55:46.947+0000] {processor.py:161} INFO - Started process (PID=881) to work on /opt/airflow/dags/mysql_start_table.py
[2025-05-10T14:55:46.952+0000] {processor.py:830} INFO - Processing file /opt/airflow/dags/mysql_start_table.py for tasks to queue
[2025-05-10T14:55:46.963+0000] {logging_mixin.py:188} INFO - [2025-05-10T14:55:46.960+0000] {dagbag.py:540} INFO - Filling up the DagBag from /opt/airflow/dags/mysql_start_table.py
[2025-05-10T14:55:47.010+0000] {processor.py:840} INFO - DAG(s) 'iniciar_tabla_mysql' retrieved from /opt/airflow/dags/mysql_start_table.py
[2025-05-10T14:55:47.163+0000] {logging_mixin.py:188} INFO - [2025-05-10T14:55:47.162+0000] {dag.py:3096} INFO - Sync 1 DAGs
[2025-05-10T14:55:47.212+0000] {logging_mixin.py:188} INFO - [2025-05-10T14:55:47.211+0000] {dag.py:3954} INFO - Setting next_dagrun for iniciar_tabla_mysql to None, run_after=None
[2025-05-10T14:55:47.296+0000] {processor.py:183} INFO - Processing /opt/airflow/dags/mysql_start_table.py took 0.384 seconds
[2025-05-10T14:56:17.431+0000] {processor.py:161} INFO - Started process (PID=901) to work on /opt/airflow/dags/mysql_start_table.py
[2025-05-10T14:56:17.435+0000] {processor.py:830} INFO - Processing file /opt/airflow/dags/mysql_start_table.py for tasks to queue
[2025-05-10T14:56:17.445+0000] {logging_mixin.py:188} INFO - [2025-05-10T14:56:17.443+0000] {dagbag.py:540} INFO - Filling up the DagBag from /opt/airflow/dags/mysql_start_table.py
[2025-05-10T14:56:17.483+0000] {processor.py:840} INFO - DAG(s) 'iniciar_tabla_mysql' retrieved from /opt/airflow/dags/mysql_start_table.py
[2025-05-10T14:56:17.626+0000] {logging_mixin.py:188} INFO - [2025-05-10T14:56:17.626+0000] {dag.py:3096} INFO - Sync 1 DAGs
[2025-05-10T14:56:17.654+0000] {logging_mixin.py:188} INFO - [2025-05-10T14:56:17.654+0000] {dag.py:3954} INFO - Setting next_dagrun for iniciar_tabla_mysql to None, run_after=None
[2025-05-10T14:56:17.693+0000] {processor.py:183} INFO - Processing /opt/airflow/dags/mysql_start_table.py took 0.307 seconds
