[2025-05-10T14:34:13.249+0000] {manager.py:470} INFO - Processing files using up to 2 processes at a time 
[2025-05-10T14:34:13.254+0000] {manager.py:471} INFO - Process each file at most once every 30 seconds
[2025-05-10T14:34:13.254+0000] {manager.py:472} INFO - Checking for new files in /opt/airflow/dags every 300 seconds
[2025-05-10T14:34:13.255+0000] {manager.py:737} INFO - Searching for files in /opt/airflow/dags
[2025-05-10T14:34:13.267+0000] {manager.py:740} INFO - There are 5 files in /opt/airflow/dags
[2025-05-10T14:34:14.667+0000] {manager.py:878} INFO - 
================================================================================
DAG File Processing Stats

File Path                                    PID  Runtime      # DAGs    # Errors  Last Runtime    Last Run
-----------------------------------------  -----  ---------  --------  ----------  --------------  ----------
/opt/airflow/dags/fetch_and_store_data.py                           0           0
/opt/airflow/dags/preprocess.py               75  0.45s             0           0
/opt/airflow/dags/orchestrator.py                                   0           0
/opt/airflow/dags/mysql_start_table.py                              0           0
/opt/airflow/dags/model.py                    74  0.53s             0           0
================================================================================
[2025-05-10T14:34:45.076+0000] {manager.py:878} INFO - 
================================================================================
DAG File Processing Stats

File Path                                  PID    Runtime      # DAGs    # Errors  Last Runtime    Last Run
-----------------------------------------  -----  ---------  --------  ----------  --------------  -------------------
/opt/airflow/dags/model.py                                          1           0  22.69s          2025-05-10T14:34:36
/opt/airflow/dags/preprocess.py                                     1           0  21.58s          2025-05-10T14:34:35
/opt/airflow/dags/fetch_and_store_data.py                           1           0  4.26s           2025-05-10T14:34:40
/opt/airflow/dags/mysql_start_table.py                              1           0  2.39s           2025-05-10T14:34:39
/opt/airflow/dags/orchestrator.py                                   1           0  1.68s           2025-05-10T14:34:40
================================================================================
[2025-05-10T14:35:15.395+0000] {manager.py:878} INFO - 
================================================================================
DAG File Processing Stats

File Path                                  PID    Runtime      # DAGs    # Errors  Last Runtime    Last Run
-----------------------------------------  -----  ---------  --------  ----------  --------------  -------------------
/opt/airflow/dags/model.py                                          1           0  4.95s           2025-05-10T14:35:12
/opt/airflow/dags/preprocess.py                                     1           0  4.92s           2025-05-10T14:35:11
/opt/airflow/dags/fetch_and_store_data.py                           1           0  1.55s           2025-05-10T14:35:13
/opt/airflow/dags/orchestrator.py                                   1           0  0.63s           2025-05-10T14:35:13
/opt/airflow/dags/mysql_start_table.py                              1           0  0.52s           2025-05-10T14:35:11
================================================================================
[2025-05-10T14:35:46.004+0000] {manager.py:878} INFO - 
================================================================================
DAG File Processing Stats

File Path                                  PID    Runtime      # DAGs    # Errors  Last Runtime    Last Run
-----------------------------------------  -----  ---------  --------  ----------  --------------  -------------------
/opt/airflow/dags/model.py                                          1           0  3.04s           2025-05-10T14:35:45
/opt/airflow/dags/preprocess.py                                     1           0  2.34s           2025-05-10T14:35:43
/opt/airflow/dags/fetch_and_store_data.py                           1           0  1.19s           2025-05-10T14:35:45
/opt/airflow/dags/mysql_start_table.py                              1           0  0.28s           2025-05-10T14:35:42
/opt/airflow/dags/orchestrator.py                                   1           0  0.26s           2025-05-10T14:35:44
================================================================================
[2025-05-10T14:36:16.181+0000] {manager.py:878} INFO - 
================================================================================
DAG File Processing Stats

File Path                                    PID  Runtime      # DAGs    # Errors  Last Runtime    Last Run
-----------------------------------------  -----  ---------  --------  ----------  --------------  -------------------
/opt/airflow/dags/model.py                                          1           0  3.04s           2025-05-10T14:35:45
/opt/airflow/dags/preprocess.py              140  1.70s             1           0  2.34s           2025-05-10T14:35:43
/opt/airflow/dags/fetch_and_store_data.py    143  0.32s             1           0  1.19s           2025-05-10T14:35:45
/opt/airflow/dags/orchestrator.py                                   1           0  0.60s           2025-05-10T14:36:15
/opt/airflow/dags/mysql_start_table.py                              1           0  0.38s           2025-05-10T14:36:12
================================================================================
[2025-05-10T14:36:46.307+0000] {manager.py:878} INFO - 
================================================================================
DAG File Processing Stats

File Path                                  PID    Runtime      # DAGs    # Errors  Last Runtime    Last Run
-----------------------------------------  -----  ---------  --------  ----------  --------------  -------------------
/opt/airflow/dags/preprocess.py                                     1           0  5.64s           2025-05-10T14:36:20
/opt/airflow/dags/model.py                                          1           0  5.09s           2025-05-10T14:36:23
/opt/airflow/dags/fetch_and_store_data.py                           1           0  2.43s           2025-05-10T14:36:18
/opt/airflow/dags/mysql_start_table.py                              1           0  0.99s           2025-05-10T14:36:44
/opt/airflow/dags/orchestrator.py                                   1           0  0.41s           2025-05-10T14:36:45
================================================================================
[2025-05-10T14:37:17.170+0000] {manager.py:878} INFO - 
================================================================================
DAG File Processing Stats

File Path                                  PID    Runtime      # DAGs    # Errors  Last Runtime    Last Run
-----------------------------------------  -----  ---------  --------  ----------  --------------  -------------------
/opt/airflow/dags/model.py                                          1           0  2.78s           2025-05-10T14:36:56
/opt/airflow/dags/preprocess.py                                     1           0  2.78s           2025-05-10T14:36:53
/opt/airflow/dags/fetch_and_store_data.py                           1           0  1.13s           2025-05-10T14:36:49
/opt/airflow/dags/orchestrator.py                                   1           0  0.60s           2025-05-10T14:37:16
/opt/airflow/dags/mysql_start_table.py                              1           0  0.55s           2025-05-10T14:37:15
================================================================================
[2025-05-10T14:37:47.666+0000] {manager.py:878} INFO - 
================================================================================
DAG File Processing Stats

File Path                                  PID    Runtime      # DAGs    # Errors  Last Runtime    Last Run
-----------------------------------------  -----  ---------  --------  ----------  --------------  -------------------
/opt/airflow/dags/model.py                                          1           0  2.95s           2025-05-10T14:37:29
/opt/airflow/dags/preprocess.py                                     1           0  2.85s           2025-05-10T14:37:26
/opt/airflow/dags/fetch_and_store_data.py                           1           0  1.04s           2025-05-10T14:37:21
/opt/airflow/dags/mysql_start_table.py                              1           0  0.54s           2025-05-10T14:37:46
/opt/airflow/dags/orchestrator.py                                   1           0  0.29s           2025-05-10T14:37:46
================================================================================
[2025-05-10T14:38:17.747+0000] {manager.py:878} INFO - 
================================================================================
DAG File Processing Stats

File Path                                  PID    Runtime      # DAGs    # Errors  Last Runtime    Last Run
-----------------------------------------  -----  ---------  --------  ----------  --------------  -------------------
/opt/airflow/dags/model.py                                          1           0  3.09s           2025-05-10T14:38:02
/opt/airflow/dags/preprocess.py                                     1           0  2.50s           2025-05-10T14:37:59
/opt/airflow/dags/fetch_and_store_data.py                           1           0  1.81s           2025-05-10T14:37:53
/opt/airflow/dags/mysql_start_table.py                              1           0  0.53s           2025-05-10T14:38:16
/opt/airflow/dags/orchestrator.py                                   1           0  0.39s           2025-05-10T14:38:17
================================================================================
[2025-05-10T14:38:48.237+0000] {manager.py:878} INFO - 
================================================================================
DAG File Processing Stats

File Path                                    PID  Runtime      # DAGs    # Errors  Last Runtime    Last Run
-----------------------------------------  -----  ---------  --------  ----------  --------------  -------------------
/opt/airflow/dags/preprocess.py                                     1           0  4.38s           2025-05-10T14:38:33
/opt/airflow/dags/model.py                                          1           0  3.74s           2025-05-10T14:38:36
/opt/airflow/dags/fetch_and_store_data.py                           1           0  1.16s           2025-05-10T14:38:24
/opt/airflow/dags/orchestrator.py            241  0.01s             1           0  0.39s           2025-05-10T14:38:17
/opt/airflow/dags/mysql_start_table.py                              1           0  0.34s           2025-05-10T14:38:47
================================================================================
[2025-05-10T14:39:13.866+0000] {manager.py:737} INFO - Searching for files in /opt/airflow/dags
[2025-05-10T14:39:13.875+0000] {manager.py:740} INFO - There are 5 files in /opt/airflow/dags
[2025-05-10T14:39:18.303+0000] {manager.py:878} INFO - 
================================================================================
DAG File Processing Stats

File Path                                  PID    Runtime      # DAGs    # Errors  Last Runtime    Last Run
-----------------------------------------  -----  ---------  --------  ----------  --------------  -------------------
/opt/airflow/dags/model.py                                          1           0  5.24s           2025-05-10T14:39:13
/opt/airflow/dags/preprocess.py                                     1           0  5.12s           2025-05-10T14:39:08
/opt/airflow/dags/fetch_and_store_data.py                           1           0  1.22s           2025-05-10T14:38:56
/opt/airflow/dags/orchestrator.py                                   1           0  0.35s           2025-05-10T14:38:48
/opt/airflow/dags/mysql_start_table.py                              1           0  0.33s           2025-05-10T14:39:18
================================================================================
[2025-05-10T14:39:48.650+0000] {manager.py:878} INFO - 
================================================================================
DAG File Processing Stats

File Path                                    PID  Runtime      # DAGs    # Errors  Last Runtime    Last Run
-----------------------------------------  -----  ---------  --------  ----------  --------------  -------------------
/opt/airflow/dags/model.py                                          1           0  4.91s           2025-05-10T14:39:48
/opt/airflow/dags/preprocess.py                                     1           0  2.94s           2025-05-10T14:39:42
/opt/airflow/dags/fetch_and_store_data.py                           1           0  1.05s           2025-05-10T14:39:28
/opt/airflow/dags/orchestrator.py                                   1           0  0.56s           2025-05-10T14:39:19
/opt/airflow/dags/mysql_start_table.py       280  0.03s             1           0  0.33s           2025-05-10T14:39:18
================================================================================
[2025-05-10T14:40:18.814+0000] {manager.py:878} INFO - 
================================================================================
DAG File Processing Stats

File Path                                    PID  Runtime      # DAGs    # Errors  Last Runtime    Last Run
-----------------------------------------  -----  ---------  --------  ----------  --------------  -------------------
/opt/airflow/dags/model.py                   306  0.65s             1           0  4.91s           2025-05-10T14:39:48
/opt/airflow/dags/preprocess.py                                     1           0  3.68s           2025-05-10T14:40:16
/opt/airflow/dags/fetch_and_store_data.py                           1           0  1.30s           2025-05-10T14:39:59
/opt/airflow/dags/orchestrator.py                                   1           0  0.63s           2025-05-10T14:39:50
/opt/airflow/dags/mysql_start_table.py                              1           0  0.40s           2025-05-10T14:39:49
================================================================================
[2025-05-10T14:40:48.868+0000] {manager.py:878} INFO - 
================================================================================
DAG File Processing Stats

File Path                                    PID  Runtime      # DAGs    # Errors  Last Runtime    Last Run
-----------------------------------------  -----  ---------  --------  ----------  --------------  -------------------
/opt/airflow/dags/model.py                                          1           0  4.11s           2025-05-10T14:40:22
/opt/airflow/dags/preprocess.py              326  2.19s             1           0  3.68s           2025-05-10T14:40:16
/opt/airflow/dags/fetch_and_store_data.py                           1           0  1.89s           2025-05-10T14:40:31
/opt/airflow/dags/orchestrator.py                                   1           0  0.63s           2025-05-10T14:40:21
/opt/airflow/dags/mysql_start_table.py                              1           0  0.47s           2025-05-10T14:40:19
================================================================================
[2025-05-10T14:41:19.389+0000] {manager.py:878} INFO - 
================================================================================
DAG File Processing Stats

File Path                                    PID  Runtime      # DAGs    # Errors  Last Runtime    Last Run
-----------------------------------------  -----  ---------  --------  ----------  --------------  -------------------
/opt/airflow/dags/fetch_and_store_data.py                           1           0  2.88s           2025-05-10T14:41:04
/opt/airflow/dags/model.py                                          1           0  2.57s           2025-05-10T14:40:55
/opt/airflow/dags/preprocess.py              346  0.01s             1           0  2.40s           2025-05-10T14:40:49
/opt/airflow/dags/orchestrator.py                                   1           0  0.33s           2025-05-10T14:40:52
/opt/airflow/dags/mysql_start_table.py                              1           0  0.19s           2025-05-10T14:40:50
================================================================================
[2025-05-10T14:41:49.631+0000] {manager.py:878} INFO - 
================================================================================
DAG File Processing Stats

File Path                                  PID    Runtime      # DAGs    # Errors  Last Runtime    Last Run
-----------------------------------------  -----  ---------  --------  ----------  --------------  -------------------
/opt/airflow/dags/preprocess.py                                     1           0  3.38s           2025-05-10T14:41:22
/opt/airflow/dags/model.py                                          1           0  3.28s           2025-05-10T14:41:29
/opt/airflow/dags/fetch_and_store_data.py                           1           0  1.13s           2025-05-10T14:41:36
/opt/airflow/dags/mysql_start_table.py                              1           0  0.64s           2025-05-10T14:41:21
/opt/airflow/dags/orchestrator.py                                   1           0  0.26s           2025-05-10T14:41:22
================================================================================
[2025-05-10T14:42:19.832+0000] {manager.py:878} INFO - 
================================================================================
DAG File Processing Stats

File Path                                  PID    Runtime      # DAGs    # Errors  Last Runtime    Last Run
-----------------------------------------  -----  ---------  --------  ----------  --------------  -------------------
/opt/airflow/dags/preprocess.py                                     1           0  2.57s           2025-05-10T14:41:55
/opt/airflow/dags/model.py                                          1           0  2.54s           2025-05-10T14:42:01
/opt/airflow/dags/fetch_and_store_data.py                           1           0  1.19s           2025-05-10T14:42:07
/opt/airflow/dags/orchestrator.py                                   1           0  0.31s           2025-05-10T14:41:54
/opt/airflow/dags/mysql_start_table.py                              1           0  0.23s           2025-05-10T14:41:51
================================================================================
[2025-05-10T14:42:50.103+0000] {manager.py:878} INFO - 
================================================================================
DAG File Processing Stats

File Path                                  PID    Runtime      # DAGs    # Errors  Last Runtime    Last Run
-----------------------------------------  -----  ---------  --------  ----------  --------------  -------------------
/opt/airflow/dags/preprocess.py                                     1           0  4.44s           2025-05-10T14:42:29
/opt/airflow/dags/model.py                                          1           0  2.91s           2025-05-10T14:42:34
/opt/airflow/dags/fetch_and_store_data.py                           1           0  0.97s           2025-05-10T14:42:38
/opt/airflow/dags/orchestrator.py                                   1           0  0.39s           2025-05-10T14:42:24
/opt/airflow/dags/mysql_start_table.py                              1           0  0.34s           2025-05-10T14:42:22
================================================================================
[2025-05-10T14:43:20.219+0000] {manager.py:878} INFO - 
================================================================================
DAG File Processing Stats

File Path                                  PID    Runtime      # DAGs    # Errors  Last Runtime    Last Run
-----------------------------------------  -----  ---------  --------  ----------  --------------  -------------------
/opt/airflow/dags/model.py                                          1           0  3.90s           2025-05-10T14:43:09
/opt/airflow/dags/preprocess.py                                     1           0  2.96s           2025-05-10T14:43:03
/opt/airflow/dags/fetch_and_store_data.py                           1           0  2.12s           2025-05-10T14:43:10
/opt/airflow/dags/orchestrator.py                                   1           0  0.31s           2025-05-10T14:42:55
/opt/airflow/dags/mysql_start_table.py                              1           0  0.29s           2025-05-10T14:42:53
================================================================================
[2025-05-10T14:43:50.377+0000] {manager.py:878} INFO - 
================================================================================
DAG File Processing Stats

File Path                                    PID  Runtime      # DAGs    # Errors  Last Runtime    Last Run
-----------------------------------------  -----  ---------  --------  ----------  --------------  -------------------
/opt/airflow/dags/preprocess.py                                     1           0  8.16s           2025-05-10T14:43:42
/opt/airflow/dags/fetch_and_store_data.py                           1           0  7.61s           2025-05-10T14:43:49
/opt/airflow/dags/model.py                   438  10.67s            1           0  3.90s           2025-05-10T14:43:09
/opt/airflow/dags/orchestrator.py                                   1           0  0.36s           2025-05-10T14:43:26
/opt/airflow/dags/mysql_start_table.py                              1           0  0.35s           2025-05-10T14:43:24
================================================================================
[2025-05-10T14:44:14.050+0000] {manager.py:737} INFO - Searching for files in /opt/airflow/dags
[2025-05-10T14:44:14.066+0000] {manager.py:740} INFO - There are 5 files in /opt/airflow/dags
[2025-05-10T14:44:21.027+0000] {manager.py:878} INFO - 
================================================================================
DAG File Processing Stats

File Path                                    PID  Runtime      # DAGs    # Errors  Last Runtime    Last Run
-----------------------------------------  -----  ---------  --------  ----------  --------------  -------------------
/opt/airflow/dags/model.py                                          1           0  13.14s          2025-05-10T14:43:52
/opt/airflow/dags/fetch_and_store_data.py    458  1.16s             1           0  7.61s           2025-05-10T14:43:49
/opt/airflow/dags/preprocess.py                                     1           0  3.16s           2025-05-10T14:44:15
/opt/airflow/dags/orchestrator.py                                   1           0  0.58s           2025-05-10T14:43:56
/opt/airflow/dags/mysql_start_table.py                              1           0  0.29s           2025-05-10T14:43:55
================================================================================
[2025-05-10T14:44:51.115+0000] {manager.py:878} INFO - 
================================================================================
DAG File Processing Stats

File Path                                  PID    Runtime      # DAGs    # Errors  Last Runtime    Last Run
-----------------------------------------  -----  ---------  --------  ----------  --------------  -------------------
/opt/airflow/dags/model.py                                          1           0  6.79s           2025-05-10T14:44:29
/opt/airflow/dags/fetch_and_store_data.py                           1           0  3.51s           2025-05-10T14:44:23
/opt/airflow/dags/preprocess.py                                     1           0  3.00s           2025-05-10T14:44:49
/opt/airflow/dags/mysql_start_table.py                              1           0  1.31s           2025-05-10T14:44:26
/opt/airflow/dags/orchestrator.py                                   1           0  0.79s           2025-05-10T14:44:27
================================================================================
[2025-05-10T14:45:21.343+0000] {manager.py:878} INFO - 
================================================================================
DAG File Processing Stats

File Path                                    PID  Runtime      # DAGs    # Errors  Last Runtime    Last Run
-----------------------------------------  -----  ---------  --------  ----------  --------------  -------------------
/opt/airflow/dags/model.py                                          1           0  4.35s           2025-05-10T14:45:04
/opt/airflow/dags/preprocess.py              492  2.08s             1           0  3.00s           2025-05-10T14:44:49
/opt/airflow/dags/fetch_and_store_data.py                           1           0  1.11s           2025-05-10T14:44:54
/opt/airflow/dags/mysql_start_table.py                              1           0  0.38s           2025-05-10T14:44:57
/opt/airflow/dags/orchestrator.py                                   1           0  0.34s           2025-05-10T14:44:58
================================================================================
[2025-05-10T14:45:51.408+0000] {manager.py:878} INFO - 
================================================================================
DAG File Processing Stats

File Path                                  PID    Runtime      # DAGs    # Errors  Last Runtime    Last Run
-----------------------------------------  -----  ---------  --------  ----------  --------------  -------------------
/opt/airflow/dags/model.py                                          1           0  5.53s           2025-05-10T14:45:40
/opt/airflow/dags/preprocess.py                                     1           0  3.82s           2025-05-10T14:45:23
/opt/airflow/dags/fetch_and_store_data.py                           1           0  1.41s           2025-05-10T14:45:26
/opt/airflow/dags/orchestrator.py                                   1           0  0.48s           2025-05-10T14:45:28
/opt/airflow/dags/mysql_start_table.py                              1           0  0.37s           2025-05-10T14:45:28
================================================================================
[2025-05-10T14:46:21.483+0000] {manager.py:878} INFO - 
================================================================================
DAG File Processing Stats

File Path                                  PID    Runtime      # DAGs    # Errors  Last Runtime    Last Run
-----------------------------------------  -----  ---------  --------  ----------  --------------  -------------------
/opt/airflow/dags/model.py                                          1           0  5.28s           2025-05-10T14:46:15
/opt/airflow/dags/preprocess.py                                     1           0  4.95s           2025-05-10T14:45:58
/opt/airflow/dags/fetch_and_store_data.py                           1           0  3.97s           2025-05-10T14:46:00
/opt/airflow/dags/orchestrator.py                                   1           0  0.63s           2025-05-10T14:45:59
/opt/airflow/dags/mysql_start_table.py                              1           0  0.43s           2025-05-10T14:45:59
================================================================================
[2025-05-10T14:46:51.688+0000] {manager.py:878} INFO - 
================================================================================
DAG File Processing Stats

File Path                                  PID    Runtime      # DAGs    # Errors  Last Runtime    Last Run
-----------------------------------------  -----  ---------  --------  ----------  --------------  -------------------
/opt/airflow/dags/preprocess.py                                     1           0  4.99s           2025-05-10T14:46:33
/opt/airflow/dags/fetch_and_store_data.py                           1           0  3.58s           2025-05-10T14:46:34
/opt/airflow/dags/model.py                                          1           0  2.77s           2025-05-10T14:46:48
/opt/airflow/dags/mysql_start_table.py                              1           0  0.46s           2025-05-10T14:46:30
/opt/airflow/dags/orchestrator.py                                   1           0  0.45s           2025-05-10T14:46:30
================================================================================
[2025-05-10T14:47:21.721+0000] {manager.py:878} INFO - 
================================================================================
DAG File Processing Stats

File Path                                    PID  Runtime      # DAGs    # Errors  Last Runtime    Last Run
-----------------------------------------  -----  ---------  --------  ----------  --------------  -------------------
/opt/airflow/dags/preprocess.py                                     1           0  3.34s           2025-05-10T14:47:07
/opt/airflow/dags/model.py                   567  2.75s             1           0  2.77s           2025-05-10T14:46:48
/opt/airflow/dags/mysql_start_table.py                              1           0  1.13s           2025-05-10T14:47:01
/opt/airflow/dags/orchestrator.py                                   1           0  1.06s           2025-05-10T14:47:01
/opt/airflow/dags/fetch_and_store_data.py                           1           0  1.04s           2025-05-10T14:47:06
================================================================================
[2025-05-10T14:47:52.135+0000] {manager.py:878} INFO - 
================================================================================
DAG File Processing Stats

File Path                                    PID  Runtime      # DAGs    # Errors  Last Runtime    Last Run
-----------------------------------------  -----  ---------  --------  ----------  --------------  -------------------
/opt/airflow/dags/preprocess.py                                     1           0  3.77s           2025-05-10T14:47:41
/opt/airflow/dags/model.py                   586  0.03s             1           0  2.88s           2025-05-10T14:47:21
/opt/airflow/dags/fetch_and_store_data.py                           1           0  1.45s           2025-05-10T14:47:38
/opt/airflow/dags/orchestrator.py                                   1           0  1.14s           2025-05-10T14:47:33
/opt/airflow/dags/mysql_start_table.py                              1           0  0.94s           2025-05-10T14:47:33
================================================================================
[2025-05-10T14:48:22.836+0000] {manager.py:878} INFO - 
================================================================================
DAG File Processing Stats

File Path                                  PID    Runtime      # DAGs    # Errors  Last Runtime    Last Run
-----------------------------------------  -----  ---------  --------  ----------  --------------  -------------------
/opt/airflow/dags/model.py                                          1           0  6.62s           2025-05-10T14:47:58
/opt/airflow/dags/preprocess.py                                     1           0  4.22s           2025-05-10T14:48:15
/opt/airflow/dags/fetch_and_store_data.py                           1           0  1.91s           2025-05-10T14:48:10
/opt/airflow/dags/orchestrator.py                                   1           0  0.78s           2025-05-10T14:48:04
/opt/airflow/dags/mysql_start_table.py                              1           0  0.63s           2025-05-10T14:48:04
================================================================================
[2025-05-10T14:48:53.198+0000] {manager.py:878} INFO - 
================================================================================
DAG File Processing Stats

File Path                                  PID    Runtime      # DAGs    # Errors  Last Runtime    Last Run
-----------------------------------------  -----  ---------  --------  ----------  --------------  -------------------
/opt/airflow/dags/model.py                                          1           0  5.65s           2025-05-10T14:48:34
/opt/airflow/dags/preprocess.py                                     1           0  4.07s           2025-05-10T14:48:50
/opt/airflow/dags/orchestrator.py                                   1           0  1.22s           2025-05-10T14:48:35
/opt/airflow/dags/mysql_start_table.py                              1           0  1.07s           2025-05-10T14:48:35
/opt/airflow/dags/fetch_and_store_data.py                           1           0  1.04s           2025-05-10T14:48:41
================================================================================
[2025-05-10T14:49:14.336+0000] {manager.py:737} INFO - Searching for files in /opt/airflow/dags
[2025-05-10T14:49:14.348+0000] {manager.py:740} INFO - There are 5 files in /opt/airflow/dags
[2025-05-10T14:49:23.590+0000] {manager.py:878} INFO - 
================================================================================
DAG File Processing Stats

File Path                                  PID    Runtime      # DAGs    # Errors  Last Runtime    Last Run
-----------------------------------------  -----  ---------  --------  ----------  --------------  -------------------
/opt/airflow/dags/model.py                                          1           0  5.42s           2025-05-10T14:49:10
/opt/airflow/dags/preprocess.py                                     1           0  3.49s           2025-05-10T14:49:23
/opt/airflow/dags/fetch_and_store_data.py                           1           0  1.69s           2025-05-10T14:49:14
/opt/airflow/dags/orchestrator.py                                   1           0  1.32s           2025-05-10T14:49:08
/opt/airflow/dags/mysql_start_table.py                              1           0  0.74s           2025-05-10T14:49:07
================================================================================
[2025-05-10T14:49:53.671+0000] {manager.py:878} INFO - 
================================================================================
DAG File Processing Stats

File Path                                    PID  Runtime      # DAGs    # Errors  Last Runtime    Last Run
-----------------------------------------  -----  ---------  --------  ----------  --------------  -------------------
/opt/airflow/dags/model.py                                          1           0  4.80s           2025-05-10T14:49:45
/opt/airflow/dags/preprocess.py              662  0.02s             1           0  3.49s           2025-05-10T14:49:23
/opt/airflow/dags/fetch_and_store_data.py                           1           0  2.48s           2025-05-10T14:49:47
/opt/airflow/dags/orchestrator.py                                   1           0  0.54s           2025-05-10T14:49:39
/opt/airflow/dags/mysql_start_table.py                              1           0  0.23s           2025-05-10T14:49:37
================================================================================
[2025-05-10T14:50:24.514+0000] {manager.py:878} INFO - 
================================================================================
DAG File Processing Stats

File Path                                  PID    Runtime      # DAGs    # Errors  Last Runtime    Last Run
-----------------------------------------  -----  ---------  --------  ----------  --------------  -------------------
/opt/airflow/dags/model.py                                          1           0  4.65s           2025-05-10T14:50:20
/opt/airflow/dags/preprocess.py                                     1           0  2.63s           2025-05-10T14:49:56
/opt/airflow/dags/fetch_and_store_data.py                           1           0  1.48s           2025-05-10T14:50:19
/opt/airflow/dags/orchestrator.py                                   1           0  0.57s           2025-05-10T14:50:10
/opt/airflow/dags/mysql_start_table.py                              1           0  0.44s           2025-05-10T14:50:08
================================================================================
[2025-05-10T14:50:54.798+0000] {manager.py:878} INFO - 
================================================================================
DAG File Processing Stats

File Path                                    PID  Runtime      # DAGs    # Errors  Last Runtime    Last Run
-----------------------------------------  -----  ---------  --------  ----------  --------------  -------------------
/opt/airflow/dags/model.py                   697  4.15s             1           0  4.65s           2025-05-10T14:50:20
/opt/airflow/dags/preprocess.py                                     1           0  3.64s           2025-05-10T14:50:30
/opt/airflow/dags/fetch_and_store_data.py                           1           0  1.98s           2025-05-10T14:50:52
/opt/airflow/dags/orchestrator.py                                   1           0  0.70s           2025-05-10T14:50:41
/opt/airflow/dags/mysql_start_table.py                              1           0  0.35s           2025-05-10T14:50:39
================================================================================
[2025-05-10T14:51:24.846+0000] {manager.py:878} INFO - 
================================================================================
DAG File Processing Stats

File Path                                  PID    Runtime      # DAGs    # Errors  Last Runtime    Last Run
-----------------------------------------  -----  ---------  --------  ----------  --------------  -------------------
/opt/airflow/dags/model.py                                          1           0  4.39s           2025-05-10T14:50:55
/opt/airflow/dags/preprocess.py                                     1           0  3.39s           2025-05-10T14:51:04
/opt/airflow/dags/fetch_and_store_data.py                           1           0  0.90s           2025-05-10T14:51:23
/opt/airflow/dags/orchestrator.py                                   1           0  0.47s           2025-05-10T14:51:11
/opt/airflow/dags/mysql_start_table.py                              1           0  0.29s           2025-05-10T14:51:10
================================================================================
[2025-05-10T14:51:54.996+0000] {manager.py:878} INFO - 
================================================================================
DAG File Processing Stats

File Path                                  PID    Runtime      # DAGs    # Errors  Last Runtime    Last Run
-----------------------------------------  -----  ---------  --------  ----------  --------------  -------------------
/opt/airflow/dags/model.py                                          1           0  4.15s           2025-05-10T14:51:29
/opt/airflow/dags/preprocess.py                                     1           0  3.67s           2025-05-10T14:51:38
/opt/airflow/dags/fetch_and_store_data.py                           1           0  0.91s           2025-05-10T14:51:54
/opt/airflow/dags/orchestrator.py                                   1           0  0.42s           2025-05-10T14:51:42
/opt/airflow/dags/mysql_start_table.py                              1           0  0.32s           2025-05-10T14:51:40
================================================================================
[2025-05-10T14:52:25.327+0000] {manager.py:878} INFO - 
================================================================================
DAG File Processing Stats

File Path                                    PID  Runtime      # DAGs    # Errors  Last Runtime    Last Run
-----------------------------------------  -----  ---------  --------  ----------  --------------  -------------------
/opt/airflow/dags/preprocess.py                                     1           0  3.61s           2025-05-10T14:52:11
/opt/airflow/dags/model.py                                          1           0  3.52s           2025-05-10T14:52:03
/opt/airflow/dags/fetch_and_store_data.py    754  0.03s             1           0  0.91s           2025-05-10T14:51:54
/opt/airflow/dags/orchestrator.py                                   1           0  0.69s           2025-05-10T14:52:13
/opt/airflow/dags/mysql_start_table.py                              1           0  0.62s           2025-05-10T14:52:11
================================================================================
[2025-05-10T14:52:55.391+0000] {manager.py:878} INFO - 
================================================================================
DAG File Processing Stats

File Path                                  PID    Runtime      # DAGs    # Errors  Last Runtime    Last Run
-----------------------------------------  -----  ---------  --------  ----------  --------------  -------------------
/opt/airflow/dags/preprocess.py                                     1           0  3.93s           2025-05-10T14:52:45
/opt/airflow/dags/model.py                                          1           0  3.35s           2025-05-10T14:52:36
/opt/airflow/dags/fetch_and_store_data.py                           1           0  1.51s           2025-05-10T14:52:26
/opt/airflow/dags/orchestrator.py                                   1           0  0.83s           2025-05-10T14:52:44
/opt/airflow/dags/mysql_start_table.py                              1           0  0.31s           2025-05-10T14:52:42
================================================================================
[2025-05-10T14:53:26.130+0000] {manager.py:878} INFO - 
================================================================================
DAG File Processing Stats

File Path                                  PID    Runtime      # DAGs    # Errors  Last Runtime    Last Run
-----------------------------------------  -----  ---------  --------  ----------  --------------  -------------------
/opt/airflow/dags/model.py                                          1           0  4.96s           2025-05-10T14:53:12
/opt/airflow/dags/preprocess.py                                     1           0  4.42s           2025-05-10T14:53:21
/opt/airflow/dags/fetch_and_store_data.py                           1           0  0.93s           2025-05-10T14:52:58
/opt/airflow/dags/orchestrator.py                                   1           0  0.41s           2025-05-10T14:53:15
/opt/airflow/dags/mysql_start_table.py                              1           0  0.35s           2025-05-10T14:53:12
================================================================================
[2025-05-10T14:53:56.447+0000] {manager.py:878} INFO - 
================================================================================
DAG File Processing Stats

File Path                                  PID    Runtime      # DAGs    # Errors  Last Runtime    Last Run
-----------------------------------------  -----  ---------  --------  ----------  --------------  -------------------
/opt/airflow/dags/model.py                                          1           0  6.64s           2025-05-10T14:53:49
/opt/airflow/dags/preprocess.py                                     1           0  4.36s           2025-05-10T14:53:55
/opt/airflow/dags/fetch_and_store_data.py                           1           0  1.25s           2025-05-10T14:53:29
/opt/airflow/dags/orchestrator.py                                   1           0  1.21s           2025-05-10T14:53:47
/opt/airflow/dags/mysql_start_table.py                              1           0  1.09s           2025-05-10T14:53:43
================================================================================
[2025-05-10T14:54:14.536+0000] {manager.py:737} INFO - Searching for files in /opt/airflow/dags
[2025-05-10T14:54:14.547+0000] {manager.py:740} INFO - There are 5 files in /opt/airflow/dags
[2025-05-10T14:54:26.682+0000] {manager.py:878} INFO - 
================================================================================
DAG File Processing Stats

File Path                                    PID  Runtime      # DAGs    # Errors  Last Runtime    Last Run
-----------------------------------------  -----  ---------  --------  ----------  --------------  -------------------
/opt/airflow/dags/model.py                                          1           0  4.81s           2025-05-10T14:54:24
/opt/airflow/dags/preprocess.py              827  1.07s             1           0  4.36s           2025-05-10T14:53:55
/opt/airflow/dags/fetch_and_store_data.py                           1           0  1.56s           2025-05-10T14:54:01
/opt/airflow/dags/orchestrator.py                                   1           0  0.54s           2025-05-10T14:54:17
/opt/airflow/dags/mysql_start_table.py                              1           0  0.30s           2025-05-10T14:54:14
================================================================================
[2025-05-10T14:54:57.649+0000] {manager.py:878} INFO - 
================================================================================
DAG File Processing Stats

File Path                                    PID  Runtime      # DAGs    # Errors  Last Runtime    Last Run
-----------------------------------------  -----  ---------  --------  ----------  --------------  -------------------
/opt/airflow/dags/model.py                   842  3.01s             1           0  4.81s           2025-05-10T14:54:24
/opt/airflow/dags/preprocess.py                                     1           0  3.80s           2025-05-10T14:54:29
/opt/airflow/dags/fetch_and_store_data.py                           1           0  1.53s           2025-05-10T14:54:32
/opt/airflow/dags/mysql_start_table.py                              1           0  0.57s           2025-05-10T14:54:45
/opt/airflow/dags/orchestrator.py                                   1           0  0.57s           2025-05-10T14:54:48
================================================================================
[2025-05-10T14:55:27.838+0000] {manager.py:878} INFO - 
================================================================================
DAG File Processing Stats

File Path                                  PID    Runtime      # DAGs    # Errors  Last Runtime    Last Run
-----------------------------------------  -----  ---------  --------  ----------  --------------  -------------------
/opt/airflow/dags/model.py                                          1           0  3.86s           2025-05-10T14:54:58
/opt/airflow/dags/preprocess.py                                     1           0  3.01s           2025-05-10T14:55:02
/opt/airflow/dags/fetch_and_store_data.py                           1           0  1.12s           2025-05-10T14:55:03
/opt/airflow/dags/orchestrator.py                                   1           0  0.42s           2025-05-10T14:55:19
/opt/airflow/dags/mysql_start_table.py                              1           0  0.31s           2025-05-10T14:55:16
================================================================================
[2025-05-10T14:55:58.170+0000] {manager.py:878} INFO - 
================================================================================
DAG File Processing Stats

File Path                                  PID    Runtime      # DAGs    # Errors  Last Runtime    Last Run
-----------------------------------------  -----  ---------  --------  ----------  --------------  -------------------
/opt/airflow/dags/model.py                                          1           0  3.92s           2025-05-10T14:55:32
/opt/airflow/dags/preprocess.py                                     1           0  3.76s           2025-05-10T14:55:36
/opt/airflow/dags/fetch_and_store_data.py                           1           0  1.74s           2025-05-10T14:55:35
/opt/airflow/dags/mysql_start_table.py                              1           0  0.46s           2025-05-10T14:55:47
/opt/airflow/dags/orchestrator.py                                   1           0  0.30s           2025-05-10T14:55:50
================================================================================
[2025-05-10T14:56:28.556+0000] {manager.py:878} INFO - 
================================================================================
DAG File Processing Stats

File Path                                  PID    Runtime      # DAGs    # Errors  Last Runtime    Last Run
-----------------------------------------  -----  ---------  --------  ----------  --------------  -------------------
/opt/airflow/dags/model.py                                          1           0  5.92s           2025-05-10T14:56:08
/opt/airflow/dags/preprocess.py                                     1           0  3.41s           2025-05-10T14:56:11
/opt/airflow/dags/fetch_and_store_data.py                           1           0  1.70s           2025-05-10T14:56:08
/opt/airflow/dags/orchestrator.py                                   1           0  0.68s           2025-05-10T14:56:21
/opt/airflow/dags/mysql_start_table.py                              1           0  0.37s           2025-05-10T14:56:17
================================================================================
