[2025-04-16T00:05:14.262+0000] {local_task_job_runner.py:120} INFO - ::group::Pre task execution logs
[2025-04-16T00:05:14.292+0000] {taskinstance.py:2073} INFO - Dependencies all met for dep_context=non-requeueable deps ti=<TaskInstance: clean_transform_data.transform_data manual__2025-04-16T00:05:10.069023+00:00 [queued]>
[2025-04-16T00:05:14.307+0000] {taskinstance.py:2073} INFO - Dependencies all met for dep_context=requeueable deps ti=<TaskInstance: clean_transform_data.transform_data manual__2025-04-16T00:05:10.069023+00:00 [queued]>
[2025-04-16T00:05:14.308+0000] {taskinstance.py:2303} INFO - Starting attempt 1 of 2
[2025-04-16T00:05:14.334+0000] {taskinstance.py:2327} INFO - Executing <Task(PythonOperator): transform_data> on 2025-04-16 00:05:10.069023+00:00
[2025-04-16T00:05:14.355+0000] {standard_task_runner.py:63} INFO - Started process 105499 to run task
[2025-04-16T00:05:14.365+0000] {standard_task_runner.py:90} INFO - Running: ['***', 'tasks', 'run', 'clean_transform_data', 'transform_data', 'manual__2025-04-16T00:05:10.069023+00:00', '--job-id', '727', '--raw', '--subdir', 'DAGS_FOLDER/preprocess_data.py', '--cfg-path', '/tmp/tmp8_ezyptw']
[2025-04-16T00:05:14.374+0000] {standard_task_runner.py:91} INFO - Job 727: Subtask transform_data
[2025-04-16T00:05:14.458+0000] {task_command.py:426} INFO - Running <TaskInstance: clean_transform_data.transform_data manual__2025-04-16T00:05:10.069023+00:00 [running]> on host e1dfa1bb16b8
[2025-04-16T00:05:14.593+0000] {taskinstance.py:2644} INFO - Exporting env vars: AIRFLOW_CTX_DAG_OWNER='***' AIRFLOW_CTX_DAG_ID='clean_transform_data' AIRFLOW_CTX_TASK_ID='transform_data' AIRFLOW_CTX_EXECUTION_DATE='2025-04-16T00:05:10.069023+00:00' AIRFLOW_CTX_TRY_NUMBER='1' AIRFLOW_CTX_DAG_RUN_ID='manual__2025-04-16T00:05:10.069023+00:00'
[2025-04-16T00:05:14.595+0000] {taskinstance.py:430} INFO - ::endgroup::
[2025-04-16T00:05:14.630+0000] {base.py:84} INFO - Using connection ID 'mysql_***_conn' for task execution.
[2025-04-16T00:05:14.640+0000] {base.py:84} INFO - Using connection ID 'mysql_***_conn' for task execution.
[2025-04-16T00:05:14.685+0000] {warnings.py:109} WARNING - /home/***/.local/lib/python3.8/site-packages/***/providers/common/sql/hooks/sql.py:227: UserWarning: pandas only supports SQLAlchemy connectable (engine/connection) or database string URI or sqlite3 DBAPI2 connection. Other DBAPI2 objects are not tested. Please consider using SQLAlchemy.
  return psql.read_sql(sql, con=conn, params=parameters, **kwargs)

[2025-04-16T00:05:21.232+0000] {python.py:237} INFO - Done. Returned value was: None
[2025-04-16T00:05:21.233+0000] {taskinstance.py:441} INFO - ::group::Post task execution logs
[2025-04-16T00:05:21.246+0000] {taskinstance.py:1205} INFO - Marking task as SUCCESS. dag_id=clean_transform_data, task_id=transform_data, execution_date=20250416T000510, start_date=20250416T000514, end_date=20250416T000521
[2025-04-16T00:05:21.327+0000] {local_task_job_runner.py:240} INFO - Task exited with return code 0
[2025-04-16T00:05:21.347+0000] {taskinstance.py:3482} INFO - 0 downstream tasks scheduled from follow-on schedule check
[2025-04-16T00:05:21.349+0000] {local_task_job_runner.py:222} INFO - ::endgroup::
