[2025-03-30T21:28:47.753+0000] {taskinstance.py:1125} INFO - Dependencies all met for dep_context=non-requeueable deps ti=<TaskInstance: iniciar_tabla_mysql.start_table manual__2025-03-30T21:26:26.673667+00:00 [queued]>
[2025-03-30T21:28:47.803+0000] {taskinstance.py:1125} INFO - Dependencies all met for dep_context=requeueable deps ti=<TaskInstance: iniciar_tabla_mysql.start_table manual__2025-03-30T21:26:26.673667+00:00 [queued]>
[2025-03-30T21:28:47.803+0000] {taskinstance.py:1331} INFO - Starting attempt 1 of 2
[2025-03-30T21:28:47.859+0000] {taskinstance.py:1350} INFO - Executing <Task(PythonOperator): start_table> on 2025-03-30 21:26:26.673667+00:00
[2025-03-30T21:28:47.884+0000] {standard_task_runner.py:57} INFO - Started process 1241 to run task
[2025-03-30T21:28:47.919+0000] {standard_task_runner.py:84} INFO - Running: ['***', 'tasks', 'run', 'iniciar_tabla_mysql', 'start_table', 'manual__2025-03-30T21:26:26.673667+00:00', '--job-id', '186', '--raw', '--subdir', 'DAGS_FOLDER/mysql_start_table.py', '--cfg-path', '/tmp/tmp785eabdj']
[2025-03-30T21:28:47.923+0000] {standard_task_runner.py:85} INFO - Job 186: Subtask start_table
[2025-03-30T21:28:48.144+0000] {task_command.py:410} INFO - Running <TaskInstance: iniciar_tabla_mysql.start_table manual__2025-03-30T21:26:26.673667+00:00 [running]> on host 2673de8e1b9a
[2025-03-30T21:28:48.676+0000] {taskinstance.py:1570} INFO - Exporting env vars: AIRFLOW_CTX_DAG_OWNER='***' AIRFLOW_CTX_DAG_ID='iniciar_tabla_mysql' AIRFLOW_CTX_TASK_ID='start_table' AIRFLOW_CTX_EXECUTION_DATE='2025-03-30T21:26:26.673667+00:00' AIRFLOW_CTX_TRY_NUMBER='1' AIRFLOW_CTX_DAG_RUN_ID='manual__2025-03-30T21:26:26.673667+00:00'
[2025-03-30T21:28:48.750+0000] {base.py:73} INFO - Using connection ID 'mysql_***_conn' for task execution.
[2025-03-30T21:28:48.873+0000] {taskinstance.py:1847} ERROR - Task failed with exception
Traceback (most recent call last):
  File "/home/airflow/.local/lib/python3.7/site-packages/sqlalchemy/engine/base.py", line 1901, in _execute_context
    cursor, statement, parameters, context
  File "/home/airflow/.local/lib/python3.7/site-packages/sqlalchemy/engine/default.py", line 736, in do_execute
    cursor.execute(statement, parameters)
  File "/home/airflow/.local/lib/python3.7/site-packages/MySQLdb/cursors.py", line 206, in execute
    res = self._query(query)
  File "/home/airflow/.local/lib/python3.7/site-packages/MySQLdb/cursors.py", line 319, in _query
    db.query(q)
  File "/home/airflow/.local/lib/python3.7/site-packages/MySQLdb/connections.py", line 254, in query
    _mysql.connection.query(self, query)
MySQLdb.ProgrammingError: (1064, "You have an error in your SQL syntax; check the manual that corresponds to your MySQL server version for the right syntax to use near ',VARCHAR(20),\n            Soil_Type VARCHAR(20),\n            Cover_Type INTEGER,' at line 12")

The above exception was the direct cause of the following exception:

Traceback (most recent call last):
  File "/home/airflow/.local/lib/python3.7/site-packages/airflow/operators/python.py", line 181, in execute
    return_value = self.execute_callable()
  File "/home/airflow/.local/lib/python3.7/site-packages/airflow/operators/python.py", line 198, in execute_callable
    return self.python_callable(*self.op_args, **self.op_kwargs)
  File "/opt/airflow/dags/mysql_start_table.py", line 40, in start_table
    connection.execute(create_table_query)
  File "/home/airflow/.local/lib/python3.7/site-packages/sqlalchemy/engine/base.py", line 1370, in execute
    future=False,
  File "/home/airflow/.local/lib/python3.7/site-packages/sqlalchemy/engine/base.py", line 1676, in _exec_driver_sql
    distilled_parameters,
  File "/home/airflow/.local/lib/python3.7/site-packages/sqlalchemy/engine/base.py", line 1944, in _execute_context
    e, statement, parameters, cursor, context
  File "/home/airflow/.local/lib/python3.7/site-packages/sqlalchemy/engine/base.py", line 2125, in _handle_dbapi_exception
    sqlalchemy_exception, with_traceback=exc_info[2], from_=e
  File "/home/airflow/.local/lib/python3.7/site-packages/sqlalchemy/util/compat.py", line 211, in raise_
    raise exception
  File "/home/airflow/.local/lib/python3.7/site-packages/sqlalchemy/engine/base.py", line 1901, in _execute_context
    cursor, statement, parameters, context
  File "/home/airflow/.local/lib/python3.7/site-packages/sqlalchemy/engine/default.py", line 736, in do_execute
    cursor.execute(statement, parameters)
  File "/home/airflow/.local/lib/python3.7/site-packages/MySQLdb/cursors.py", line 206, in execute
    res = self._query(query)
  File "/home/airflow/.local/lib/python3.7/site-packages/MySQLdb/cursors.py", line 319, in _query
    db.query(q)
  File "/home/airflow/.local/lib/python3.7/site-packages/MySQLdb/connections.py", line 254, in query
    _mysql.connection.query(self, query)
sqlalchemy.exc.ProgrammingError: (MySQLdb.ProgrammingError) (1064, "You have an error in your SQL syntax; check the manual that corresponds to your MySQL server version for the right syntax to use near ',VARCHAR(20),\n            Soil_Type VARCHAR(20),\n            Cover_Type INTEGER,' at line 12")
[SQL: 
        CREATE TABLE IF NOT EXISTS penguins (
            Elevation FLOAT,
            Aspect FLOAT,
            Slope FLOAT,
            Horizontal_Distance_To_Hydrology FLOAT,
            Vertical_Distance_To_Hydrology FLOAT,
            Horizontal_Distance_To_Roadways FLOAT,
            Hillshade_9am FLOAT,
            Hillshade_Noon FLOAT,
            Hillshade_3pm FLOAT,
            Horizontal_Distance_To_Fire_Points FLOAT,
            Wilderness_Area ,VARCHAR(20),
            Soil_Type VARCHAR(20),
            Cover_Type INTEGER,
            batch_number INTEGER
        )
        ]
(Background on this error at: https://sqlalche.me/e/14/f405)
[2025-03-30T21:28:48.928+0000] {taskinstance.py:1373} INFO - Marking task as UP_FOR_RETRY. dag_id=iniciar_tabla_mysql, task_id=start_table, execution_date=20250330T212626, start_date=20250330T212847, end_date=20250330T212848
[2025-03-30T21:28:48.978+0000] {standard_task_runner.py:109} ERROR - Failed to execute job 186 for task start_table ((MySQLdb.ProgrammingError) (1064, "You have an error in your SQL syntax; check the manual that corresponds to your MySQL server version for the right syntax to use near ',VARCHAR(20),\n            Soil_Type VARCHAR(20),\n            Cover_Type INTEGER,' at line 12")
[SQL: 
        CREATE TABLE IF NOT EXISTS penguins (
            Elevation FLOAT,
            Aspect FLOAT,
            Slope FLOAT,
            Horizontal_Distance_To_Hydrology FLOAT,
            Vertical_Distance_To_Hydrology FLOAT,
            Horizontal_Distance_To_Roadways FLOAT,
            Hillshade_9am FLOAT,
            Hillshade_Noon FLOAT,
            Hillshade_3pm FLOAT,
            Horizontal_Distance_To_Fire_Points FLOAT,
            Wilderness_Area ,VARCHAR(20),
            Soil_Type VARCHAR(20),
            Cover_Type INTEGER,
            batch_number INTEGER
        )
        ]
(Background on this error at: https://sqlalche.me/e/14/f405); 1241)
[2025-03-30T21:28:49.042+0000] {local_task_job_runner.py:232} INFO - Task exited with return code 1
[2025-03-30T21:28:49.115+0000] {taskinstance.py:2674} INFO - 0 downstream tasks scheduled from follow-on schedule check
