[2025-03-31T01:10:04.981+0000] {taskinstance.py:1125} INFO - Dependencies all met for dep_context=non-requeueable deps ti=<TaskInstance: train_model.train_model manual__2025-03-31T01:04:53.243523+00:00 [queued]>
[2025-03-31T01:10:05.005+0000] {taskinstance.py:1125} INFO - Dependencies all met for dep_context=requeueable deps ti=<TaskInstance: train_model.train_model manual__2025-03-31T01:04:53.243523+00:00 [queued]>
[2025-03-31T01:10:05.006+0000] {taskinstance.py:1331} INFO - Starting attempt 2 of 2
[2025-03-31T01:10:05.042+0000] {taskinstance.py:1350} INFO - Executing <Task(PythonOperator): train_model> on 2025-03-31 01:04:53.243523+00:00
[2025-03-31T01:10:05.066+0000] {standard_task_runner.py:57} INFO - Started process 1402 to run task
[2025-03-31T01:10:05.103+0000] {standard_task_runner.py:84} INFO - Running: ['***', 'tasks', 'run', 'train_model', 'train_model', 'manual__2025-03-31T01:04:53.243523+00:00', '--job-id', '545', '--raw', '--subdir', 'DAGS_FOLDER/train.py', '--cfg-path', '/tmp/tmp8gy46wal']
[2025-03-31T01:10:05.111+0000] {standard_task_runner.py:85} INFO - Job 545: Subtask train_model
[2025-03-31T01:10:05.231+0000] {task_command.py:410} INFO - Running <TaskInstance: train_model.train_model manual__2025-03-31T01:04:53.243523+00:00 [running]> on host 76e1807f7118
[2025-03-31T01:10:05.410+0000] {taskinstance.py:1570} INFO - Exporting env vars: AIRFLOW_CTX_DAG_OWNER='***' AIRFLOW_CTX_DAG_ID='train_model' AIRFLOW_CTX_TASK_ID='train_model' AIRFLOW_CTX_EXECUTION_DATE='2025-03-31T01:04:53.243523+00:00' AIRFLOW_CTX_TRY_NUMBER='2' AIRFLOW_CTX_DAG_RUN_ID='manual__2025-03-31T01:04:53.243523+00:00'
[2025-03-31T01:10:05.449+0000] {base.py:73} INFO - Using connection ID 'mysql_***_conn' for task execution.
[2025-03-31T01:10:05.718+0000] {logging_mixin.py:149} INFO - Experiment 'mlflow_tracking_examples_3' already exists with ID: 1
[2025-03-31T01:10:05.786+0000] {warnings.py:110} WARNING - /home/***/.local/lib/python3.7/site-packages/joblib/parallel.py:736: UserWarning: Loky-backed parallel loops cannot be called in a multiprocessing, setting n_jobs=1
  **self._backend_args)

[2025-03-31T01:10:05.796+0000] {warnings.py:110} WARNING - /home/***/.local/lib/python3.7/site-packages/sklearn/model_selection/_split.py:680: UserWarning: The least populated class in y has only 3 members, which is less than n_splits=5.
  UserWarning,

[2025-03-31T01:10:06.532+0000] {taskinstance.py:1847} ERROR - Task failed with exception
Traceback (most recent call last):
  File "/home/airflow/.local/lib/python3.7/site-packages/airflow/operators/python.py", line 181, in execute
    return_value = self.execute_callable()
  File "/home/airflow/.local/lib/python3.7/site-packages/airflow/operators/python.py", line 198, in execute_callable
    return self.python_callable(*self.op_args, **self.op_kwargs)
  File "/opt/airflow/dags/train.py", line 101, in train_model
    client.set_tag("column_names", ",".join(columns))
TypeError: set_tag() missing 1 required positional argument: 'value'
[2025-03-31T01:10:06.561+0000] {taskinstance.py:1373} INFO - Marking task as FAILED. dag_id=train_model, task_id=train_model, execution_date=20250331T010453, start_date=20250331T011004, end_date=20250331T011006
[2025-03-31T01:10:06.589+0000] {standard_task_runner.py:109} ERROR - Failed to execute job 545 for task train_model (set_tag() missing 1 required positional argument: 'value'; 1402)
[2025-03-31T01:10:06.671+0000] {local_task_job_runner.py:232} INFO - Task exited with return code 1
[2025-03-31T01:10:06.723+0000] {taskinstance.py:2674} INFO - 0 downstream tasks scheduled from follow-on schedule check
