[2025-03-10T00:51:12.581+0000] {taskinstance.py:1125} INFO - Dependencies all met for dep_context=non-requeueable deps ti=<TaskInstance: clean_transform_data.transform_data manual__2025-03-10T00:51:09.331444+00:00 [queued]>
[2025-03-10T00:51:12.595+0000] {taskinstance.py:1125} INFO - Dependencies all met for dep_context=requeueable deps ti=<TaskInstance: clean_transform_data.transform_data manual__2025-03-10T00:51:09.331444+00:00 [queued]>
[2025-03-10T00:51:12.595+0000] {taskinstance.py:1331} INFO - Starting attempt 1 of 2
[2025-03-10T00:51:12.622+0000] {taskinstance.py:1350} INFO - Executing <Task(PythonOperator): transform_data> on 2025-03-10 00:51:09.331444+00:00
[2025-03-10T00:51:12.635+0000] {standard_task_runner.py:57} INFO - Started process 334 to run task
[2025-03-10T00:51:12.646+0000] {standard_task_runner.py:84} INFO - Running: ['***', 'tasks', 'run', 'clean_transform_data', 'transform_data', 'manual__2025-03-10T00:51:09.331444+00:00', '--job-id', '127', '--raw', '--subdir', 'DAGS_FOLDER/preprocess_data.py', '--cfg-path', '/tmp/tmpsq0v7_q1']
[2025-03-10T00:51:12.651+0000] {standard_task_runner.py:85} INFO - Job 127: Subtask transform_data
[2025-03-10T00:51:12.743+0000] {task_command.py:410} INFO - Running <TaskInstance: clean_transform_data.transform_data manual__2025-03-10T00:51:09.331444+00:00 [running]> on host a7c8d6e00548
[2025-03-10T00:51:12.891+0000] {taskinstance.py:1570} INFO - Exporting env vars: AIRFLOW_CTX_DAG_OWNER='***' AIRFLOW_CTX_DAG_ID='clean_transform_data' AIRFLOW_CTX_TASK_ID='transform_data' AIRFLOW_CTX_EXECUTION_DATE='2025-03-10T00:51:09.331444+00:00' AIRFLOW_CTX_TRY_NUMBER='1' AIRFLOW_CTX_DAG_RUN_ID='manual__2025-03-10T00:51:09.331444+00:00'
[2025-03-10T00:51:12.920+0000] {python.py:183} INFO - Done. Returned value was:      species  island  culmen_length_mm  ...  flipper_length_mm  body_mass_g  sex
0          0       2          0.254545  ...           0.152542       3750.0    1
1          0       2          0.269091  ...           0.237288       3800.0    0
2          0       2          0.298182  ...           0.389831       3250.0    0
4          0       2          0.167273  ...           0.355932       3450.0    0
5          0       2          0.261818  ...           0.305085       3650.0    1
..       ...     ...               ...  ...                ...          ...  ...
338        2       0          0.549091  ...           0.711864       4925.0    0
340        2       0          0.534545  ...           0.728814       4850.0    0
341        2       0          0.665455  ...           0.847458       5750.0    1
342        2       0          0.476364  ...           0.677966       5200.0    0
343        2       0          0.647273  ...           0.694915       5400.0    1

[333 rows x 7 columns]
[2025-03-10T00:51:13.078+0000] {taskinstance.py:1373} INFO - Marking task as SUCCESS. dag_id=clean_transform_data, task_id=transform_data, execution_date=20250310T005109, start_date=20250310T005112, end_date=20250310T005113
[2025-03-10T00:51:13.133+0000] {local_task_job_runner.py:232} INFO - Task exited with return code 0
[2025-03-10T00:51:13.170+0000] {taskinstance.py:2674} INFO - 0 downstream tasks scheduled from follow-on schedule check
