[2025-05-01T03:14:08.233+0000] {local_task_job_runner.py:120} INFO - ::group::Pre task execution logs
[2025-05-01T03:14:08.334+0000] {taskinstance.py:2073} INFO - Dependencies all met for dep_context=non-requeueable deps ti=<TaskInstance: iniciar_tabla_mysql.start_table manual__2025-05-01T03:14:04.728913+00:00 [queued]>
[2025-05-01T03:14:08.362+0000] {taskinstance.py:2073} INFO - Dependencies all met for dep_context=requeueable deps ti=<TaskInstance: iniciar_tabla_mysql.start_table manual__2025-05-01T03:14:04.728913+00:00 [queued]>
[2025-05-01T03:14:08.363+0000] {taskinstance.py:2303} INFO - Starting attempt 1 of 2
[2025-05-01T03:14:08.394+0000] {taskinstance.py:2327} INFO - Executing <Task(PythonOperator): start_table> on 2025-05-01 03:14:04.728913+00:00
[2025-05-01T03:14:08.412+0000] {standard_task_runner.py:63} INFO - Started process 325 to run task
[2025-05-01T03:14:08.423+0000] {standard_task_runner.py:90} INFO - Running: ['***', 'tasks', 'run', 'iniciar_tabla_mysql', 'start_table', 'manual__2025-05-01T03:14:04.728913+00:00', '--job-id', '11', '--raw', '--subdir', 'DAGS_FOLDER/mysql_start_table.py', '--cfg-path', '/tmp/tmpwaekghko']
[2025-05-01T03:14:08.432+0000] {standard_task_runner.py:91} INFO - Job 11: Subtask start_table
[2025-05-01T03:14:08.590+0000] {task_command.py:426} INFO - Running <TaskInstance: iniciar_tabla_mysql.start_table manual__2025-05-01T03:14:04.728913+00:00 [running]> on host 8a845f61fad8
[2025-05-01T03:14:08.751+0000] {taskinstance.py:2644} INFO - Exporting env vars: AIRFLOW_CTX_DAG_OWNER='***' AIRFLOW_CTX_DAG_ID='iniciar_tabla_mysql' AIRFLOW_CTX_TASK_ID='start_table' AIRFLOW_CTX_EXECUTION_DATE='2025-05-01T03:14:04.728913+00:00' AIRFLOW_CTX_TRY_NUMBER='1' AIRFLOW_CTX_DAG_RUN_ID='manual__2025-05-01T03:14:04.728913+00:00'
[2025-05-01T03:14:08.753+0000] {taskinstance.py:430} INFO - ::endgroup::
[2025-05-01T03:14:08.792+0000] {taskinstance.py:441} INFO - ::group::Post task execution logs
[2025-05-01T03:14:08.804+0000] {taskinstance.py:2890} ERROR - Task failed with exception
Traceback (most recent call last):
  File "/home/airflow/.local/lib/python3.8/site-packages/airflow/models/taskinstance.py", line 465, in _execute_task
    result = _execute_callable(context=context, **execute_callable_kwargs)
  File "/home/airflow/.local/lib/python3.8/site-packages/airflow/models/taskinstance.py", line 432, in _execute_callable
    return execute_callable(context=context, **execute_callable_kwargs)
  File "/home/airflow/.local/lib/python3.8/site-packages/airflow/models/baseoperator.py", line 400, in wrapper
    return func(self, *args, **kwargs)
  File "/home/airflow/.local/lib/python3.8/site-packages/airflow/operators/python.py", line 235, in execute
    return_value = self.execute_callable()
  File "/home/airflow/.local/lib/python3.8/site-packages/airflow/operators/python.py", line 252, in execute_callable
    return self.python_callable(*self.op_args, **self.op_kwargs)
  File "/opt/airflow/dags/mysql_start_table.py", line 12, in start_table
    engine = mysql_hook.get_sqlalchemy_engine()
  File "/home/airflow/.local/lib/python3.8/site-packages/airflow/providers/common/sql/hooks/sql.py", line 203, in get_sqlalchemy_engine
    return create_engine(self.get_uri(), **engine_kwargs)
  File "/home/airflow/.local/lib/python3.8/site-packages/airflow/providers/common/sql/hooks/sql.py", line 190, in get_uri
    conn = self.get_connection(getattr(self, self.conn_name_attr))
  File "/home/airflow/.local/lib/python3.8/site-packages/airflow/hooks/base.py", line 83, in get_connection
    conn = Connection.get_connection_from_secrets(conn_id)
  File "/home/airflow/.local/lib/python3.8/site-packages/airflow/models/connection.py", line 519, in get_connection_from_secrets
    raise AirflowNotFoundException(f"The conn_id `{conn_id}` isn't defined")
airflow.exceptions.AirflowNotFoundException: The conn_id `mysql_***_conn` isn't defined
[2025-05-01T03:14:08.810+0000] {taskinstance.py:1205} INFO - Marking task as UP_FOR_RETRY. dag_id=iniciar_tabla_mysql, task_id=start_table, execution_date=20250501T031404, start_date=20250501T031408, end_date=20250501T031408
[2025-05-01T03:14:08.847+0000] {standard_task_runner.py:110} ERROR - Failed to execute job 11 for task start_table (The conn_id `mysql_***_conn` isn't defined; 325)
[2025-05-01T03:14:08.882+0000] {local_task_job_runner.py:240} INFO - Task exited with return code 1
[2025-05-01T03:14:08.910+0000] {taskinstance.py:3482} INFO - 0 downstream tasks scheduled from follow-on schedule check
[2025-05-01T03:14:08.912+0000] {local_task_job_runner.py:222} INFO - ::endgroup::
