2025-04-12 06:13:28,768 - INFO - Iniciando prueba - límite memoria: No disponible ([Errno 2] No such file or directory: '/sys/fs/cgroup/memory/memory.limit_in_bytes')
2025-04-12 06:17:03,987 - INFO - Iniciando prueba - límite memoria: No disponible ([Errno 2] No such file or directory: '/sys/fs/cgroup/memory/memory.limit_in_bytes')
2025-04-12 06:20:46,777 - INFO - Iniciando prueba - límite memoria: Ilimitado
2025-04-12 06:33:36,269 - INFO - Iniciando prueba - límite memoria: Ilimitado
2025-04-12 06:33:36,270 - INFO - Iniciando prueba - replicas: 3
2025-04-12 06:33:36,271 - INFO - Iniciando prueba - cpu: 1
2025-04-12 06:33:36,271 - INFO - Iniciando prueba - memoria: 1000M
2025-04-12 06:41:36,423 - INFO - Iniciando prueba - replicas: No especificado
2025-04-12 06:41:36,424 - INFO - Iniciando prueba - cpu: No especificado
2025-04-12 06:41:36,424 - INFO - Iniciando prueba - memoria: No especificado
2025-04-12 06:54:30,475 - INFO - Iniciando prueba - replicas: No especificado
2025-04-12 06:54:30,475 - INFO - Iniciando prueba - cpu: No especificado
2025-04-12 06:54:30,475 - INFO - Iniciando prueba - memoria: No especificado
2025-04-12 07:05:07,606 - INFO - Iniciando prueba - replicas: No especificado
2025-04-12 07:05:07,606 - INFO - Iniciando prueba - cpu: No especificado
2025-04-12 07:05:07,607 - INFO - Iniciando prueba - memoria: No especificado
2025-04-12 07:49:22,032 - INFO - Iniciando prueba - replicas: 2
2025-04-12 07:49:22,032 - INFO - Iniciando prueba - cpu: 1.5
2025-04-12 07:49:22,032 - INFO - Iniciando prueba - memoria: 1000M
2025-04-12 08:00:17,094 - INFO - Iniciando prueba - replicas: No especificado
2025-04-12 08:00:17,094 - INFO - Iniciando prueba - cpu: No especificado
2025-04-12 08:00:17,094 - INFO - Iniciando prueba - memoria: No especificado
2025-04-12 08:00:34,344 - INFO - Iniciando prueba - replicas: No especificado
2025-04-12 08:00:34,345 - INFO - Iniciando prueba - cpu: No especificado
2025-04-12 08:00:34,345 - INFO - Iniciando prueba - memoria: No especificado
2025-04-12 08:05:30,126 - INFO - Iniciando prueba - replicas: No especificado
2025-04-12 08:05:30,127 - INFO - Iniciando prueba - cpu: No especificado
2025-04-12 08:05:30,128 - INFO - Iniciando prueba - memoria: No especificado
2025-04-12 08:05:34,704 - INFO - Iniciando prueba - replicas: No especificado
2025-04-12 08:05:34,707 - INFO - Iniciando prueba - cpu: No especificado
2025-04-12 08:05:34,707 - INFO - Iniciando prueba - memoria: No especificado
2025-04-12 08:19:37,519 - INFO - Iniciando prueba - replicas: No especificado
2025-04-12 08:19:37,519 - INFO - Iniciando prueba - cpu: No especificado
2025-04-12 08:19:37,520 - INFO - Iniciando prueba - memoria: No especificado
2025-04-12 08:19:37,547 - INFO - Iniciando prueba - replicas: No especificado
2025-04-12 08:19:37,550 - INFO - Iniciando prueba - cpu: No especificado
2025-04-12 08:19:37,550 - INFO - Iniciando prueba - memoria: No especificado
2025-04-12 08:19:39,203 - INFO - Iniciando prueba - replicas: No especificado
2025-04-12 08:19:39,204 - INFO - Iniciando prueba - cpu: No especificado
2025-04-12 08:19:39,204 - INFO - Iniciando prueba - memoria: No especificado
2025-04-12 08:19:40,935 - INFO - Iniciando prueba - replicas: No especificado
2025-04-12 08:19:40,935 - INFO - Iniciando prueba - cpu: No especificado
2025-04-12 08:19:40,935 - INFO - Iniciando prueba - memoria: No especificado
2025-04-12 08:26:45,912 - INFO - Iniciando prueba - replicas: No especificado
2025-04-12 08:26:45,912 - INFO - Iniciando prueba - cpu: No especificado
2025-04-12 08:26:45,912 - INFO - Iniciando prueba - memoria: No especificado
2025-04-12 08:26:46,745 - INFO - Iniciando prueba - replicas: No especificado
2025-04-12 08:26:46,746 - INFO - Iniciando prueba - cpu: No especificado
2025-04-12 08:26:46,746 - INFO - Iniciando prueba - memoria: No especificado
2025-04-12 08:26:49,451 - INFO - Iniciando prueba - replicas: No especificado
2025-04-12 08:26:49,456 - INFO - Iniciando prueba - cpu: No especificado
2025-04-12 08:26:49,457 - INFO - Iniciando prueba - memoria: No especificado
2025-04-12 08:26:51,096 - INFO - Iniciando prueba - replicas: No especificado
2025-04-12 08:26:51,097 - INFO - Iniciando prueba - cpu: No especificado
2025-04-12 08:26:51,097 - INFO - Iniciando prueba - memoria: No especificado
2025-04-12 08:28:11,819 - INFO - Iniciando prueba - replicas: No especificado
2025-04-12 08:28:11,820 - INFO - Iniciando prueba - cpu: No especificado
2025-04-12 08:28:11,820 - INFO - Iniciando prueba - memoria: No especificado
2025-04-12 08:28:13,505 - INFO - Iniciando prueba - replicas: No especificado
2025-04-12 08:28:13,506 - INFO - Iniciando prueba - cpu: No especificado
2025-04-12 08:28:13,506 - INFO - Iniciando prueba - memoria: No especificado
2025-04-12 08:28:15,817 - INFO - Iniciando prueba - replicas: No especificado
2025-04-12 08:28:15,818 - INFO - Iniciando prueba - cpu: No especificado
2025-04-12 08:28:15,818 - INFO - Iniciando prueba - memoria: No especificado
2025-04-12 08:28:17,387 - INFO - Iniciando prueba - replicas: No especificado
2025-04-12 08:28:17,387 - INFO - Iniciando prueba - cpu: No especificado
2025-04-12 08:28:17,387 - INFO - Iniciando prueba - memoria: No especificado
2025-04-12 08:28:19,071 - INFO - Iniciando prueba - replicas: No especificado
2025-04-12 08:28:19,072 - INFO - Iniciando prueba - cpu: No especificado
2025-04-12 08:28:19,072 - INFO - Iniciando prueba - memoria: No especificado
2025-04-12 08:28:20,292 - INFO - Iniciando prueba - replicas: No especificado
2025-04-12 08:28:20,292 - INFO - Iniciando prueba - cpu: No especificado
2025-04-12 08:28:20,292 - INFO - Iniciando prueba - memoria: No especificado
2025-04-12 08:33:51,861 - INFO - Iniciando prueba - replicas: No especificado
2025-04-12 08:33:51,863 - INFO - Iniciando prueba - cpu: No especificado
2025-04-12 08:33:51,864 - INFO - Iniciando prueba - memoria: No especificado
2025-04-12 08:33:51,886 - INFO - Iniciando prueba - replicas: No especificado
2025-04-12 08:33:51,890 - INFO - Iniciando prueba - cpu: No especificado
2025-04-12 08:33:51,890 - INFO - Iniciando prueba - memoria: No especificado
2025-04-12 08:33:54,287 - INFO - Iniciando prueba - replicas: No especificado
2025-04-12 08:33:54,287 - INFO - Iniciando prueba - cpu: No especificado
2025-04-12 08:33:54,287 - INFO - Iniciando prueba - memoria: No especificado
2025-04-12 08:33:56,753 - INFO - Iniciando prueba - replicas: No especificado
2025-04-12 08:33:56,754 - INFO - Iniciando prueba - cpu: No especificado
2025-04-12 08:33:56,754 - INFO - Iniciando prueba - memoria: No especificado
2025-04-12 08:33:59,207 - INFO - Iniciando prueba - replicas: No especificado
2025-04-12 08:33:59,208 - INFO - Iniciando prueba - cpu: No especificado
2025-04-12 08:33:59,209 - INFO - Iniciando prueba - memoria: No especificado
2025-04-12 08:34:01,061 - INFO - Iniciando prueba - replicas: No especificado
2025-04-12 08:34:01,062 - INFO - Iniciando prueba - cpu: No especificado
2025-04-12 08:34:01,062 - INFO - Iniciando prueba - memoria: No especificado
2025-04-23 01:11:29,728 - INFO - Iniciando prueba - replicas: No especificado
2025-04-23 01:11:29,730 - INFO - Iniciando prueba - cpu: No especificado
2025-04-23 01:11:29,731 - INFO - Iniciando prueba - memoria: No especificado
2025-04-23 01:11:29,731 - INFO - Iniciando prueba - replicas: No especificado
2025-04-23 01:11:29,731 - INFO - Iniciando prueba - cpu: No especificado
2025-04-23 01:11:29,732 - INFO - Iniciando prueba - memoria: No especificado
2025-04-23 01:11:29,732 - INFO - Iniciando prueba - replicas: No especificado
2025-04-23 01:11:29,734 - INFO - Iniciando prueba - cpu: No especificado
2025-04-23 01:11:29,736 - INFO - Iniciando prueba - memoria: No especificado
2025-04-23 01:11:30,708 - INFO - Iniciando prueba - replicas: No especificado
2025-04-23 01:11:30,709 - INFO - Iniciando prueba - cpu: No especificado
2025-04-23 01:11:30,709 - INFO - Iniciando prueba - memoria: No especificado
2025-04-23 01:11:31,502 - INFO - Iniciando prueba - replicas: No especificado
2025-04-23 01:11:31,502 - INFO - Iniciando prueba - cpu: No especificado
2025-04-23 01:11:31,502 - INFO - Iniciando prueba - memoria: No especificado
2025-04-23 01:11:32,219 - INFO - Iniciando prueba - replicas: No especificado
2025-04-23 01:11:32,219 - INFO - Iniciando prueba - cpu: No especificado
2025-04-23 01:11:32,219 - INFO - Iniciando prueba - memoria: No especificado
