[2025-03-10T00:11:30.236+0000] {taskinstance.py:1125} INFO - Dependencies all met for dep_context=non-requeueable deps ti=<TaskInstance: load_data_mysql.load_data manual__2025-03-10T00:11:27.798692+00:00 [queued]>
[2025-03-10T00:11:30.272+0000] {taskinstance.py:1125} INFO - Dependencies all met for dep_context=requeueable deps ti=<TaskInstance: load_data_mysql.load_data manual__2025-03-10T00:11:27.798692+00:00 [queued]>
[2025-03-10T00:11:30.273+0000] {taskinstance.py:1331} INFO - Starting attempt 1 of 2
[2025-03-10T00:11:30.314+0000] {taskinstance.py:1350} INFO - Executing <Task(PythonOperator): load_data> on 2025-03-10 00:11:27.798692+00:00
[2025-03-10T00:11:30.326+0000] {standard_task_runner.py:57} INFO - Started process 864 to run task
[2025-03-10T00:11:30.341+0000] {standard_task_runner.py:84} INFO - Running: ['***', 'tasks', 'run', 'load_data_mysql', 'load_data', 'manual__2025-03-10T00:11:27.798692+00:00', '--job-id', '49', '--raw', '--subdir', 'DAGS_FOLDER/load_mysql.py', '--cfg-path', '/tmp/tmpb4avudja']
[2025-03-10T00:11:30.347+0000] {standard_task_runner.py:85} INFO - Job 49: Subtask load_data
[2025-03-10T00:11:30.509+0000] {task_command.py:410} INFO - Running <TaskInstance: load_data_mysql.load_data manual__2025-03-10T00:11:27.798692+00:00 [running]> on host d7c1c9924032
[2025-03-10T00:11:30.799+0000] {taskinstance.py:1570} INFO - Exporting env vars: AIRFLOW_CTX_DAG_OWNER='***' AIRFLOW_CTX_DAG_ID='load_data_mysql' AIRFLOW_CTX_TASK_ID='load_data' AIRFLOW_CTX_EXECUTION_DATE='2025-03-10T00:11:27.798692+00:00' AIRFLOW_CTX_TRY_NUMBER='1' AIRFLOW_CTX_DAG_RUN_ID='manual__2025-03-10T00:11:27.798692+00:00'
[2025-03-10T00:11:30.834+0000] {base.py:73} INFO - Using connection ID 'mysql_***_conn' for task execution.
[2025-03-10T00:11:30.880+0000] {python.py:183} INFO - Done. Returned value was:     species     island  ...  body_mass_g     sex
0    Adelie  Torgersen  ...       3750.0    MALE
1    Adelie  Torgersen  ...       3800.0  FEMALE
2    Adelie  Torgersen  ...       3250.0  FEMALE
3    Adelie  Torgersen  ...          NaN    None
4    Adelie  Torgersen  ...       3450.0  FEMALE
..      ...        ...  ...          ...     ...
339  Gentoo     Biscoe  ...          NaN    None
340  Gentoo     Biscoe  ...       4850.0  FEMALE
341  Gentoo     Biscoe  ...       5750.0    MALE
342  Gentoo     Biscoe  ...       5200.0  FEMALE
343  Gentoo     Biscoe  ...       5400.0    MALE

[344 rows x 7 columns]
[2025-03-10T00:11:31.515+0000] {taskinstance.py:1373} INFO - Marking task as SUCCESS. dag_id=load_data_mysql, task_id=load_data, execution_date=20250310T001127, start_date=20250310T001130, end_date=20250310T001131
[2025-03-10T00:11:31.604+0000] {local_task_job_runner.py:232} INFO - Task exited with return code 0
[2025-03-10T00:11:31.655+0000] {taskinstance.py:2674} INFO - 0 downstream tasks scheduled from follow-on schedule check
