[2025-03-30T22:35:11.287+0000] {taskinstance.py:1125} INFO - Dependencies all met for dep_context=non-requeueable deps ti=<TaskInstance: train_model.train_model manual__2025-03-30T22:30:02.000625+00:00 [queued]>
[2025-03-30T22:35:11.317+0000] {taskinstance.py:1125} INFO - Dependencies all met for dep_context=requeueable deps ti=<TaskInstance: train_model.train_model manual__2025-03-30T22:30:02.000625+00:00 [queued]>
[2025-03-30T22:35:11.317+0000] {taskinstance.py:1331} INFO - Starting attempt 2 of 2
[2025-03-30T22:35:11.349+0000] {taskinstance.py:1350} INFO - Executing <Task(PythonOperator): train_model> on 2025-03-30 22:30:02.000625+00:00
[2025-03-30T22:35:11.372+0000] {standard_task_runner.py:57} INFO - Started process 1200 to run task
[2025-03-30T22:35:11.384+0000] {standard_task_runner.py:84} INFO - Running: ['***', 'tasks', 'run', 'train_model', 'train_model', 'manual__2025-03-30T22:30:02.000625+00:00', '--job-id', '469', '--raw', '--subdir', 'DAGS_FOLDER/train.py', '--cfg-path', '/tmp/tmpul344qqi']
[2025-03-30T22:35:11.388+0000] {standard_task_runner.py:85} INFO - Job 469: Subtask train_model
[2025-03-30T22:35:11.546+0000] {task_command.py:410} INFO - Running <TaskInstance: train_model.train_model manual__2025-03-30T22:30:02.000625+00:00 [running]> on host 4c428920f0ab
[2025-03-30T22:35:11.820+0000] {taskinstance.py:1570} INFO - Exporting env vars: AIRFLOW_CTX_DAG_OWNER='***' AIRFLOW_CTX_DAG_ID='train_model' AIRFLOW_CTX_TASK_ID='train_model' AIRFLOW_CTX_EXECUTION_DATE='2025-03-30T22:30:02.000625+00:00' AIRFLOW_CTX_TRY_NUMBER='2' AIRFLOW_CTX_DAG_RUN_ID='manual__2025-03-30T22:30:02.000625+00:00'
[2025-03-30T22:35:11.854+0000] {base.py:73} INFO - Using connection ID 'mysql_***_conn' for task execution.
[2025-03-30T22:35:11.902+0000] {taskinstance.py:1847} ERROR - Task failed with exception
Traceback (most recent call last):
  File "/home/airflow/.local/lib/python3.7/site-packages/airflow/operators/python.py", line 181, in execute
    return_value = self.execute_callable()
  File "/home/airflow/.local/lib/python3.7/site-packages/airflow/operators/python.py", line 198, in execute_callable
    return self.python_callable(*self.op_args, **self.op_kwargs)
  File "/opt/airflow/dags/train.py", line 51, in train_model
    X_train, X_test, y_train, y_test = train_test_split(X, y, random_state=50, test_size=0.30)
  File "/home/airflow/.local/lib/python3.7/site-packages/sklearn/model_selection/_split.py", line 2421, in train_test_split
    n_samples, test_size, train_size, default_test_size=0.25
  File "/home/airflow/.local/lib/python3.7/site-packages/sklearn/model_selection/_split.py", line 2101, in _validate_shuffle_split
    "aforementioned parameters.".format(n_samples, test_size, train_size)
ValueError: With n_samples=0, test_size=0.3 and train_size=None, the resulting train set will be empty. Adjust any of the aforementioned parameters.
[2025-03-30T22:35:11.938+0000] {taskinstance.py:1373} INFO - Marking task as FAILED. dag_id=train_model, task_id=train_model, execution_date=20250330T223002, start_date=20250330T223511, end_date=20250330T223511
[2025-03-30T22:35:11.978+0000] {standard_task_runner.py:109} ERROR - Failed to execute job 469 for task train_model (With n_samples=0, test_size=0.3 and train_size=None, the resulting train set will be empty. Adjust any of the aforementioned parameters.; 1200)
[2025-03-30T22:35:12.048+0000] {local_task_job_runner.py:232} INFO - Task exited with return code 1
[2025-03-30T22:35:12.084+0000] {taskinstance.py:2674} INFO - 0 downstream tasks scheduled from follow-on schedule check
