[2025-05-03T08:04:12.714+0000] {local_task_job_runner.py:120} INFO - ::group::Pre task execution logs
[2025-05-03T08:04:12.884+0000] {taskinstance.py:2073} INFO - Dependencies all met for dep_context=non-requeueable deps ti=<TaskInstance: diabetes_data_pipeline.save_train_data manual__2025-05-03T08:03:23.005332+00:00 [queued]>
[2025-05-03T08:04:12.938+0000] {taskinstance.py:2073} INFO - Dependencies all met for dep_context=requeueable deps ti=<TaskInstance: diabetes_data_pipeline.save_train_data manual__2025-05-03T08:03:23.005332+00:00 [queued]>
[2025-05-03T08:04:12.939+0000] {taskinstance.py:2303} INFO - Starting attempt 1 of 2
[2025-05-03T08:04:13.101+0000] {taskinstance.py:2327} INFO - Executing <Task(PythonOperator): save_train_data> on 2025-05-03 08:03:23.005332+00:00
[2025-05-03T08:04:13.262+0000] {standard_task_runner.py:63} INFO - Started process 2102 to run task
[2025-05-03T08:04:13.304+0000] {standard_task_runner.py:90} INFO - Running: ['***', 'tasks', 'run', 'diabetes_data_pipeline', 'save_train_data', 'manual__2025-05-03T08:03:23.005332+00:00', '--job-id', '253', '--raw', '--subdir', 'DAGS_FOLDER/process_and_clean_data.py', '--cfg-path', '/tmp/tmp19fv3vr_']
[2025-05-03T08:04:13.311+0000] {standard_task_runner.py:91} INFO - Job 253: Subtask save_train_data
[2025-05-03T08:04:13.732+0000] {task_command.py:426} INFO - Running <TaskInstance: diabetes_data_pipeline.save_train_data manual__2025-05-03T08:03:23.005332+00:00 [running]> on host e89618938543
[2025-05-03T08:04:14.233+0000] {taskinstance.py:2644} INFO - Exporting env vars: AIRFLOW_CTX_DAG_OWNER='***' AIRFLOW_CTX_DAG_ID='diabetes_data_pipeline' AIRFLOW_CTX_TASK_ID='save_train_data' AIRFLOW_CTX_EXECUTION_DATE='2025-05-03T08:03:23.005332+00:00' AIRFLOW_CTX_TRY_NUMBER='1' AIRFLOW_CTX_DAG_RUN_ID='manual__2025-05-03T08:03:23.005332+00:00'
[2025-05-03T08:04:14.239+0000] {taskinstance.py:430} INFO - ::endgroup::
[2025-05-03T08:04:30.742+0000] {process_and_clean_data.py:561} INFO - Guardando datos procesados en tabla diabetes_train_processed...
[2025-05-03T08:04:31.448+0000] {crypto.py:82} WARNING - empty cryptography key - values will not be stored encrypted.
[2025-05-03T08:04:31.449+0000] {base.py:84} INFO - Using connection ID 'mysql_diabetes_conn' for task execution.
[2025-05-03T08:04:31.489+0000] {sql.py:457} INFO - Running statement: DROP TABLE IF EXISTS diabetes_train_processed, parameters: None
[2025-05-03T08:04:31.883+0000] {sql.py:466} INFO - Rows affected: 0
[2025-05-03T08:04:31.920+0000] {base.py:84} INFO - Using connection ID 'mysql_diabetes_conn' for task execution.
[2025-05-03T08:04:31.993+0000] {sql.py:457} INFO - Running statement: 
        CREATE TABLE diabetes_train_processed (
            `feature_0` FLOAT, `feature_1` FLOAT, `feature_2` FLOAT, `feature_3` FLOAT, `feature_4` FLOAT, `feature_5` FLOAT, `feature_6` FLOAT, `feature_7` FLOAT, `feature_8` FLOAT, `feature_9` INT, `feature_10` INT, `feature_11` INT, `feature_12` INT, `feature_13` INT, `feature_14` INT, `feature_15` INT, `feature_16` INT, `feature_17` INT, `feature_18` INT, `feature_19` INT, `feature_20` INT, `feature_21` INT, `feature_22` INT, `feature_23` INT, `feature_24` INT, `feature_25` INT, `feature_26` INT, `feature_27` INT, `feature_28` INT, `feature_29` INT, `feature_30` INT, `feature_31` INT, `feature_32` INT, `feature_33` INT, `feature_34` INT, `feature_35` INT, `feature_36` INT, `feature_37` INT, `feature_38` INT, `feature_39` INT, `feature_40` INT, `feature_41` INT, `feature_42` INT, `feature_43` INT, `feature_44` INT, `feature_45` INT, `feature_46` INT, `feature_47` INT, `feature_48` INT, `feature_49` INT, `feature_50` INT, `feature_51` INT, `feature_52` INT, `feature_53` INT, `feature_54` INT, `feature_55` INT, `feature_56` INT, `feature_57` INT, `feature_58` INT, `feature_59` INT, `feature_60` INT, `feature_61` INT, `feature_62` INT, `feature_63` INT, `feature_64` INT, `feature_65` INT, `feature_66` INT, `feature_67` INT, `feature_68` INT, `feature_69` INT, `feature_70` INT, `feature_71` INT, `feature_72` INT, `feature_73` INT, `feature_74` INT, `feature_75` INT, `feature_76` INT, `feature_77` INT, `feature_78` INT, `feature_79` INT, `feature_80` INT, `target` VARCHAR(255), `encounter_id` INT, `patient_nbr` INT
        )
        , parameters: None
[2025-05-03T08:04:32.212+0000] {sql.py:466} INFO - Rows affected: 0
[2025-05-03T08:04:43.391+0000] {base.py:84} INFO - Using connection ID 'mysql_diabetes_conn' for task execution.
[2025-05-03T08:04:43.422+0000] {process_and_clean_data.py:693} ERROR - ✗ Error al guardar datos en tabla diabetes_train_processed: (2002, "Can't connect to server on 'mysql_diabetes' (115)")
[2025-05-03T08:04:43.429+0000] {process_and_clean_data.py:697} INFO - Intentando método alternativo de guardado...
[2025-05-03T08:04:43.719+0000] {base.py:84} INFO - Using connection ID 'mysql_diabetes_conn' for task execution.
[2025-05-03T08:04:43.731+0000] {sql.py:457} INFO - Running statement: DROP TABLE IF EXISTS diabetes_train_processed, parameters: None
[2025-05-03T08:04:43.836+0000] {sql.py:466} INFO - Rows affected: 0
[2025-05-03T08:04:43.891+0000] {base.py:84} INFO - Using connection ID 'mysql_diabetes_conn' for task execution.
[2025-05-03T08:04:43.925+0000] {sql.py:457} INFO - Running statement: 
            CREATE TABLE diabetes_train_processed (
                `target` VARCHAR(255), `encounter_id` VARCHAR(50), `patient_nbr` VARCHAR(50), `feature_0` VARCHAR(50), `feature_1` VARCHAR(50), `feature_2` VARCHAR(50), `feature_3` VARCHAR(50), `feature_4` VARCHAR(50), `feature_5` VARCHAR(50), `feature_6` VARCHAR(50), `feature_7` VARCHAR(50), `feature_8` VARCHAR(50), `feature_9` VARCHAR(50), `feature_10` VARCHAR(50), `feature_11` VARCHAR(50), `feature_12` VARCHAR(50), `feature_13` VARCHAR(50), `feature_14` VARCHAR(50), `feature_15` VARCHAR(50), `feature_16` VARCHAR(50), `feature_17` VARCHAR(50), `feature_18` VARCHAR(50), `feature_19` VARCHAR(50)
            )
            , parameters: None
[2025-05-03T08:04:44.010+0000] {sql.py:466} INFO - Rows affected: 0
[2025-05-03T08:05:05.671+0000] {base.py:84} INFO - Using connection ID 'mysql_diabetes_conn' for task execution.
[2025-05-03T08:05:06.330+0000] {sql.py:580} INFO - Done loading. Loaded a total of 100 rows into diabetes_train_processed
[2025-05-03T08:05:06.409+0000] {process_and_clean_data.py:745} INFO -   - Insertado lote 1: 100/61059
[2025-05-03T08:05:06.455+0000] {base.py:84} INFO - Using connection ID 'mysql_diabetes_conn' for task execution.
[2025-05-03T08:05:07.650+0000] {sql.py:580} INFO - Done loading. Loaded a total of 100 rows into diabetes_train_processed
[2025-05-03T08:05:07.651+0000] {process_and_clean_data.py:745} INFO -   - Insertado lote 2: 200/61059
[2025-05-03T08:05:07.652+0000] {base.py:84} INFO - Using connection ID 'mysql_diabetes_conn' for task execution.
[2025-05-03T08:05:07.739+0000] {sql.py:580} INFO - Done loading. Loaded a total of 100 rows into diabetes_train_processed
[2025-05-03T08:05:07.741+0000] {process_and_clean_data.py:745} INFO -   - Insertado lote 3: 300/61059
[2025-05-03T08:05:07.777+0000] {base.py:84} INFO - Using connection ID 'mysql_diabetes_conn' for task execution.
[2025-05-03T08:05:08.581+0000] {sql.py:580} INFO - Done loading. Loaded a total of 100 rows into diabetes_train_processed
[2025-05-03T08:05:08.602+0000] {process_and_clean_data.py:745} INFO -   - Insertado lote 4: 400/61059
[2025-05-03T08:05:08.610+0000] {base.py:84} INFO - Using connection ID 'mysql_diabetes_conn' for task execution.
[2025-05-03T08:05:11.466+0000] {sql.py:580} INFO - Done loading. Loaded a total of 100 rows into diabetes_train_processed
[2025-05-03T08:05:11.466+0000] {process_and_clean_data.py:745} INFO -   - Insertado lote 5: 500/61059
[2025-05-03T08:05:11.467+0000] {base.py:84} INFO - Using connection ID 'mysql_diabetes_conn' for task execution.
[2025-05-03T08:05:13.359+0000] {sql.py:580} INFO - Done loading. Loaded a total of 100 rows into diabetes_train_processed
[2025-05-03T08:05:13.365+0000] {process_and_clean_data.py:745} INFO -   - Insertado lote 6: 600/61059
[2025-05-03T08:05:13.370+0000] {base.py:84} INFO - Using connection ID 'mysql_diabetes_conn' for task execution.
[2025-05-03T08:05:14.132+0000] {sql.py:580} INFO - Done loading. Loaded a total of 100 rows into diabetes_train_processed
[2025-05-03T08:05:14.136+0000] {process_and_clean_data.py:745} INFO -   - Insertado lote 7: 700/61059
[2025-05-03T08:05:14.151+0000] {base.py:84} INFO - Using connection ID 'mysql_diabetes_conn' for task execution.
[2025-05-03T08:05:16.871+0000] {sql.py:580} INFO - Done loading. Loaded a total of 100 rows into diabetes_train_processed
[2025-05-03T08:05:16.924+0000] {process_and_clean_data.py:745} INFO -   - Insertado lote 8: 800/61059
[2025-05-03T08:05:16.936+0000] {base.py:84} INFO - Using connection ID 'mysql_diabetes_conn' for task execution.
[2025-05-03T08:05:18.860+0000] {sql.py:580} INFO - Done loading. Loaded a total of 100 rows into diabetes_train_processed
[2025-05-03T08:05:18.878+0000] {process_and_clean_data.py:745} INFO -   - Insertado lote 9: 900/61059
[2025-05-03T08:05:18.919+0000] {base.py:84} INFO - Using connection ID 'mysql_diabetes_conn' for task execution.
[2025-05-03T08:05:19.922+0000] {sql.py:580} INFO - Done loading. Loaded a total of 100 rows into diabetes_train_processed
[2025-05-03T08:05:19.952+0000] {process_and_clean_data.py:745} INFO -   - Insertado lote 10: 1000/61059
[2025-05-03T08:05:20.022+0000] {base.py:84} INFO - Using connection ID 'mysql_diabetes_conn' for task execution.
[2025-05-03T08:05:21.601+0000] {sql.py:580} INFO - Done loading. Loaded a total of 100 rows into diabetes_train_processed
[2025-05-03T08:05:21.606+0000] {process_and_clean_data.py:745} INFO -   - Insertado lote 11: 1100/61059
[2025-05-03T08:05:21.616+0000] {base.py:84} INFO - Using connection ID 'mysql_diabetes_conn' for task execution.
[2025-05-03T08:05:21.816+0000] {sql.py:580} INFO - Done loading. Loaded a total of 100 rows into diabetes_train_processed
[2025-05-03T08:05:21.818+0000] {process_and_clean_data.py:745} INFO -   - Insertado lote 12: 1200/61059
[2025-05-03T08:05:21.822+0000] {base.py:84} INFO - Using connection ID 'mysql_diabetes_conn' for task execution.
[2025-05-03T08:05:22.803+0000] {sql.py:580} INFO - Done loading. Loaded a total of 100 rows into diabetes_train_processed
[2025-05-03T08:05:22.818+0000] {process_and_clean_data.py:745} INFO -   - Insertado lote 13: 1300/61059
[2025-05-03T08:05:22.869+0000] {base.py:84} INFO - Using connection ID 'mysql_diabetes_conn' for task execution.
[2025-05-03T08:05:25.548+0000] {sql.py:580} INFO - Done loading. Loaded a total of 100 rows into diabetes_train_processed
[2025-05-03T08:05:25.589+0000] {process_and_clean_data.py:745} INFO -   - Insertado lote 14: 1400/61059
[2025-05-03T08:05:25.730+0000] {base.py:84} INFO - Using connection ID 'mysql_diabetes_conn' for task execution.
[2025-05-03T08:05:26.753+0000] {sql.py:580} INFO - Done loading. Loaded a total of 100 rows into diabetes_train_processed
[2025-05-03T08:05:26.755+0000] {process_and_clean_data.py:745} INFO -   - Insertado lote 15: 1500/61059
[2025-05-03T08:05:26.757+0000] {base.py:84} INFO - Using connection ID 'mysql_diabetes_conn' for task execution.
[2025-05-03T08:05:28.325+0000] {sql.py:580} INFO - Done loading. Loaded a total of 100 rows into diabetes_train_processed
[2025-05-03T08:05:28.332+0000] {process_and_clean_data.py:745} INFO -   - Insertado lote 16: 1600/61059
[2025-05-03T08:05:28.337+0000] {base.py:84} INFO - Using connection ID 'mysql_diabetes_conn' for task execution.
[2025-05-03T08:05:30.033+0000] {sql.py:580} INFO - Done loading. Loaded a total of 100 rows into diabetes_train_processed
[2025-05-03T08:05:30.035+0000] {process_and_clean_data.py:745} INFO -   - Insertado lote 17: 1700/61059
[2025-05-03T08:05:30.076+0000] {base.py:84} INFO - Using connection ID 'mysql_diabetes_conn' for task execution.
[2025-05-03T08:05:31.836+0000] {sql.py:580} INFO - Done loading. Loaded a total of 100 rows into diabetes_train_processed
[2025-05-03T08:05:31.848+0000] {process_and_clean_data.py:745} INFO -   - Insertado lote 18: 1800/61059
[2025-05-03T08:05:31.856+0000] {base.py:84} INFO - Using connection ID 'mysql_diabetes_conn' for task execution.
[2025-05-03T08:05:33.627+0000] {sql.py:580} INFO - Done loading. Loaded a total of 100 rows into diabetes_train_processed
[2025-05-03T08:05:33.630+0000] {process_and_clean_data.py:745} INFO -   - Insertado lote 19: 1900/61059
[2025-05-03T08:05:33.643+0000] {base.py:84} INFO - Using connection ID 'mysql_diabetes_conn' for task execution.
[2025-05-03T08:05:34.849+0000] {sql.py:580} INFO - Done loading. Loaded a total of 100 rows into diabetes_train_processed
[2025-05-03T08:05:34.858+0000] {process_and_clean_data.py:745} INFO -   - Insertado lote 20: 2000/61059
[2025-05-03T08:05:34.860+0000] {base.py:84} INFO - Using connection ID 'mysql_diabetes_conn' for task execution.
[2025-05-03T08:05:35.344+0000] {sql.py:580} INFO - Done loading. Loaded a total of 100 rows into diabetes_train_processed
[2025-05-03T08:05:35.357+0000] {process_and_clean_data.py:745} INFO -   - Insertado lote 21: 2100/61059
[2025-05-03T08:05:35.366+0000] {base.py:84} INFO - Using connection ID 'mysql_diabetes_conn' for task execution.
[2025-05-03T08:05:36.136+0000] {sql.py:580} INFO - Done loading. Loaded a total of 100 rows into diabetes_train_processed
[2025-05-03T08:05:36.159+0000] {process_and_clean_data.py:745} INFO -   - Insertado lote 22: 2200/61059
[2025-05-03T08:05:36.173+0000] {base.py:84} INFO - Using connection ID 'mysql_diabetes_conn' for task execution.
[2025-05-03T08:05:37.393+0000] {sql.py:580} INFO - Done loading. Loaded a total of 100 rows into diabetes_train_processed
[2025-05-03T08:05:37.394+0000] {process_and_clean_data.py:745} INFO -   - Insertado lote 23: 2300/61059
[2025-05-03T08:05:37.440+0000] {base.py:84} INFO - Using connection ID 'mysql_diabetes_conn' for task execution.
[2025-05-03T08:05:38.975+0000] {sql.py:580} INFO - Done loading. Loaded a total of 100 rows into diabetes_train_processed
[2025-05-03T08:05:38.976+0000] {process_and_clean_data.py:745} INFO -   - Insertado lote 24: 2400/61059
[2025-05-03T08:05:38.997+0000] {base.py:84} INFO - Using connection ID 'mysql_diabetes_conn' for task execution.
[2025-05-03T08:05:39.998+0000] {sql.py:580} INFO - Done loading. Loaded a total of 100 rows into diabetes_train_processed
[2025-05-03T08:05:39.999+0000] {process_and_clean_data.py:745} INFO -   - Insertado lote 25: 2500/61059
[2025-05-03T08:05:40.001+0000] {base.py:84} INFO - Using connection ID 'mysql_diabetes_conn' for task execution.
[2025-05-03T08:05:41.097+0000] {sql.py:580} INFO - Done loading. Loaded a total of 100 rows into diabetes_train_processed
[2025-05-03T08:05:41.099+0000] {process_and_clean_data.py:745} INFO -   - Insertado lote 26: 2600/61059
[2025-05-03T08:05:41.104+0000] {base.py:84} INFO - Using connection ID 'mysql_diabetes_conn' for task execution.
[2025-05-03T08:05:41.528+0000] {sql.py:580} INFO - Done loading. Loaded a total of 100 rows into diabetes_train_processed
[2025-05-03T08:05:41.528+0000] {process_and_clean_data.py:745} INFO -   - Insertado lote 27: 2700/61059
[2025-05-03T08:05:41.530+0000] {base.py:84} INFO - Using connection ID 'mysql_diabetes_conn' for task execution.
[2025-05-03T08:05:42.021+0000] {sql.py:580} INFO - Done loading. Loaded a total of 100 rows into diabetes_train_processed
[2025-05-03T08:05:42.021+0000] {process_and_clean_data.py:745} INFO -   - Insertado lote 28: 2800/61059
[2025-05-03T08:05:42.046+0000] {base.py:84} INFO - Using connection ID 'mysql_diabetes_conn' for task execution.
[2025-05-03T08:05:43.048+0000] {sql.py:580} INFO - Done loading. Loaded a total of 100 rows into diabetes_train_processed
[2025-05-03T08:05:43.077+0000] {process_and_clean_data.py:745} INFO -   - Insertado lote 29: 2900/61059
[2025-05-03T08:05:43.122+0000] {base.py:84} INFO - Using connection ID 'mysql_diabetes_conn' for task execution.
[2025-05-03T08:05:43.804+0000] {sql.py:580} INFO - Done loading. Loaded a total of 100 rows into diabetes_train_processed
[2025-05-03T08:05:43.812+0000] {process_and_clean_data.py:745} INFO -   - Insertado lote 30: 3000/61059
[2025-05-03T08:05:43.814+0000] {base.py:84} INFO - Using connection ID 'mysql_diabetes_conn' for task execution.
[2025-05-03T08:05:44.839+0000] {sql.py:580} INFO - Done loading. Loaded a total of 100 rows into diabetes_train_processed
[2025-05-03T08:05:44.854+0000] {process_and_clean_data.py:745} INFO -   - Insertado lote 31: 3100/61059
[2025-05-03T08:05:44.894+0000] {base.py:84} INFO - Using connection ID 'mysql_diabetes_conn' for task execution.
[2025-05-03T08:05:45.582+0000] {sql.py:580} INFO - Done loading. Loaded a total of 100 rows into diabetes_train_processed
[2025-05-03T08:05:45.583+0000] {process_and_clean_data.py:745} INFO -   - Insertado lote 32: 3200/61059
[2025-05-03T08:05:45.601+0000] {base.py:84} INFO - Using connection ID 'mysql_diabetes_conn' for task execution.
[2025-05-03T08:05:46.134+0000] {sql.py:580} INFO - Done loading. Loaded a total of 100 rows into diabetes_train_processed
[2025-05-03T08:05:46.134+0000] {process_and_clean_data.py:745} INFO -   - Insertado lote 33: 3300/61059
[2025-05-03T08:05:46.136+0000] {base.py:84} INFO - Using connection ID 'mysql_diabetes_conn' for task execution.
[2025-05-03T08:05:46.384+0000] {sql.py:580} INFO - Done loading. Loaded a total of 100 rows into diabetes_train_processed
[2025-05-03T08:05:46.385+0000] {process_and_clean_data.py:745} INFO -   - Insertado lote 34: 3400/61059
[2025-05-03T08:05:46.386+0000] {base.py:84} INFO - Using connection ID 'mysql_diabetes_conn' for task execution.
[2025-05-03T08:05:46.882+0000] {sql.py:580} INFO - Done loading. Loaded a total of 100 rows into diabetes_train_processed
[2025-05-03T08:05:46.886+0000] {process_and_clean_data.py:745} INFO -   - Insertado lote 35: 3500/61059
[2025-05-03T08:05:46.941+0000] {base.py:84} INFO - Using connection ID 'mysql_diabetes_conn' for task execution.
[2025-05-03T08:05:47.914+0000] {sql.py:580} INFO - Done loading. Loaded a total of 100 rows into diabetes_train_processed
[2025-05-03T08:05:47.919+0000] {process_and_clean_data.py:745} INFO -   - Insertado lote 36: 3600/61059
[2025-05-03T08:05:47.920+0000] {base.py:84} INFO - Using connection ID 'mysql_diabetes_conn' for task execution.
[2025-05-03T08:05:48.897+0000] {sql.py:580} INFO - Done loading. Loaded a total of 100 rows into diabetes_train_processed
[2025-05-03T08:05:48.905+0000] {process_and_clean_data.py:745} INFO -   - Insertado lote 37: 3700/61059
[2025-05-03T08:05:48.914+0000] {base.py:84} INFO - Using connection ID 'mysql_diabetes_conn' for task execution.
[2025-05-03T08:05:49.521+0000] {sql.py:580} INFO - Done loading. Loaded a total of 100 rows into diabetes_train_processed
[2025-05-03T08:05:49.531+0000] {process_and_clean_data.py:745} INFO -   - Insertado lote 38: 3800/61059
[2025-05-03T08:05:49.541+0000] {base.py:84} INFO - Using connection ID 'mysql_diabetes_conn' for task execution.
[2025-05-03T08:05:50.322+0000] {sql.py:580} INFO - Done loading. Loaded a total of 100 rows into diabetes_train_processed
[2025-05-03T08:05:50.323+0000] {process_and_clean_data.py:745} INFO -   - Insertado lote 39: 3900/61059
[2025-05-03T08:05:50.335+0000] {base.py:84} INFO - Using connection ID 'mysql_diabetes_conn' for task execution.
[2025-05-03T08:05:51.123+0000] {sql.py:580} INFO - Done loading. Loaded a total of 100 rows into diabetes_train_processed
[2025-05-03T08:05:51.123+0000] {process_and_clean_data.py:745} INFO -   - Insertado lote 40: 4000/61059
[2025-05-03T08:05:51.125+0000] {base.py:84} INFO - Using connection ID 'mysql_diabetes_conn' for task execution.
[2025-05-03T08:05:52.247+0000] {sql.py:580} INFO - Done loading. Loaded a total of 100 rows into diabetes_train_processed
[2025-05-03T08:05:52.257+0000] {process_and_clean_data.py:745} INFO -   - Insertado lote 41: 4100/61059
[2025-05-03T08:05:52.269+0000] {base.py:84} INFO - Using connection ID 'mysql_diabetes_conn' for task execution.
[2025-05-03T08:05:52.884+0000] {sql.py:580} INFO - Done loading. Loaded a total of 100 rows into diabetes_train_processed
[2025-05-03T08:05:52.885+0000] {process_and_clean_data.py:745} INFO -   - Insertado lote 42: 4200/61059
[2025-05-03T08:05:52.886+0000] {base.py:84} INFO - Using connection ID 'mysql_diabetes_conn' for task execution.
[2025-05-03T08:05:53.505+0000] {sql.py:580} INFO - Done loading. Loaded a total of 100 rows into diabetes_train_processed
[2025-05-03T08:05:53.508+0000] {process_and_clean_data.py:745} INFO -   - Insertado lote 43: 4300/61059
[2025-05-03T08:05:53.510+0000] {base.py:84} INFO - Using connection ID 'mysql_diabetes_conn' for task execution.
[2025-05-03T08:05:54.762+0000] {sql.py:580} INFO - Done loading. Loaded a total of 100 rows into diabetes_train_processed
[2025-05-03T08:05:54.825+0000] {process_and_clean_data.py:745} INFO -   - Insertado lote 44: 4400/61059
[2025-05-03T08:05:54.929+0000] {base.py:84} INFO - Using connection ID 'mysql_diabetes_conn' for task execution.
[2025-05-03T08:05:55.332+0000] {sql.py:580} INFO - Done loading. Loaded a total of 100 rows into diabetes_train_processed
[2025-05-03T08:05:55.335+0000] {process_and_clean_data.py:745} INFO -   - Insertado lote 45: 4500/61059
[2025-05-03T08:05:55.348+0000] {base.py:84} INFO - Using connection ID 'mysql_diabetes_conn' for task execution.
[2025-05-03T08:05:57.635+0000] {sql.py:580} INFO - Done loading. Loaded a total of 100 rows into diabetes_train_processed
[2025-05-03T08:05:57.638+0000] {process_and_clean_data.py:745} INFO -   - Insertado lote 46: 4600/61059
[2025-05-03T08:05:57.650+0000] {base.py:84} INFO - Using connection ID 'mysql_diabetes_conn' for task execution.
[2025-05-03T08:05:59.552+0000] {sql.py:580} INFO - Done loading. Loaded a total of 100 rows into diabetes_train_processed
[2025-05-03T08:05:59.585+0000] {process_and_clean_data.py:745} INFO -   - Insertado lote 47: 4700/61059
[2025-05-03T08:05:59.645+0000] {base.py:84} INFO - Using connection ID 'mysql_diabetes_conn' for task execution.
[2025-05-03T08:06:00.486+0000] {sql.py:580} INFO - Done loading. Loaded a total of 100 rows into diabetes_train_processed
[2025-05-03T08:06:00.487+0000] {process_and_clean_data.py:745} INFO -   - Insertado lote 48: 4800/61059
[2025-05-03T08:06:00.505+0000] {base.py:84} INFO - Using connection ID 'mysql_diabetes_conn' for task execution.
[2025-05-03T08:06:01.798+0000] {sql.py:580} INFO - Done loading. Loaded a total of 100 rows into diabetes_train_processed
[2025-05-03T08:06:01.801+0000] {process_and_clean_data.py:745} INFO -   - Insertado lote 49: 4900/61059
[2025-05-03T08:06:01.803+0000] {base.py:84} INFO - Using connection ID 'mysql_diabetes_conn' for task execution.
[2025-05-03T08:06:01.938+0000] {sql.py:580} INFO - Done loading. Loaded a total of 100 rows into diabetes_train_processed
[2025-05-03T08:06:01.938+0000] {process_and_clean_data.py:745} INFO -   - Insertado lote 50: 5000/61059
[2025-05-03T08:06:01.969+0000] {base.py:84} INFO - Using connection ID 'mysql_diabetes_conn' for task execution.
[2025-05-03T08:06:03.321+0000] {sql.py:580} INFO - Done loading. Loaded a total of 100 rows into diabetes_train_processed
[2025-05-03T08:06:03.353+0000] {process_and_clean_data.py:745} INFO -   - Insertado lote 51: 5100/61059
[2025-05-03T08:06:03.360+0000] {base.py:84} INFO - Using connection ID 'mysql_diabetes_conn' for task execution.
[2025-05-03T08:06:04.729+0000] {sql.py:580} INFO - Done loading. Loaded a total of 100 rows into diabetes_train_processed
[2025-05-03T08:06:04.752+0000] {process_and_clean_data.py:745} INFO -   - Insertado lote 52: 5200/61059
[2025-05-03T08:06:04.783+0000] {base.py:84} INFO - Using connection ID 'mysql_diabetes_conn' for task execution.
[2025-05-03T08:06:06.424+0000] {sql.py:580} INFO - Done loading. Loaded a total of 100 rows into diabetes_train_processed
[2025-05-03T08:06:06.512+0000] {process_and_clean_data.py:745} INFO -   - Insertado lote 53: 5300/61059
[2025-05-03T08:06:06.514+0000] {base.py:84} INFO - Using connection ID 'mysql_diabetes_conn' for task execution.
[2025-05-03T08:06:07.444+0000] {sql.py:580} INFO - Done loading. Loaded a total of 100 rows into diabetes_train_processed
[2025-05-03T08:06:07.447+0000] {process_and_clean_data.py:745} INFO -   - Insertado lote 54: 5400/61059
[2025-05-03T08:06:07.449+0000] {base.py:84} INFO - Using connection ID 'mysql_diabetes_conn' for task execution.
[2025-05-03T08:06:08.871+0000] {sql.py:580} INFO - Done loading. Loaded a total of 100 rows into diabetes_train_processed
[2025-05-03T08:06:08.872+0000] {process_and_clean_data.py:745} INFO -   - Insertado lote 55: 5500/61059
[2025-05-03T08:06:08.894+0000] {base.py:84} INFO - Using connection ID 'mysql_diabetes_conn' for task execution.
[2025-05-03T08:06:11.494+0000] {sql.py:580} INFO - Done loading. Loaded a total of 100 rows into diabetes_train_processed
[2025-05-03T08:06:11.512+0000] {process_and_clean_data.py:745} INFO -   - Insertado lote 56: 5600/61059
[2025-05-03T08:06:11.552+0000] {base.py:84} INFO - Using connection ID 'mysql_diabetes_conn' for task execution.
[2025-05-03T08:06:12.625+0000] {sql.py:580} INFO - Done loading. Loaded a total of 100 rows into diabetes_train_processed
[2025-05-03T08:06:12.648+0000] {process_and_clean_data.py:745} INFO -   - Insertado lote 57: 5700/61059
[2025-05-03T08:06:12.657+0000] {base.py:84} INFO - Using connection ID 'mysql_diabetes_conn' for task execution.
[2025-05-03T08:06:14.862+0000] {sql.py:580} INFO - Done loading. Loaded a total of 100 rows into diabetes_train_processed
[2025-05-03T08:06:14.908+0000] {process_and_clean_data.py:745} INFO -   - Insertado lote 58: 5800/61059
[2025-05-03T08:06:15.099+0000] {base.py:84} INFO - Using connection ID 'mysql_diabetes_conn' for task execution.
[2025-05-03T08:06:16.483+0000] {sql.py:580} INFO - Done loading. Loaded a total of 100 rows into diabetes_train_processed
[2025-05-03T08:06:16.491+0000] {process_and_clean_data.py:745} INFO -   - Insertado lote 59: 5900/61059
[2025-05-03T08:06:16.514+0000] {base.py:84} INFO - Using connection ID 'mysql_diabetes_conn' for task execution.
[2025-05-03T08:06:17.698+0000] {sql.py:580} INFO - Done loading. Loaded a total of 100 rows into diabetes_train_processed
[2025-05-03T08:06:17.699+0000] {process_and_clean_data.py:745} INFO -   - Insertado lote 60: 6000/61059
[2025-05-03T08:06:17.700+0000] {base.py:84} INFO - Using connection ID 'mysql_diabetes_conn' for task execution.
[2025-05-03T08:06:18.754+0000] {sql.py:580} INFO - Done loading. Loaded a total of 100 rows into diabetes_train_processed
[2025-05-03T08:06:18.796+0000] {process_and_clean_data.py:745} INFO -   - Insertado lote 61: 6100/61059
[2025-05-03T08:06:18.922+0000] {base.py:84} INFO - Using connection ID 'mysql_diabetes_conn' for task execution.
[2025-05-03T08:06:20.653+0000] {sql.py:580} INFO - Done loading. Loaded a total of 100 rows into diabetes_train_processed
[2025-05-03T08:06:20.669+0000] {process_and_clean_data.py:745} INFO -   - Insertado lote 62: 6200/61059
[2025-05-03T08:06:20.808+0000] {base.py:84} INFO - Using connection ID 'mysql_diabetes_conn' for task execution.
[2025-05-03T08:06:21.793+0000] {sql.py:580} INFO - Done loading. Loaded a total of 100 rows into diabetes_train_processed
[2025-05-03T08:06:21.798+0000] {process_and_clean_data.py:745} INFO -   - Insertado lote 63: 6300/61059
[2025-05-03T08:06:21.935+0000] {base.py:84} INFO - Using connection ID 'mysql_diabetes_conn' for task execution.
[2025-05-03T08:06:24.480+0000] {sql.py:580} INFO - Done loading. Loaded a total of 100 rows into diabetes_train_processed
[2025-05-03T08:06:24.519+0000] {process_and_clean_data.py:745} INFO -   - Insertado lote 64: 6400/61059
[2025-05-03T08:06:24.578+0000] {base.py:84} INFO - Using connection ID 'mysql_diabetes_conn' for task execution.
[2025-05-03T08:06:25.912+0000] {sql.py:580} INFO - Done loading. Loaded a total of 100 rows into diabetes_train_processed
[2025-05-03T08:06:25.947+0000] {process_and_clean_data.py:745} INFO -   - Insertado lote 65: 6500/61059
[2025-05-03T08:06:25.990+0000] {base.py:84} INFO - Using connection ID 'mysql_diabetes_conn' for task execution.
[2025-05-03T08:06:29.628+0000] {sql.py:580} INFO - Done loading. Loaded a total of 100 rows into diabetes_train_processed
[2025-05-03T08:06:29.924+0000] {process_and_clean_data.py:745} INFO -   - Insertado lote 66: 6600/61059
[2025-05-03T08:06:29.951+0000] {base.py:84} INFO - Using connection ID 'mysql_diabetes_conn' for task execution.
[2025-05-03T08:06:32.736+0000] {sql.py:580} INFO - Done loading. Loaded a total of 100 rows into diabetes_train_processed
[2025-05-03T08:06:32.744+0000] {process_and_clean_data.py:745} INFO -   - Insertado lote 67: 6700/61059
[2025-05-03T08:06:32.800+0000] {base.py:84} INFO - Using connection ID 'mysql_diabetes_conn' for task execution.
[2025-05-03T08:06:34.748+0000] {sql.py:580} INFO - Done loading. Loaded a total of 100 rows into diabetes_train_processed
[2025-05-03T08:06:34.792+0000] {process_and_clean_data.py:745} INFO -   - Insertado lote 68: 6800/61059
[2025-05-03T08:06:34.837+0000] {base.py:84} INFO - Using connection ID 'mysql_diabetes_conn' for task execution.
[2025-05-03T08:06:35.518+0000] {sql.py:580} INFO - Done loading. Loaded a total of 100 rows into diabetes_train_processed
[2025-05-03T08:06:35.520+0000] {process_and_clean_data.py:745} INFO -   - Insertado lote 69: 6900/61059
[2025-05-03T08:06:35.524+0000] {base.py:84} INFO - Using connection ID 'mysql_diabetes_conn' for task execution.
[2025-05-03T08:06:36.707+0000] {sql.py:580} INFO - Done loading. Loaded a total of 100 rows into diabetes_train_processed
[2025-05-03T08:06:36.783+0000] {process_and_clean_data.py:745} INFO -   - Insertado lote 70: 7000/61059
[2025-05-03T08:06:36.830+0000] {base.py:84} INFO - Using connection ID 'mysql_diabetes_conn' for task execution.
[2025-05-03T08:06:37.746+0000] {sql.py:580} INFO - Done loading. Loaded a total of 100 rows into diabetes_train_processed
[2025-05-03T08:06:37.747+0000] {process_and_clean_data.py:745} INFO -   - Insertado lote 71: 7100/61059
[2025-05-03T08:06:37.819+0000] {base.py:84} INFO - Using connection ID 'mysql_diabetes_conn' for task execution.
[2025-05-03T08:06:38.186+0000] {sql.py:580} INFO - Done loading. Loaded a total of 100 rows into diabetes_train_processed
[2025-05-03T08:06:38.215+0000] {process_and_clean_data.py:745} INFO -   - Insertado lote 72: 7200/61059
[2025-05-03T08:06:38.221+0000] {base.py:84} INFO - Using connection ID 'mysql_diabetes_conn' for task execution.
[2025-05-03T08:06:39.167+0000] {sql.py:580} INFO - Done loading. Loaded a total of 100 rows into diabetes_train_processed
[2025-05-03T08:06:39.168+0000] {process_and_clean_data.py:745} INFO -   - Insertado lote 73: 7300/61059
[2025-05-03T08:06:39.175+0000] {base.py:84} INFO - Using connection ID 'mysql_diabetes_conn' for task execution.
[2025-05-03T08:06:39.925+0000] {sql.py:580} INFO - Done loading. Loaded a total of 100 rows into diabetes_train_processed
[2025-05-03T08:06:39.928+0000] {process_and_clean_data.py:745} INFO -   - Insertado lote 74: 7400/61059
[2025-05-03T08:06:39.929+0000] {base.py:84} INFO - Using connection ID 'mysql_diabetes_conn' for task execution.
[2025-05-03T08:06:40.913+0000] {sql.py:580} INFO - Done loading. Loaded a total of 100 rows into diabetes_train_processed
[2025-05-03T08:06:40.950+0000] {process_and_clean_data.py:745} INFO -   - Insertado lote 75: 7500/61059
[2025-05-03T08:06:41.000+0000] {base.py:84} INFO - Using connection ID 'mysql_diabetes_conn' for task execution.
[2025-05-03T08:06:41.488+0000] {sql.py:580} INFO - Done loading. Loaded a total of 100 rows into diabetes_train_processed
[2025-05-03T08:06:41.514+0000] {process_and_clean_data.py:745} INFO -   - Insertado lote 76: 7600/61059
[2025-05-03T08:06:41.587+0000] {base.py:84} INFO - Using connection ID 'mysql_diabetes_conn' for task execution.
[2025-05-03T08:06:42.252+0000] {sql.py:580} INFO - Done loading. Loaded a total of 100 rows into diabetes_train_processed
[2025-05-03T08:06:42.259+0000] {process_and_clean_data.py:745} INFO -   - Insertado lote 77: 7700/61059
[2025-05-03T08:06:42.260+0000] {base.py:84} INFO - Using connection ID 'mysql_diabetes_conn' for task execution.
[2025-05-03T08:06:43.299+0000] {sql.py:580} INFO - Done loading. Loaded a total of 100 rows into diabetes_train_processed
[2025-05-03T08:06:43.300+0000] {process_and_clean_data.py:745} INFO -   - Insertado lote 78: 7800/61059
[2025-05-03T08:06:43.305+0000] {base.py:84} INFO - Using connection ID 'mysql_diabetes_conn' for task execution.
[2025-05-03T08:06:45.351+0000] {sql.py:580} INFO - Done loading. Loaded a total of 100 rows into diabetes_train_processed
[2025-05-03T08:06:45.355+0000] {process_and_clean_data.py:745} INFO -   - Insertado lote 79: 7900/61059
[2025-05-03T08:06:45.421+0000] {base.py:84} INFO - Using connection ID 'mysql_diabetes_conn' for task execution.
[2025-05-03T08:06:46.358+0000] {sql.py:580} INFO - Done loading. Loaded a total of 100 rows into diabetes_train_processed
[2025-05-03T08:06:46.360+0000] {process_and_clean_data.py:745} INFO -   - Insertado lote 80: 8000/61059
[2025-05-03T08:06:46.367+0000] {base.py:84} INFO - Using connection ID 'mysql_diabetes_conn' for task execution.
[2025-05-03T08:06:46.938+0000] {sql.py:580} INFO - Done loading. Loaded a total of 100 rows into diabetes_train_processed
[2025-05-03T08:06:46.938+0000] {process_and_clean_data.py:745} INFO -   - Insertado lote 81: 8100/61059
[2025-05-03T08:06:46.943+0000] {base.py:84} INFO - Using connection ID 'mysql_diabetes_conn' for task execution.
[2025-05-03T08:06:47.441+0000] {sql.py:580} INFO - Done loading. Loaded a total of 100 rows into diabetes_train_processed
[2025-05-03T08:06:47.448+0000] {process_and_clean_data.py:745} INFO -   - Insertado lote 82: 8200/61059
[2025-05-03T08:06:47.456+0000] {base.py:84} INFO - Using connection ID 'mysql_diabetes_conn' for task execution.
[2025-05-03T08:06:48.799+0000] {sql.py:580} INFO - Done loading. Loaded a total of 100 rows into diabetes_train_processed
[2025-05-03T08:06:48.801+0000] {process_and_clean_data.py:745} INFO -   - Insertado lote 83: 8300/61059
[2025-05-03T08:06:48.863+0000] {base.py:84} INFO - Using connection ID 'mysql_diabetes_conn' for task execution.
[2025-05-03T08:06:50.725+0000] {sql.py:580} INFO - Done loading. Loaded a total of 100 rows into diabetes_train_processed
[2025-05-03T08:06:50.772+0000] {process_and_clean_data.py:745} INFO -   - Insertado lote 84: 8400/61059
[2025-05-03T08:06:50.794+0000] {base.py:84} INFO - Using connection ID 'mysql_diabetes_conn' for task execution.
[2025-05-03T08:06:52.078+0000] {sql.py:580} INFO - Done loading. Loaded a total of 100 rows into diabetes_train_processed
[2025-05-03T08:06:52.091+0000] {process_and_clean_data.py:745} INFO -   - Insertado lote 85: 8500/61059
[2025-05-03T08:06:52.109+0000] {base.py:84} INFO - Using connection ID 'mysql_diabetes_conn' for task execution.
[2025-05-03T08:06:54.106+0000] {sql.py:580} INFO - Done loading. Loaded a total of 100 rows into diabetes_train_processed
[2025-05-03T08:06:54.114+0000] {process_and_clean_data.py:745} INFO -   - Insertado lote 86: 8600/61059
[2025-05-03T08:06:54.126+0000] {base.py:84} INFO - Using connection ID 'mysql_diabetes_conn' for task execution.
[2025-05-03T08:06:55.068+0000] {sql.py:580} INFO - Done loading. Loaded a total of 100 rows into diabetes_train_processed
[2025-05-03T08:06:55.068+0000] {process_and_clean_data.py:745} INFO -   - Insertado lote 87: 8700/61059
[2025-05-03T08:06:55.090+0000] {base.py:84} INFO - Using connection ID 'mysql_diabetes_conn' for task execution.
[2025-05-03T08:06:55.613+0000] {sql.py:580} INFO - Done loading. Loaded a total of 100 rows into diabetes_train_processed
[2025-05-03T08:06:55.724+0000] {process_and_clean_data.py:745} INFO -   - Insertado lote 88: 8800/61059
[2025-05-03T08:06:55.743+0000] {base.py:84} INFO - Using connection ID 'mysql_diabetes_conn' for task execution.
[2025-05-03T08:06:57.017+0000] {sql.py:580} INFO - Done loading. Loaded a total of 100 rows into diabetes_train_processed
[2025-05-03T08:06:57.119+0000] {process_and_clean_data.py:745} INFO -   - Insertado lote 89: 8900/61059
[2025-05-03T08:06:57.156+0000] {base.py:84} INFO - Using connection ID 'mysql_diabetes_conn' for task execution.
[2025-05-03T08:07:00.597+0000] {sql.py:580} INFO - Done loading. Loaded a total of 100 rows into diabetes_train_processed
[2025-05-03T08:07:00.609+0000] {process_and_clean_data.py:745} INFO -   - Insertado lote 90: 9000/61059
[2025-05-03T08:07:00.625+0000] {base.py:84} INFO - Using connection ID 'mysql_diabetes_conn' for task execution.
[2025-05-03T08:07:01.475+0000] {sql.py:580} INFO - Done loading. Loaded a total of 100 rows into diabetes_train_processed
[2025-05-03T08:07:01.507+0000] {process_and_clean_data.py:745} INFO -   - Insertado lote 91: 9100/61059
[2025-05-03T08:07:01.532+0000] {base.py:84} INFO - Using connection ID 'mysql_diabetes_conn' for task execution.
[2025-05-03T08:07:03.612+0000] {sql.py:580} INFO - Done loading. Loaded a total of 100 rows into diabetes_train_processed
[2025-05-03T08:07:03.627+0000] {process_and_clean_data.py:745} INFO -   - Insertado lote 92: 9200/61059
[2025-05-03T08:07:03.684+0000] {base.py:84} INFO - Using connection ID 'mysql_diabetes_conn' for task execution.
[2025-05-03T08:07:04.668+0000] {sql.py:580} INFO - Done loading. Loaded a total of 100 rows into diabetes_train_processed
[2025-05-03T08:07:04.677+0000] {process_and_clean_data.py:745} INFO -   - Insertado lote 93: 9300/61059
[2025-05-03T08:07:04.686+0000] {base.py:84} INFO - Using connection ID 'mysql_diabetes_conn' for task execution.
[2025-05-03T08:07:05.180+0000] {sql.py:580} INFO - Done loading. Loaded a total of 100 rows into diabetes_train_processed
[2025-05-03T08:07:05.185+0000] {process_and_clean_data.py:745} INFO -   - Insertado lote 94: 9400/61059
[2025-05-03T08:07:05.239+0000] {base.py:84} INFO - Using connection ID 'mysql_diabetes_conn' for task execution.
[2025-05-03T08:07:07.075+0000] {sql.py:580} INFO - Done loading. Loaded a total of 100 rows into diabetes_train_processed
[2025-05-03T08:07:07.153+0000] {process_and_clean_data.py:745} INFO -   - Insertado lote 95: 9500/61059
[2025-05-03T08:07:07.292+0000] {base.py:84} INFO - Using connection ID 'mysql_diabetes_conn' for task execution.
[2025-05-03T08:07:09.099+0000] {sql.py:580} INFO - Done loading. Loaded a total of 100 rows into diabetes_train_processed
[2025-05-03T08:07:09.137+0000] {process_and_clean_data.py:745} INFO -   - Insertado lote 96: 9600/61059
[2025-05-03T08:07:09.162+0000] {base.py:84} INFO - Using connection ID 'mysql_diabetes_conn' for task execution.
[2025-05-03T08:07:10.885+0000] {sql.py:580} INFO - Done loading. Loaded a total of 100 rows into diabetes_train_processed
[2025-05-03T08:07:10.895+0000] {process_and_clean_data.py:745} INFO -   - Insertado lote 97: 9700/61059
[2025-05-03T08:07:10.923+0000] {base.py:84} INFO - Using connection ID 'mysql_diabetes_conn' for task execution.
[2025-05-03T08:07:13.052+0000] {sql.py:580} INFO - Done loading. Loaded a total of 100 rows into diabetes_train_processed
[2025-05-03T08:07:13.058+0000] {process_and_clean_data.py:745} INFO -   - Insertado lote 98: 9800/61059
[2025-05-03T08:07:13.067+0000] {base.py:84} INFO - Using connection ID 'mysql_diabetes_conn' for task execution.
[2025-05-03T08:07:15.809+0000] {sql.py:580} INFO - Done loading. Loaded a total of 100 rows into diabetes_train_processed
[2025-05-03T08:07:15.895+0000] {process_and_clean_data.py:745} INFO -   - Insertado lote 99: 9900/61059
[2025-05-03T08:07:15.902+0000] {base.py:84} INFO - Using connection ID 'mysql_diabetes_conn' for task execution.
[2025-05-03T08:07:19.212+0000] {sql.py:580} INFO - Done loading. Loaded a total of 100 rows into diabetes_train_processed
[2025-05-03T08:07:19.524+0000] {process_and_clean_data.py:745} INFO -   - Insertado lote 100: 10000/61059
[2025-05-03T08:07:19.588+0000] {base.py:84} INFO - Using connection ID 'mysql_diabetes_conn' for task execution.
[2025-05-03T08:07:21.528+0000] {sql.py:580} INFO - Done loading. Loaded a total of 100 rows into diabetes_train_processed
[2025-05-03T08:07:21.534+0000] {process_and_clean_data.py:745} INFO -   - Insertado lote 101: 10100/61059
[2025-05-03T08:07:21.552+0000] {base.py:84} INFO - Using connection ID 'mysql_diabetes_conn' for task execution.
[2025-05-03T08:07:22.821+0000] {sql.py:580} INFO - Done loading. Loaded a total of 100 rows into diabetes_train_processed
[2025-05-03T08:07:22.832+0000] {process_and_clean_data.py:745} INFO -   - Insertado lote 102: 10200/61059
[2025-05-03T08:07:22.871+0000] {base.py:84} INFO - Using connection ID 'mysql_diabetes_conn' for task execution.
[2025-05-03T08:07:26.291+0000] {sql.py:580} INFO - Done loading. Loaded a total of 100 rows into diabetes_train_processed
[2025-05-03T08:07:26.449+0000] {process_and_clean_data.py:745} INFO -   - Insertado lote 103: 10300/61059
[2025-05-03T08:07:26.466+0000] {base.py:84} INFO - Using connection ID 'mysql_diabetes_conn' for task execution.
[2025-05-03T08:07:27.905+0000] {sql.py:580} INFO - Done loading. Loaded a total of 100 rows into diabetes_train_processed
[2025-05-03T08:07:27.909+0000] {process_and_clean_data.py:745} INFO -   - Insertado lote 104: 10400/61059
[2025-05-03T08:07:27.914+0000] {base.py:84} INFO - Using connection ID 'mysql_diabetes_conn' for task execution.
[2025-05-03T08:07:29.522+0000] {sql.py:580} INFO - Done loading. Loaded a total of 100 rows into diabetes_train_processed
[2025-05-03T08:07:29.571+0000] {process_and_clean_data.py:745} INFO -   - Insertado lote 105: 10500/61059
[2025-05-03T08:07:29.594+0000] {base.py:84} INFO - Using connection ID 'mysql_diabetes_conn' for task execution.
[2025-05-03T08:07:33.777+0000] {sql.py:580} INFO - Done loading. Loaded a total of 100 rows into diabetes_train_processed
[2025-05-03T08:07:34.471+0000] {process_and_clean_data.py:745} INFO -   - Insertado lote 106: 10600/61059
[2025-05-03T08:07:34.575+0000] {base.py:84} INFO - Using connection ID 'mysql_diabetes_conn' for task execution.
[2025-05-03T08:07:40.606+0000] {sql.py:580} INFO - Done loading. Loaded a total of 100 rows into diabetes_train_processed
[2025-05-03T08:07:41.378+0000] {process_and_clean_data.py:745} INFO -   - Insertado lote 107: 10700/61059
[2025-05-03T08:07:41.709+0000] {base.py:84} INFO - Using connection ID 'mysql_diabetes_conn' for task execution.
[2025-05-03T08:07:52.665+0000] {sql.py:580} INFO - Done loading. Loaded a total of 100 rows into diabetes_train_processed
[2025-05-03T08:07:52.701+0000] {process_and_clean_data.py:745} INFO -   - Insertado lote 108: 10800/61059
[2025-05-03T08:07:52.774+0000] {base.py:84} INFO - Using connection ID 'mysql_diabetes_conn' for task execution.
[2025-05-03T08:07:55.674+0000] {sql.py:580} INFO - Done loading. Loaded a total of 100 rows into diabetes_train_processed
[2025-05-03T08:07:55.804+0000] {process_and_clean_data.py:745} INFO -   - Insertado lote 109: 10900/61059
[2025-05-03T08:07:55.971+0000] {base.py:84} INFO - Using connection ID 'mysql_diabetes_conn' for task execution.
[2025-05-03T08:07:58.680+0000] {sql.py:580} INFO - Done loading. Loaded a total of 100 rows into diabetes_train_processed
[2025-05-03T08:07:58.684+0000] {process_and_clean_data.py:745} INFO -   - Insertado lote 110: 11000/61059
[2025-05-03T08:07:58.687+0000] {base.py:84} INFO - Using connection ID 'mysql_diabetes_conn' for task execution.
[2025-05-03T08:08:01.286+0000] {sql.py:580} INFO - Done loading. Loaded a total of 100 rows into diabetes_train_processed
[2025-05-03T08:08:01.310+0000] {process_and_clean_data.py:745} INFO -   - Insertado lote 111: 11100/61059
[2025-05-03T08:08:01.312+0000] {base.py:84} INFO - Using connection ID 'mysql_diabetes_conn' for task execution.
[2025-05-03T08:08:05.900+0000] {sql.py:580} INFO - Done loading. Loaded a total of 100 rows into diabetes_train_processed
[2025-05-03T08:08:05.906+0000] {process_and_clean_data.py:745} INFO -   - Insertado lote 112: 11200/61059
[2025-05-03T08:08:05.921+0000] {base.py:84} INFO - Using connection ID 'mysql_diabetes_conn' for task execution.
[2025-05-03T08:08:07.460+0000] {sql.py:580} INFO - Done loading. Loaded a total of 100 rows into diabetes_train_processed
[2025-05-03T08:08:07.467+0000] {process_and_clean_data.py:745} INFO -   - Insertado lote 113: 11300/61059
[2025-05-03T08:08:07.515+0000] {base.py:84} INFO - Using connection ID 'mysql_diabetes_conn' for task execution.
[2025-05-03T08:08:10.338+0000] {sql.py:580} INFO - Done loading. Loaded a total of 100 rows into diabetes_train_processed
[2025-05-03T08:08:10.500+0000] {process_and_clean_data.py:745} INFO -   - Insertado lote 114: 11400/61059
[2025-05-03T08:08:10.949+0000] {base.py:84} INFO - Using connection ID 'mysql_diabetes_conn' for task execution.
[2025-05-03T08:08:14.712+0000] {sql.py:580} INFO - Done loading. Loaded a total of 100 rows into diabetes_train_processed
[2025-05-03T08:08:14.910+0000] {process_and_clean_data.py:745} INFO -   - Insertado lote 115: 11500/61059
[2025-05-03T08:08:15.087+0000] {base.py:84} INFO - Using connection ID 'mysql_diabetes_conn' for task execution.
[2025-05-03T08:08:17.442+0000] {sql.py:580} INFO - Done loading. Loaded a total of 100 rows into diabetes_train_processed
[2025-05-03T08:08:17.456+0000] {process_and_clean_data.py:745} INFO -   - Insertado lote 116: 11600/61059
[2025-05-03T08:08:17.496+0000] {base.py:84} INFO - Using connection ID 'mysql_diabetes_conn' for task execution.
[2025-05-03T08:08:20.322+0000] {sql.py:580} INFO - Done loading. Loaded a total of 100 rows into diabetes_train_processed
[2025-05-03T08:08:20.381+0000] {process_and_clean_data.py:745} INFO -   - Insertado lote 117: 11700/61059
[2025-05-03T08:08:20.407+0000] {base.py:84} INFO - Using connection ID 'mysql_diabetes_conn' for task execution.
[2025-05-03T08:08:25.141+0000] {sql.py:580} INFO - Done loading. Loaded a total of 100 rows into diabetes_train_processed
[2025-05-03T08:08:25.294+0000] {process_and_clean_data.py:745} INFO -   - Insertado lote 118: 11800/61059
[2025-05-03T08:08:25.572+0000] {base.py:84} INFO - Using connection ID 'mysql_diabetes_conn' for task execution.
[2025-05-03T08:08:30.354+0000] {sql.py:580} INFO - Done loading. Loaded a total of 100 rows into diabetes_train_processed
[2025-05-03T08:08:30.647+0000] {process_and_clean_data.py:745} INFO -   - Insertado lote 119: 11900/61059
[2025-05-03T08:08:30.712+0000] {base.py:84} INFO - Using connection ID 'mysql_diabetes_conn' for task execution.
[2025-05-03T08:08:32.704+0000] {sql.py:580} INFO - Done loading. Loaded a total of 100 rows into diabetes_train_processed
[2025-05-03T08:08:32.725+0000] {process_and_clean_data.py:745} INFO -   - Insertado lote 120: 12000/61059
[2025-05-03T08:08:32.833+0000] {base.py:84} INFO - Using connection ID 'mysql_diabetes_conn' for task execution.
[2025-05-03T08:08:34.570+0000] {sql.py:580} INFO - Done loading. Loaded a total of 100 rows into diabetes_train_processed
[2025-05-03T08:08:34.649+0000] {process_and_clean_data.py:745} INFO -   - Insertado lote 121: 12100/61059
[2025-05-03T08:08:34.825+0000] {base.py:84} INFO - Using connection ID 'mysql_diabetes_conn' for task execution.
[2025-05-03T08:08:36.804+0000] {sql.py:580} INFO - Done loading. Loaded a total of 100 rows into diabetes_train_processed
[2025-05-03T08:08:36.857+0000] {process_and_clean_data.py:745} INFO -   - Insertado lote 122: 12200/61059
[2025-05-03T08:08:36.916+0000] {base.py:84} INFO - Using connection ID 'mysql_diabetes_conn' for task execution.
[2025-05-03T08:08:42.810+0000] {sql.py:580} INFO - Done loading. Loaded a total of 100 rows into diabetes_train_processed
[2025-05-03T08:08:43.288+0000] {process_and_clean_data.py:745} INFO -   - Insertado lote 123: 12300/61059
[2025-05-03T08:08:43.712+0000] {base.py:84} INFO - Using connection ID 'mysql_diabetes_conn' for task execution.
[2025-05-03T08:09:00.042+0000] {sql.py:580} INFO - Done loading. Loaded a total of 100 rows into diabetes_train_processed
[2025-05-03T08:09:00.065+0000] {process_and_clean_data.py:745} INFO -   - Insertado lote 124: 12400/61059
[2025-05-03T08:09:00.091+0000] {base.py:84} INFO - Using connection ID 'mysql_diabetes_conn' for task execution.
[2025-05-03T08:09:03.238+0000] {sql.py:580} INFO - Done loading. Loaded a total of 100 rows into diabetes_train_processed
[2025-05-03T08:09:03.309+0000] {process_and_clean_data.py:745} INFO -   - Insertado lote 125: 12500/61059
[2025-05-03T08:09:03.688+0000] {base.py:84} INFO - Using connection ID 'mysql_diabetes_conn' for task execution.
[2025-05-03T08:09:06.299+0000] {sql.py:580} INFO - Done loading. Loaded a total of 100 rows into diabetes_train_processed
[2025-05-03T08:09:06.332+0000] {process_and_clean_data.py:745} INFO -   - Insertado lote 126: 12600/61059
[2025-05-03T08:09:06.485+0000] {base.py:84} INFO - Using connection ID 'mysql_diabetes_conn' for task execution.
[2025-05-03T08:09:09.880+0000] {sql.py:580} INFO - Done loading. Loaded a total of 100 rows into diabetes_train_processed
[2025-05-03T08:09:09.910+0000] {process_and_clean_data.py:745} INFO -   - Insertado lote 127: 12700/61059
[2025-05-03T08:09:09.974+0000] {base.py:84} INFO - Using connection ID 'mysql_diabetes_conn' for task execution.
[2025-05-03T08:09:11.037+0000] {sql.py:580} INFO - Done loading. Loaded a total of 100 rows into diabetes_train_processed
[2025-05-03T08:09:11.038+0000] {process_and_clean_data.py:745} INFO -   - Insertado lote 128: 12800/61059
[2025-05-03T08:09:11.039+0000] {base.py:84} INFO - Using connection ID 'mysql_diabetes_conn' for task execution.
[2025-05-03T08:09:11.843+0000] {sql.py:580} INFO - Done loading. Loaded a total of 100 rows into diabetes_train_processed
[2025-05-03T08:09:11.859+0000] {process_and_clean_data.py:745} INFO -   - Insertado lote 129: 12900/61059
[2025-05-03T08:09:11.862+0000] {base.py:84} INFO - Using connection ID 'mysql_diabetes_conn' for task execution.
[2025-05-03T08:09:14.569+0000] {sql.py:580} INFO - Done loading. Loaded a total of 100 rows into diabetes_train_processed
[2025-05-03T08:09:14.611+0000] {process_and_clean_data.py:745} INFO -   - Insertado lote 130: 13000/61059
[2025-05-03T08:09:14.639+0000] {base.py:84} INFO - Using connection ID 'mysql_diabetes_conn' for task execution.
[2025-05-03T08:09:17.927+0000] {sql.py:580} INFO - Done loading. Loaded a total of 100 rows into diabetes_train_processed
[2025-05-03T08:09:17.972+0000] {process_and_clean_data.py:745} INFO -   - Insertado lote 131: 13100/61059
[2025-05-03T08:09:17.986+0000] {base.py:84} INFO - Using connection ID 'mysql_diabetes_conn' for task execution.
[2025-05-03T08:09:20.226+0000] {sql.py:580} INFO - Done loading. Loaded a total of 100 rows into diabetes_train_processed
[2025-05-03T08:09:20.235+0000] {process_and_clean_data.py:745} INFO -   - Insertado lote 132: 13200/61059
[2025-05-03T08:09:20.240+0000] {base.py:84} INFO - Using connection ID 'mysql_diabetes_conn' for task execution.
[2025-05-03T08:09:23.040+0000] {sql.py:580} INFO - Done loading. Loaded a total of 100 rows into diabetes_train_processed
[2025-05-03T08:09:23.145+0000] {process_and_clean_data.py:745} INFO -   - Insertado lote 133: 13300/61059
[2025-05-03T08:09:23.167+0000] {base.py:84} INFO - Using connection ID 'mysql_diabetes_conn' for task execution.
[2025-05-03T08:09:24.846+0000] {sql.py:580} INFO - Done loading. Loaded a total of 100 rows into diabetes_train_processed
[2025-05-03T08:09:24.893+0000] {process_and_clean_data.py:745} INFO -   - Insertado lote 134: 13400/61059
[2025-05-03T08:09:24.913+0000] {base.py:84} INFO - Using connection ID 'mysql_diabetes_conn' for task execution.
[2025-05-03T08:09:25.768+0000] {sql.py:580} INFO - Done loading. Loaded a total of 100 rows into diabetes_train_processed
[2025-05-03T08:09:25.778+0000] {process_and_clean_data.py:745} INFO -   - Insertado lote 135: 13500/61059
[2025-05-03T08:09:25.780+0000] {base.py:84} INFO - Using connection ID 'mysql_diabetes_conn' for task execution.
[2025-05-03T08:09:29.685+0000] {sql.py:580} INFO - Done loading. Loaded a total of 100 rows into diabetes_train_processed
[2025-05-03T08:09:29.753+0000] {process_and_clean_data.py:745} INFO -   - Insertado lote 136: 13600/61059
[2025-05-03T08:09:29.756+0000] {base.py:84} INFO - Using connection ID 'mysql_diabetes_conn' for task execution.
[2025-05-03T08:09:34.741+0000] {sql.py:580} INFO - Done loading. Loaded a total of 100 rows into diabetes_train_processed
[2025-05-03T08:09:34.746+0000] {process_and_clean_data.py:745} INFO -   - Insertado lote 137: 13700/61059
[2025-05-03T08:09:34.751+0000] {base.py:84} INFO - Using connection ID 'mysql_diabetes_conn' for task execution.
[2025-05-03T08:09:38.198+0000] {sql.py:580} INFO - Done loading. Loaded a total of 100 rows into diabetes_train_processed
[2025-05-03T08:09:38.215+0000] {process_and_clean_data.py:745} INFO -   - Insertado lote 138: 13800/61059
[2025-05-03T08:09:38.217+0000] {base.py:84} INFO - Using connection ID 'mysql_diabetes_conn' for task execution.
[2025-05-03T08:09:39.859+0000] {sql.py:580} INFO - Done loading. Loaded a total of 100 rows into diabetes_train_processed
[2025-05-03T08:09:39.901+0000] {process_and_clean_data.py:745} INFO -   - Insertado lote 139: 13900/61059
[2025-05-03T08:09:39.914+0000] {base.py:84} INFO - Using connection ID 'mysql_diabetes_conn' for task execution.
[2025-05-03T08:09:41.454+0000] {sql.py:580} INFO - Done loading. Loaded a total of 100 rows into diabetes_train_processed
[2025-05-03T08:09:41.471+0000] {process_and_clean_data.py:745} INFO -   - Insertado lote 140: 14000/61059
[2025-05-03T08:09:41.504+0000] {base.py:84} INFO - Using connection ID 'mysql_diabetes_conn' for task execution.
[2025-05-03T08:09:44.946+0000] {sql.py:580} INFO - Done loading. Loaded a total of 100 rows into diabetes_train_processed
[2025-05-03T08:09:44.952+0000] {process_and_clean_data.py:745} INFO -   - Insertado lote 141: 14100/61059
[2025-05-03T08:09:45.092+0000] {base.py:84} INFO - Using connection ID 'mysql_diabetes_conn' for task execution.
[2025-05-03T08:09:46.128+0000] {sql.py:580} INFO - Done loading. Loaded a total of 100 rows into diabetes_train_processed
[2025-05-03T08:09:46.162+0000] {process_and_clean_data.py:745} INFO -   - Insertado lote 142: 14200/61059
[2025-05-03T08:09:46.164+0000] {base.py:84} INFO - Using connection ID 'mysql_diabetes_conn' for task execution.
[2025-05-03T08:09:46.888+0000] {sql.py:580} INFO - Done loading. Loaded a total of 100 rows into diabetes_train_processed
[2025-05-03T08:09:46.930+0000] {process_and_clean_data.py:745} INFO -   - Insertado lote 143: 14300/61059
[2025-05-03T08:09:46.954+0000] {base.py:84} INFO - Using connection ID 'mysql_diabetes_conn' for task execution.
[2025-05-03T08:09:49.214+0000] {sql.py:580} INFO - Done loading. Loaded a total of 100 rows into diabetes_train_processed
[2025-05-03T08:09:49.531+0000] {process_and_clean_data.py:745} INFO -   - Insertado lote 144: 14400/61059
[2025-05-03T08:09:49.564+0000] {base.py:84} INFO - Using connection ID 'mysql_diabetes_conn' for task execution.
[2025-05-03T08:09:51.989+0000] {sql.py:580} INFO - Done loading. Loaded a total of 100 rows into diabetes_train_processed
[2025-05-03T08:09:52.078+0000] {process_and_clean_data.py:745} INFO -   - Insertado lote 145: 14500/61059
[2025-05-03T08:09:52.100+0000] {base.py:84} INFO - Using connection ID 'mysql_diabetes_conn' for task execution.
[2025-05-03T08:10:03.416+0000] {sql.py:580} INFO - Done loading. Loaded a total of 100 rows into diabetes_train_processed
[2025-05-03T08:10:03.549+0000] {process_and_clean_data.py:745} INFO -   - Insertado lote 146: 14600/61059
[2025-05-03T08:10:03.567+0000] {base.py:84} INFO - Using connection ID 'mysql_diabetes_conn' for task execution.
[2025-05-03T08:10:08.103+0000] {sql.py:580} INFO - Done loading. Loaded a total of 100 rows into diabetes_train_processed
[2025-05-03T08:10:08.329+0000] {process_and_clean_data.py:745} INFO -   - Insertado lote 147: 14700/61059
[2025-05-03T08:10:08.379+0000] {base.py:84} INFO - Using connection ID 'mysql_diabetes_conn' for task execution.
[2025-05-03T08:10:09.674+0000] {sql.py:580} INFO - Done loading. Loaded a total of 100 rows into diabetes_train_processed
[2025-05-03T08:10:09.796+0000] {process_and_clean_data.py:745} INFO -   - Insertado lote 148: 14800/61059
[2025-05-03T08:10:09.856+0000] {base.py:84} INFO - Using connection ID 'mysql_diabetes_conn' for task execution.
[2025-05-03T08:10:11.133+0000] {sql.py:580} INFO - Done loading. Loaded a total of 100 rows into diabetes_train_processed
[2025-05-03T08:10:11.135+0000] {process_and_clean_data.py:745} INFO -   - Insertado lote 149: 14900/61059
[2025-05-03T08:10:11.137+0000] {base.py:84} INFO - Using connection ID 'mysql_diabetes_conn' for task execution.
[2025-05-03T08:10:12.926+0000] {sql.py:580} INFO - Done loading. Loaded a total of 100 rows into diabetes_train_processed
[2025-05-03T08:10:13.124+0000] {process_and_clean_data.py:745} INFO -   - Insertado lote 150: 15000/61059
[2025-05-03T08:10:13.283+0000] {base.py:84} INFO - Using connection ID 'mysql_diabetes_conn' for task execution.
[2025-05-03T08:10:17.574+0000] {sql.py:580} INFO - Done loading. Loaded a total of 100 rows into diabetes_train_processed
[2025-05-03T08:10:17.585+0000] {process_and_clean_data.py:745} INFO -   - Insertado lote 151: 15100/61059
[2025-05-03T08:10:17.617+0000] {base.py:84} INFO - Using connection ID 'mysql_diabetes_conn' for task execution.
[2025-05-03T08:10:22.650+0000] {sql.py:580} INFO - Done loading. Loaded a total of 100 rows into diabetes_train_processed
[2025-05-03T08:10:22.789+0000] {process_and_clean_data.py:745} INFO -   - Insertado lote 152: 15200/61059
[2025-05-03T08:10:22.995+0000] {base.py:84} INFO - Using connection ID 'mysql_diabetes_conn' for task execution.
[2025-05-03T08:13:29.783+0000] {job.py:218} ERROR - Job heartbeat got an exception
Traceback (most recent call last):
  File "/home/airflow/.local/lib/python3.8/site-packages/sqlalchemy/engine/base.py", line 3371, in _wrap_pool_connect
    return fn()
  File "/home/airflow/.local/lib/python3.8/site-packages/sqlalchemy/pool/base.py", line 327, in connect
    return _ConnectionFairy._checkout(self)
  File "/home/airflow/.local/lib/python3.8/site-packages/sqlalchemy/pool/base.py", line 894, in _checkout
    fairy = _ConnectionRecord.checkout(pool)
  File "/home/airflow/.local/lib/python3.8/site-packages/sqlalchemy/pool/base.py", line 493, in checkout
    rec = pool._do_get()
  File "/home/airflow/.local/lib/python3.8/site-packages/sqlalchemy/pool/impl.py", line 256, in _do_get
    return self._create_connection()
  File "/home/airflow/.local/lib/python3.8/site-packages/sqlalchemy/pool/base.py", line 273, in _create_connection
    return _ConnectionRecord(self)
  File "/home/airflow/.local/lib/python3.8/site-packages/sqlalchemy/pool/base.py", line 388, in __init__
    self.__connect()
  File "/home/airflow/.local/lib/python3.8/site-packages/sqlalchemy/pool/base.py", line 691, in __connect
    pool.logger.debug("Error on connect(): %s", e)
  File "/home/airflow/.local/lib/python3.8/site-packages/sqlalchemy/util/langhelpers.py", line 70, in __exit__
    compat.raise_(
  File "/home/airflow/.local/lib/python3.8/site-packages/sqlalchemy/util/compat.py", line 211, in raise_
    raise exception
  File "/home/airflow/.local/lib/python3.8/site-packages/sqlalchemy/pool/base.py", line 686, in __connect
    self.dbapi_connection = connection = pool._invoke_creator(self)
  File "/home/airflow/.local/lib/python3.8/site-packages/sqlalchemy/engine/create.py", line 574, in connect
    return dialect.connect(*cargs, **cparams)
  File "/home/airflow/.local/lib/python3.8/site-packages/sqlalchemy/engine/default.py", line 598, in connect
    return self.dbapi.connect(*cargs, **cparams)
  File "/home/airflow/.local/lib/python3.8/site-packages/MySQLdb/__init__.py", line 121, in Connect
    return Connection(*args, **kwargs)
  File "/home/airflow/.local/lib/python3.8/site-packages/MySQLdb/connections.py", line 195, in __init__
    super().__init__(*args, **kwargs2)
MySQLdb.OperationalError: (2005, "Unknown server host 'mysql' (-3)")

The above exception was the direct cause of the following exception:

Traceback (most recent call last):
  File "/home/airflow/.local/lib/python3.8/site-packages/airflow/jobs/job.py", line 192, in heartbeat
    self._merge_from(Job._fetch_from_db(self, session))
  File "/home/airflow/.local/lib/python3.8/site-packages/airflow/api_internal/internal_api_call.py", line 115, in wrapper
    return func(*args, **kwargs)
  File "/home/airflow/.local/lib/python3.8/site-packages/airflow/utils/session.py", line 76, in wrapper
    return func(*args, **kwargs)
  File "/home/airflow/.local/lib/python3.8/site-packages/airflow/utils/retries.py", line 89, in wrapped_function
    for attempt in run_with_db_retries(max_retries=retries, logger=logger, **retry_kwargs):
  File "/home/airflow/.local/lib/python3.8/site-packages/tenacity/__init__.py", line 347, in __iter__
    do = self.iter(retry_state=retry_state)
  File "/home/airflow/.local/lib/python3.8/site-packages/tenacity/__init__.py", line 325, in iter
    raise retry_exc.reraise()
  File "/home/airflow/.local/lib/python3.8/site-packages/tenacity/__init__.py", line 158, in reraise
    raise self.last_attempt.result()
  File "/usr/local/lib/python3.8/concurrent/futures/_base.py", line 437, in result
    return self.__get_result()
  File "/usr/local/lib/python3.8/concurrent/futures/_base.py", line 389, in __get_result
    raise self._exception
  File "/home/airflow/.local/lib/python3.8/site-packages/airflow/utils/retries.py", line 98, in wrapped_function
    return func(*args, **kwargs)
  File "/home/airflow/.local/lib/python3.8/site-packages/airflow/jobs/job.py", line 316, in _fetch_from_db
    session.merge(job)
  File "/home/airflow/.local/lib/python3.8/site-packages/sqlalchemy/orm/session.py", line 3056, in merge
    return self._merge(
  File "/home/airflow/.local/lib/python3.8/site-packages/sqlalchemy/orm/session.py", line 3136, in _merge
    merged = self.get(
  File "/home/airflow/.local/lib/python3.8/site-packages/sqlalchemy/orm/session.py", line 2853, in get
    return self._get_impl(
  File "/home/airflow/.local/lib/python3.8/site-packages/sqlalchemy/orm/session.py", line 2975, in _get_impl
    return db_load_fn(
  File "/home/airflow/.local/lib/python3.8/site-packages/sqlalchemy/orm/loading.py", line 530, in load_on_pk_identity
    session.execute(
  File "/home/airflow/.local/lib/python3.8/site-packages/sqlalchemy/orm/session.py", line 1716, in execute
    conn = self._connection_for_bind(bind)
  File "/home/airflow/.local/lib/python3.8/site-packages/sqlalchemy/orm/session.py", line 1555, in _connection_for_bind
    return self._transaction._connection_for_bind(
  File "/home/airflow/.local/lib/python3.8/site-packages/sqlalchemy/orm/session.py", line 750, in _connection_for_bind
    conn = bind.connect()
  File "/home/airflow/.local/lib/python3.8/site-packages/sqlalchemy/future/engine.py", line 412, in connect
    return super(Engine, self).connect()
  File "/home/airflow/.local/lib/python3.8/site-packages/sqlalchemy/engine/base.py", line 3325, in connect
    return self._connection_cls(self, close_with_result=close_with_result)
  File "/home/airflow/.local/lib/python3.8/site-packages/sqlalchemy/engine/base.py", line 96, in __init__
    else engine.raw_connection()
  File "/home/airflow/.local/lib/python3.8/site-packages/sqlalchemy/engine/base.py", line 3404, in raw_connection
    return self._wrap_pool_connect(self.pool.connect, _connection)
  File "/home/airflow/.local/lib/python3.8/site-packages/sqlalchemy/engine/base.py", line 3374, in _wrap_pool_connect
    Connection._handle_dbapi_exception_noconnection(
  File "/home/airflow/.local/lib/python3.8/site-packages/sqlalchemy/engine/base.py", line 2208, in _handle_dbapi_exception_noconnection
    util.raise_(
  File "/home/airflow/.local/lib/python3.8/site-packages/sqlalchemy/util/compat.py", line 211, in raise_
    raise exception
  File "/home/airflow/.local/lib/python3.8/site-packages/sqlalchemy/engine/base.py", line 3371, in _wrap_pool_connect
    return fn()
  File "/home/airflow/.local/lib/python3.8/site-packages/sqlalchemy/pool/base.py", line 327, in connect
    return _ConnectionFairy._checkout(self)
  File "/home/airflow/.local/lib/python3.8/site-packages/sqlalchemy/pool/base.py", line 894, in _checkout
    fairy = _ConnectionRecord.checkout(pool)
  File "/home/airflow/.local/lib/python3.8/site-packages/sqlalchemy/pool/base.py", line 493, in checkout
    rec = pool._do_get()
  File "/home/airflow/.local/lib/python3.8/site-packages/sqlalchemy/pool/impl.py", line 256, in _do_get
    return self._create_connection()
  File "/home/airflow/.local/lib/python3.8/site-packages/sqlalchemy/pool/base.py", line 273, in _create_connection
    return _ConnectionRecord(self)
  File "/home/airflow/.local/lib/python3.8/site-packages/sqlalchemy/pool/base.py", line 388, in __init__
    self.__connect()
  File "/home/airflow/.local/lib/python3.8/site-packages/sqlalchemy/pool/base.py", line 691, in __connect
    pool.logger.debug("Error on connect(): %s", e)
  File "/home/airflow/.local/lib/python3.8/site-packages/sqlalchemy/util/langhelpers.py", line 70, in __exit__
    compat.raise_(
  File "/home/airflow/.local/lib/python3.8/site-packages/sqlalchemy/util/compat.py", line 211, in raise_
    raise exception
  File "/home/airflow/.local/lib/python3.8/site-packages/sqlalchemy/pool/base.py", line 686, in __connect
    self.dbapi_connection = connection = pool._invoke_creator(self)
  File "/home/airflow/.local/lib/python3.8/site-packages/sqlalchemy/engine/create.py", line 574, in connect
    return dialect.connect(*cargs, **cparams)
  File "/home/airflow/.local/lib/python3.8/site-packages/sqlalchemy/engine/default.py", line 598, in connect
    return self.dbapi.connect(*cargs, **cparams)
  File "/home/airflow/.local/lib/python3.8/site-packages/MySQLdb/__init__.py", line 121, in Connect
    return Connection(*args, **kwargs)
  File "/home/airflow/.local/lib/python3.8/site-packages/MySQLdb/connections.py", line 195, in __init__
    super().__init__(*args, **kwargs2)
sqlalchemy.exc.OperationalError: (MySQLdb.OperationalError) (2005, "Unknown server host 'mysql' (-3)")
(Background on this error at: https://sqlalche.me/e/14/e3q8)
[2025-05-03T08:14:14.615+0000] {job.py:226} ERROR - Job heartbeat failed with error. Scheduler is in unhealthy state
