[2025-05-05T00:42:36.221+0000] {local_task_job_runner.py:120} INFO - ::group::Pre task execution logs
[2025-05-05T00:42:36.289+0000] {taskinstance.py:2073} INFO - Dependencies all met for dep_context=non-requeueable deps ti=<TaskInstance: fetch_and_store_diabetes_data.process_train_data.process_train_batches manual__2025-05-05T00:42:10.742293+00:00 [queued]>
[2025-05-05T00:42:36.320+0000] {taskinstance.py:2073} INFO - Dependencies all met for dep_context=requeueable deps ti=<TaskInstance: fetch_and_store_diabetes_data.process_train_data.process_train_batches manual__2025-05-05T00:42:10.742293+00:00 [queued]>
[2025-05-05T00:42:36.321+0000] {taskinstance.py:2303} INFO - Starting attempt 1 of 2
[2025-05-05T00:42:36.358+0000] {taskinstance.py:2327} INFO - Executing <Task(PythonOperator): process_train_data.process_train_batches> on 2025-05-05 00:42:10.742293+00:00
[2025-05-05T00:42:36.391+0000] {standard_task_runner.py:63} INFO - Started process 186 to run task
[2025-05-05T00:42:36.403+0000] {standard_task_runner.py:90} INFO - Running: ['***', 'tasks', 'run', 'fetch_and_store_diabetes_data', 'process_train_data.process_train_batches', 'manual__2025-05-05T00:42:10.742293+00:00', '--job-id', '10', '--raw', '--subdir', 'DAGS_FOLDER/fetch_and_store_data.py', '--cfg-path', '/tmp/tmpruqdqtjt']
[2025-05-05T00:42:36.409+0000] {standard_task_runner.py:91} INFO - Job 10: Subtask process_train_data.process_train_batches
[2025-05-05T00:42:36.711+0000] {task_command.py:426} INFO - Running <TaskInstance: fetch_and_store_diabetes_data.process_train_data.process_train_batches manual__2025-05-05T00:42:10.742293+00:00 [running]> on host 156a874286c2
[2025-05-05T00:42:37.063+0000] {taskinstance.py:2644} INFO - Exporting env vars: AIRFLOW_CTX_DAG_OWNER='***' AIRFLOW_CTX_DAG_ID='fetch_and_store_diabetes_data' AIRFLOW_CTX_TASK_ID='process_train_data.process_train_batches' AIRFLOW_CTX_EXECUTION_DATE='2025-05-05T00:42:10.742293+00:00' AIRFLOW_CTX_TRY_NUMBER='1' AIRFLOW_CTX_DAG_RUN_ID='manual__2025-05-05T00:42:10.742293+00:00'
[2025-05-05T00:42:37.065+0000] {taskinstance.py:430} INFO - ::endgroup::
[2025-05-05T00:42:37.147+0000] {fetch_and_store_data.py:217} INFO - Procesando 5 batches para train
[2025-05-05T00:42:37.149+0000] {fetch_and_store_data.py:119} INFO - Obteniendo train batch 0 desde http://10.43.101.168:32569/get-batch/?batch_number=0
[2025-05-05T00:42:52.839+0000] {fetch_and_store_data.py:136} INFO - Obtenidos 15000 registros de train batch 0
[2025-05-05T00:42:52.886+0000] {base.py:84} INFO - Using connection ID 'postgres_***_conn' for task execution.
[2025-05-05T00:43:52.483+0000] {fetch_and_store_data.py:164} INFO - Insertados 15000 registros en tabla diabetes_train para train batch 0 usando to_sql
[2025-05-05T00:43:52.647+0000] {fetch_and_store_data.py:119} INFO - Obteniendo train batch 1 desde http://10.43.101.168:32569/get-batch/?batch_number=1
[2025-05-05T00:43:59.935+0000] {fetch_and_store_data.py:136} INFO - Obtenidos 15000 registros de train batch 1
[2025-05-05T00:44:00.019+0000] {base.py:84} INFO - Using connection ID 'postgres_***_conn' for task execution.
[2025-05-05T00:44:37.669+0000] {fetch_and_store_data.py:164} INFO - Insertados 15000 registros en tabla diabetes_train para train batch 1 usando to_sql
[2025-05-05T00:44:37.714+0000] {fetch_and_store_data.py:119} INFO - Obteniendo train batch 2 desde http://10.43.101.168:32569/get-batch/?batch_number=2
[2025-05-05T00:44:42.509+0000] {fetch_and_store_data.py:136} INFO - Obtenidos 15000 registros de train batch 2
[2025-05-05T00:44:42.530+0000] {base.py:84} INFO - Using connection ID 'postgres_***_conn' for task execution.
[2025-05-05T00:45:17.629+0000] {fetch_and_store_data.py:164} INFO - Insertados 15000 registros en tabla diabetes_train para train batch 2 usando to_sql
[2025-05-05T00:45:17.672+0000] {fetch_and_store_data.py:119} INFO - Obteniendo train batch 3 desde http://10.43.101.168:32569/get-batch/?batch_number=3
[2025-05-05T00:45:22.627+0000] {fetch_and_store_data.py:136} INFO - Obtenidos 15000 registros de train batch 3
[2025-05-05T00:45:22.667+0000] {base.py:84} INFO - Using connection ID 'postgres_***_conn' for task execution.
[2025-05-05T00:45:56.670+0000] {fetch_and_store_data.py:164} INFO - Insertados 15000 registros en tabla diabetes_train para train batch 3 usando to_sql
[2025-05-05T00:45:56.714+0000] {fetch_and_store_data.py:119} INFO - Obteniendo train batch 4 desde http://10.43.101.168:32569/get-batch/?batch_number=4
[2025-05-05T00:45:57.067+0000] {fetch_and_store_data.py:136} INFO - Obtenidos 1059 registros de train batch 4
[2025-05-05T00:45:57.095+0000] {base.py:84} INFO - Using connection ID 'postgres_***_conn' for task execution.
[2025-05-05T00:45:59.087+0000] {fetch_and_store_data.py:164} INFO - Insertados 1059 registros en tabla diabetes_train para train batch 4 usando to_sql
[2025-05-05T00:45:59.092+0000] {fetch_and_store_data.py:228} INFO - Completado procesamiento de train: 61059 registros en total
[2025-05-05T00:45:59.092+0000] {python.py:237} INFO - Done. Returned value was: 61059
[2025-05-05T00:45:59.093+0000] {taskinstance.py:441} INFO - ::group::Post task execution logs
[2025-05-05T00:45:59.182+0000] {taskinstance.py:1205} INFO - Marking task as SUCCESS. dag_id=fetch_and_store_diabetes_data, task_id=process_train_data.process_train_batches, execution_date=20250505T004210, start_date=20250505T004236, end_date=20250505T004559
[2025-05-05T00:45:59.340+0000] {local_task_job_runner.py:240} INFO - Task exited with return code 0
[2025-05-05T00:45:59.412+0000] {taskinstance.py:3482} INFO - 0 downstream tasks scheduled from follow-on schedule check
[2025-05-05T00:45:59.416+0000] {local_task_job_runner.py:222} INFO - ::endgroup::
