[2025-05-10T14:44:28.228+0000] {local_task_job_runner.py:120} INFO - ::group::Pre task execution logs
[2025-05-10T14:44:28.333+0000] {taskinstance.py:2073} INFO - Dependencies all met for dep_context=non-requeueable deps ti=<TaskInstance: fetch_and_store_diabetes_data.process_train_batches manual__2025-05-10T14:44:16.594789+00:00 [queued]>
[2025-05-10T14:44:28.403+0000] {taskinstance.py:2073} INFO - Dependencies all met for dep_context=requeueable deps ti=<TaskInstance: fetch_and_store_diabetes_data.process_train_batches manual__2025-05-10T14:44:16.594789+00:00 [queued]>
[2025-05-10T14:44:28.404+0000] {taskinstance.py:2303} INFO - Starting attempt 1 of 2
[2025-05-10T14:44:28.465+0000] {taskinstance.py:2327} INFO - Executing <Task(PythonOperator): process_train_batches> on 2025-05-10 14:44:16.594789+00:00
[2025-05-10T14:44:28.534+0000] {standard_task_runner.py:63} INFO - Started process 266 to run task
[2025-05-10T14:44:28.564+0000] {standard_task_runner.py:90} INFO - Running: ['airflow', 'tasks', 'run', 'fetch_and_store_diabetes_data', 'process_train_batches', 'manual__2025-05-10T14:44:16.594789+00:00', '--job-id', '4', '--raw', '--subdir', 'DAGS_FOLDER/fetch_and_store_data.py', '--cfg-path', '/tmp/tmp4g_a3ghl']
[2025-05-10T14:44:28.581+0000] {standard_task_runner.py:91} INFO - Job 4: Subtask process_train_batches
[2025-05-10T14:44:28.806+0000] {task_command.py:426} INFO - Running <TaskInstance: fetch_and_store_diabetes_data.process_train_batches manual__2025-05-10T14:44:16.594789+00:00 [running]> on host cc11726e1520
[2025-05-10T14:44:29.151+0000] {taskinstance.py:2644} INFO - Exporting env vars: AIRFLOW_CTX_DAG_OWNER='airflow' AIRFLOW_CTX_DAG_ID='fetch_and_store_diabetes_data' AIRFLOW_CTX_TASK_ID='process_train_batches' AIRFLOW_CTX_EXECUTION_DATE='2025-05-10T14:44:16.594789+00:00' AIRFLOW_CTX_TRY_NUMBER='1' AIRFLOW_CTX_DAG_RUN_ID='manual__2025-05-10T14:44:16.594789+00:00'
[2025-05-10T14:44:29.155+0000] {taskinstance.py:430} INFO - ::endgroup::
[2025-05-10T14:44:29.184+0000] {logging_mixin.py:188} INFO - Procesando 5 batches para train
[2025-05-10T14:44:29.184+0000] {logging_mixin.py:188} INFO - Obteniendo train batch 0 desde http://10.43.101.168:32569/get-batch/?batch_number=0
[2025-05-10T14:44:36.719+0000] {logging_mixin.py:188} INFO - Obtenidos 15000 registros de train batch 0
[2025-05-10T14:44:36.810+0000] {base.py:84} INFO - Using connection ID 'postgres_airflow_conn' for task execution.
[2025-05-10T14:45:21.250+0000] {logging_mixin.py:188} INFO - Insertados 15000 registros en tabla diabetes_train para train batch 0 usando método fila por fila
[2025-05-10T14:45:21.387+0000] {logging_mixin.py:188} INFO - Obteniendo train batch 1 desde http://10.43.101.168:32569/get-batch/?batch_number=1
[2025-05-10T14:45:27.330+0000] {logging_mixin.py:188} INFO - Obtenidos 15000 registros de train batch 1
[2025-05-10T14:45:27.370+0000] {base.py:84} INFO - Using connection ID 'postgres_airflow_conn' for task execution.
[2025-05-10T14:46:25.573+0000] {logging_mixin.py:188} INFO - Insertados 15000 registros en tabla diabetes_train para train batch 1 usando método fila por fila
[2025-05-10T14:46:25.711+0000] {logging_mixin.py:188} INFO - Obteniendo train batch 2 desde http://10.43.101.168:32569/get-batch/?batch_number=2
[2025-05-10T14:46:32.694+0000] {logging_mixin.py:188} INFO - Obtenidos 15000 registros de train batch 2
[2025-05-10T14:46:32.886+0000] {base.py:84} INFO - Using connection ID 'postgres_airflow_conn' for task execution.
[2025-05-10T14:47:23.398+0000] {logging_mixin.py:188} INFO - Insertados 15000 registros en tabla diabetes_train para train batch 2 usando método fila por fila
[2025-05-10T14:47:23.551+0000] {logging_mixin.py:188} INFO - Obteniendo train batch 3 desde http://10.43.101.168:32569/get-batch/?batch_number=3
[2025-05-10T14:47:32.380+0000] {logging_mixin.py:188} INFO - Obtenidos 15000 registros de train batch 3
[2025-05-10T14:47:32.497+0000] {base.py:84} INFO - Using connection ID 'postgres_airflow_conn' for task execution.
[2025-05-10T14:48:40.629+0000] {logging_mixin.py:188} INFO - Insertados 15000 registros en tabla diabetes_train para train batch 3 usando método fila por fila
[2025-05-10T14:48:40.746+0000] {logging_mixin.py:188} INFO - Obteniendo train batch 4 desde http://10.43.101.168:32569/get-batch/?batch_number=4
[2025-05-10T14:48:41.117+0000] {logging_mixin.py:188} INFO - Obtenidos 1059 registros de train batch 4
[2025-05-10T14:48:41.150+0000] {base.py:84} INFO - Using connection ID 'postgres_airflow_conn' for task execution.
[2025-05-10T14:48:46.601+0000] {logging_mixin.py:188} INFO - Insertados 1059 registros en tabla diabetes_train para train batch 4 usando método fila por fila
[2025-05-10T14:48:46.610+0000] {logging_mixin.py:188} INFO - Completado procesamiento de train: 61059 registros en total
[2025-05-10T14:48:46.612+0000] {python.py:237} INFO - Done. Returned value was: 61059
[2025-05-10T14:48:46.612+0000] {taskinstance.py:441} INFO - ::group::Post task execution logs
[2025-05-10T14:48:46.818+0000] {taskinstance.py:1205} INFO - Marking task as SUCCESS. dag_id=fetch_and_store_diabetes_data, task_id=process_train_batches, execution_date=20250510T144416, start_date=20250510T144428, end_date=20250510T144846
[2025-05-10T14:48:46.988+0000] {local_task_job_runner.py:240} INFO - Task exited with return code 0
[2025-05-10T14:48:47.077+0000] {taskinstance.py:3482} INFO - 1 downstream tasks scheduled from follow-on schedule check
[2025-05-10T14:48:47.080+0000] {local_task_job_runner.py:222} INFO - ::endgroup::
