[2025-05-03T05:51:26.731+0000] {local_task_job_runner.py:120} INFO - ::group::Pre task execution logs
[2025-05-03T05:51:26.910+0000] {taskinstance.py:2073} INFO - Dependencies all met for dep_context=non-requeueable deps ti=<TaskInstance: diabetes_data_pipeline.preprocess_train_data manual__2025-05-03T05:48:00.137301+00:00 [queued]>
[2025-05-03T05:51:26.949+0000] {taskinstance.py:2073} INFO - Dependencies all met for dep_context=requeueable deps ti=<TaskInstance: diabetes_data_pipeline.preprocess_train_data manual__2025-05-03T05:48:00.137301+00:00 [queued]>
[2025-05-03T05:51:26.954+0000] {taskinstance.py:2303} INFO - Starting attempt 2 of 2
[2025-05-03T05:51:26.988+0000] {taskinstance.py:2327} INFO - Executing <Task(PythonOperator): preprocess_train_data> on 2025-05-03 05:48:00.137301+00:00
[2025-05-03T05:51:27.033+0000] {standard_task_runner.py:63} INFO - Started process 214 to run task
[2025-05-03T05:51:27.053+0000] {standard_task_runner.py:90} INFO - Running: ['***', 'tasks', 'run', 'diabetes_data_pipeline', 'preprocess_train_data', 'manual__2025-05-03T05:48:00.137301+00:00', '--job-id', '149', '--raw', '--subdir', 'DAGS_FOLDER/process_and_clean_data.py', '--cfg-path', '/tmp/tmpzidndwhq']
[2025-05-03T05:51:27.080+0000] {standard_task_runner.py:91} INFO - Job 149: Subtask preprocess_train_data
[2025-05-03T05:51:27.282+0000] {task_command.py:426} INFO - Running <TaskInstance: diabetes_data_pipeline.preprocess_train_data manual__2025-05-03T05:48:00.137301+00:00 [running]> on host 9bf495e58d4c
[2025-05-03T05:51:27.558+0000] {taskinstance.py:2644} INFO - Exporting env vars: AIRFLOW_CTX_DAG_OWNER='***' AIRFLOW_CTX_DAG_ID='diabetes_data_pipeline' AIRFLOW_CTX_TASK_ID='preprocess_train_data' AIRFLOW_CTX_EXECUTION_DATE='2025-05-03T05:48:00.137301+00:00' AIRFLOW_CTX_TRY_NUMBER='2' AIRFLOW_CTX_DAG_RUN_ID='manual__2025-05-03T05:48:00.137301+00:00'
[2025-05-03T05:51:27.560+0000] {taskinstance.py:430} INFO - ::endgroup::
[2025-05-03T05:51:39.040+0000] {process_and_clean_data.py:299} INFO - Iniciando preprocesamiento de datos train...
[2025-05-03T05:51:39.043+0000] {process_and_clean_data.py:356} ERROR - L Error al preprocesar datos train: "['change'] not in index"
[2025-05-03T05:51:39.047+0000] {taskinstance.py:441} INFO - ::group::Post task execution logs
[2025-05-03T05:51:39.048+0000] {taskinstance.py:2890} ERROR - Task failed with exception
Traceback (most recent call last):
  File "/home/airflow/.local/lib/python3.8/site-packages/airflow/models/taskinstance.py", line 465, in _execute_task
    result = _execute_callable(context=context, **execute_callable_kwargs)
  File "/home/airflow/.local/lib/python3.8/site-packages/airflow/models/taskinstance.py", line 432, in _execute_callable
    return execute_callable(context=context, **execute_callable_kwargs)
  File "/home/airflow/.local/lib/python3.8/site-packages/airflow/models/baseoperator.py", line 400, in wrapper
    return func(self, *args, **kwargs)
  File "/home/airflow/.local/lib/python3.8/site-packages/airflow/operators/python.py", line 235, in execute
    return_value = self.execute_callable()
  File "/home/airflow/.local/lib/python3.8/site-packages/airflow/operators/python.py", line 252, in execute_callable
    return self.python_callable(*self.op_args, **self.op_kwargs)
  File "/opt/airflow/dags/process_and_clean_data.py", line 304, in preprocess_table
    X, y, ids = preprocess_diabetes_data(df)
  File "/opt/airflow/dags/process_and_clean_data.py", line 151, in preprocess_diabetes_data
    df_diabetes_cat = df[categorical_cols]
  File "/home/airflow/.local/lib/python3.8/site-packages/pandas/core/frame.py", line 3767, in __getitem__
    indexer = self.columns._get_indexer_strict(key, "columns")[1]
  File "/home/airflow/.local/lib/python3.8/site-packages/pandas/core/indexes/base.py", line 5877, in _get_indexer_strict
    self._raise_if_missing(keyarr, indexer, axis_name)
  File "/home/airflow/.local/lib/python3.8/site-packages/pandas/core/indexes/base.py", line 5941, in _raise_if_missing
    raise KeyError(f"{not_found} not in index")
KeyError: "['change'] not in index"
[2025-05-03T05:51:39.120+0000] {taskinstance.py:1205} INFO - Marking task as FAILED. dag_id=diabetes_data_pipeline, task_id=preprocess_train_data, execution_date=20250503T054800, start_date=20250503T055126, end_date=20250503T055139
[2025-05-03T05:51:39.187+0000] {standard_task_runner.py:110} ERROR - Failed to execute job 149 for task preprocess_train_data ("['change'] not in index"; 214)
[2025-05-03T05:51:39.524+0000] {local_task_job_runner.py:240} INFO - Task exited with return code 1
[2025-05-03T05:51:39.590+0000] {taskinstance.py:3482} INFO - 0 downstream tasks scheduled from follow-on schedule check
[2025-05-03T05:51:39.626+0000] {local_task_job_runner.py:222} INFO - ::endgroup::
