[2025-03-10T00:51:49.884+0000] {taskinstance.py:1125} INFO - Dependencies all met for dep_context=non-requeueable deps ti=<TaskInstance: train_model_penguins.train_model manual__2025-03-10T00:51:47.743212+00:00 [queued]>
[2025-03-10T00:51:49.896+0000] {taskinstance.py:1125} INFO - Dependencies all met for dep_context=requeueable deps ti=<TaskInstance: train_model_penguins.train_model manual__2025-03-10T00:51:47.743212+00:00 [queued]>
[2025-03-10T00:51:49.897+0000] {taskinstance.py:1331} INFO - Starting attempt 1 of 2
[2025-03-10T00:51:49.924+0000] {taskinstance.py:1350} INFO - Executing <Task(PythonOperator): train_model> on 2025-03-10 00:51:47.743212+00:00
[2025-03-10T00:51:49.940+0000] {standard_task_runner.py:57} INFO - Started process 350 to run task
[2025-03-10T00:51:49.950+0000] {standard_task_runner.py:84} INFO - Running: ['***', 'tasks', 'run', 'train_model_penguins', 'train_model', 'manual__2025-03-10T00:51:47.743212+00:00', '--job-id', '130', '--raw', '--subdir', 'DAGS_FOLDER/train.py', '--cfg-path', '/tmp/tmp3hf6867k']
[2025-03-10T00:51:49.954+0000] {standard_task_runner.py:85} INFO - Job 130: Subtask train_model
[2025-03-10T00:51:50.147+0000] {task_command.py:410} INFO - Running <TaskInstance: train_model_penguins.train_model manual__2025-03-10T00:51:47.743212+00:00 [running]> on host a7c8d6e00548
[2025-03-10T00:51:50.350+0000] {taskinstance.py:1570} INFO - Exporting env vars: AIRFLOW_CTX_DAG_OWNER='***' AIRFLOW_CTX_DAG_ID='train_model_penguins' AIRFLOW_CTX_TASK_ID='train_model' AIRFLOW_CTX_EXECUTION_DATE='2025-03-10T00:51:47.743212+00:00' AIRFLOW_CTX_TRY_NUMBER='1' AIRFLOW_CTX_DAG_RUN_ID='manual__2025-03-10T00:51:47.743212+00:00'
[2025-03-10T00:51:50.374+0000] {warnings.py:110} WARNING - /home/***/.local/lib/python3.7/site-packages/sklearn/utils/validation.py:993: DataConversionWarning: A column-vector y was passed when a 1d array was expected. Please change the shape of y to (n_samples, ), for example using ravel().
  y = column_or_1d(y, warn=True)

[2025-03-10T00:51:50.389+0000] {python.py:183} INFO - Done. Returned value was:               precision    recall  f1-score   support

      Adelie       1.00      1.00      1.00        46
      Gentoo       1.00      1.00      1.00        24
   Chinstrap       1.00      1.00      1.00        30

    accuracy                           1.00       100
   macro avg       1.00      1.00      1.00       100
weighted avg       1.00      1.00      1.00       100

[2025-03-10T00:51:50.434+0000] {taskinstance.py:1373} INFO - Marking task as SUCCESS. dag_id=train_model_penguins, task_id=train_model, execution_date=20250310T005147, start_date=20250310T005149, end_date=20250310T005150
[2025-03-10T00:51:50.486+0000] {local_task_job_runner.py:232} INFO - Task exited with return code 0
[2025-03-10T00:51:50.615+0000] {taskinstance.py:2674} INFO - 0 downstream tasks scheduled from follow-on schedule check
