[2025-05-03T06:50:52.440+0000] {local_task_job_runner.py:120} INFO - ::group::Pre task execution logs
[2025-05-03T06:50:52.514+0000] {taskinstance.py:2073} INFO - Dependencies all met for dep_context=non-requeueable deps ti=<TaskInstance: diabetes_data_pipeline.save_train_data manual__2025-05-03T06:49:51.433556+00:00 [queued]>
[2025-05-03T06:50:52.536+0000] {taskinstance.py:2073} INFO - Dependencies all met for dep_context=requeueable deps ti=<TaskInstance: diabetes_data_pipeline.save_train_data manual__2025-05-03T06:49:51.433556+00:00 [queued]>
[2025-05-03T06:50:52.537+0000] {taskinstance.py:2303} INFO - Starting attempt 1 of 2
[2025-05-03T06:50:52.609+0000] {taskinstance.py:2327} INFO - Executing <Task(PythonOperator): save_train_data> on 2025-05-03 06:49:51.433556+00:00
[2025-05-03T06:50:52.674+0000] {standard_task_runner.py:63} INFO - Started process 309 to run task
[2025-05-03T06:50:52.696+0000] {standard_task_runner.py:90} INFO - Running: ['***', 'tasks', 'run', 'diabetes_data_pipeline', 'save_train_data', 'manual__2025-05-03T06:49:51.433556+00:00', '--job-id', '185', '--raw', '--subdir', 'DAGS_FOLDER/process_and_clean_data.py', '--cfg-path', '/tmp/tmpxu4mbdif']
[2025-05-03T06:50:52.739+0000] {standard_task_runner.py:91} INFO - Job 185: Subtask save_train_data
[2025-05-03T06:50:53.285+0000] {task_command.py:426} INFO - Running <TaskInstance: diabetes_data_pipeline.save_train_data manual__2025-05-03T06:49:51.433556+00:00 [running]> on host e89618938543
[2025-05-03T06:50:54.018+0000] {taskinstance.py:2644} INFO - Exporting env vars: AIRFLOW_CTX_DAG_OWNER='***' AIRFLOW_CTX_DAG_ID='diabetes_data_pipeline' AIRFLOW_CTX_TASK_ID='save_train_data' AIRFLOW_CTX_EXECUTION_DATE='2025-05-03T06:49:51.433556+00:00' AIRFLOW_CTX_TRY_NUMBER='1' AIRFLOW_CTX_DAG_RUN_ID='manual__2025-05-03T06:49:51.433556+00:00'
[2025-05-03T06:50:54.032+0000] {taskinstance.py:430} INFO - ::endgroup::
[2025-05-03T06:51:14.794+0000] {process_and_clean_data.py:417} INFO - Guardando datos procesados en tabla diabetes_train_processed...
[2025-05-03T06:51:14.808+0000] {process_and_clean_data.py:489} ERROR - ✗ Error al guardar datos en tabla diabetes_train_processed: 'int' object has no attribute 'isdigit'
[2025-05-03T06:51:14.815+0000] {taskinstance.py:441} INFO - ::group::Post task execution logs
[2025-05-03T06:51:14.821+0000] {taskinstance.py:2890} ERROR - Task failed with exception
Traceback (most recent call last):
  File "/home/airflow/.local/lib/python3.8/site-packages/airflow/models/taskinstance.py", line 465, in _execute_task
    result = _execute_callable(context=context, **execute_callable_kwargs)
  File "/home/airflow/.local/lib/python3.8/site-packages/airflow/models/taskinstance.py", line 432, in _execute_callable
    return execute_callable(context=context, **execute_callable_kwargs)
  File "/home/airflow/.local/lib/python3.8/site-packages/airflow/models/baseoperator.py", line 400, in wrapper
    return func(self, *args, **kwargs)
  File "/home/airflow/.local/lib/python3.8/site-packages/airflow/operators/python.py", line 235, in execute
    return_value = self.execute_callable()
  File "/home/airflow/.local/lib/python3.8/site-packages/airflow/operators/python.py", line 252, in execute_callable
    return self.python_callable(*self.op_args, **self.op_kwargs)
  File "/opt/airflow/dags/process_and_clean_data.py", line 454, in save_processed_table
    processed_df.columns = [f"col_{i}" if col.isdigit() else col for i, col in enumerate(processed_df.columns)]
  File "/opt/airflow/dags/process_and_clean_data.py", line 454, in <listcomp>
    processed_df.columns = [f"col_{i}" if col.isdigit() else col for i, col in enumerate(processed_df.columns)]
AttributeError: 'int' object has no attribute 'isdigit'
[2025-05-03T06:51:14.888+0000] {taskinstance.py:1205} INFO - Marking task as UP_FOR_RETRY. dag_id=diabetes_data_pipeline, task_id=save_train_data, execution_date=20250503T064951, start_date=20250503T065052, end_date=20250503T065114
[2025-05-03T06:51:14.952+0000] {standard_task_runner.py:110} ERROR - Failed to execute job 185 for task save_train_data ('int' object has no attribute 'isdigit'; 309)
[2025-05-03T06:51:15.300+0000] {local_task_job_runner.py:240} INFO - Task exited with return code 1
[2025-05-03T06:51:15.558+0000] {taskinstance.py:3482} INFO - 0 downstream tasks scheduled from follow-on schedule check
[2025-05-03T06:51:15.566+0000] {local_task_job_runner.py:222} INFO - ::endgroup::
