[2025-05-03T07:04:28.008+0000] {local_task_job_runner.py:120} INFO - ::group::Pre task execution logs
[2025-05-03T07:04:28.132+0000] {taskinstance.py:2073} INFO - Dependencies all met for dep_context=non-requeueable deps ti=<TaskInstance: diabetes_data_pipeline.summarize_results manual__2025-05-03T07:02:47.895663+00:00 [queued]>
[2025-05-03T07:04:28.193+0000] {taskinstance.py:2073} INFO - Dependencies all met for dep_context=requeueable deps ti=<TaskInstance: diabetes_data_pipeline.summarize_results manual__2025-05-03T07:02:47.895663+00:00 [queued]>
[2025-05-03T07:04:28.194+0000] {taskinstance.py:2303} INFO - Starting attempt 1 of 2
[2025-05-03T07:04:28.300+0000] {taskinstance.py:2327} INFO - Executing <Task(PythonOperator): summarize_results> on 2025-05-03 07:02:47.895663+00:00
[2025-05-03T07:04:28.392+0000] {standard_task_runner.py:63} INFO - Started process 748 to run task
[2025-05-03T07:04:28.442+0000] {standard_task_runner.py:90} INFO - Running: ['***', 'tasks', 'run', 'diabetes_data_pipeline', 'summarize_results', 'manual__2025-05-03T07:02:47.895663+00:00', '--job-id', '209', '--raw', '--subdir', 'DAGS_FOLDER/process_and_clean_data.py', '--cfg-path', '/tmp/tmpjabmuxmh']
[2025-05-03T07:04:28.474+0000] {standard_task_runner.py:91} INFO - Job 209: Subtask summarize_results
[2025-05-03T07:04:28.677+0000] {task_command.py:426} INFO - Running <TaskInstance: diabetes_data_pipeline.summarize_results manual__2025-05-03T07:02:47.895663+00:00 [running]> on host e89618938543
[2025-05-03T07:04:28.915+0000] {taskinstance.py:2644} INFO - Exporting env vars: AIRFLOW_CTX_DAG_OWNER='***' AIRFLOW_CTX_DAG_ID='diabetes_data_pipeline' AIRFLOW_CTX_TASK_ID='summarize_results' AIRFLOW_CTX_EXECUTION_DATE='2025-05-03T07:02:47.895663+00:00' AIRFLOW_CTX_TRY_NUMBER='1' AIRFLOW_CTX_DAG_RUN_ID='manual__2025-05-03T07:02:47.895663+00:00'
[2025-05-03T07:04:28.919+0000] {taskinstance.py:430} INFO - ::endgroup::
[2025-05-03T07:04:36.629+0000] {process_and_clean_data.py:569} INFO - === RESUMEN DE LECTURA Y PROCESAMIENTO DE DATOS DE DIABETES ===
[2025-05-03T07:04:36.630+0000] {process_and_clean_data.py:571} INFO - Tabla diabetes_train:
[2025-05-03T07:04:36.630+0000] {process_and_clean_data.py:572} INFO -   - Original: 61059 filas, 51 columnas
[2025-05-03T07:04:36.631+0000] {process_and_clean_data.py:575} INFO -   - Procesada: 61059 filas, 84 columnas
[2025-05-03T07:04:36.631+0000] {process_and_clean_data.py:571} INFO - Tabla diabetes_validation:
[2025-05-03T07:04:36.631+0000] {process_and_clean_data.py:572} INFO -   - Original: 20353 filas, 51 columnas
[2025-05-03T07:04:36.632+0000] {process_and_clean_data.py:575} INFO -   - Procesada: 20353 filas, 84 columnas
[2025-05-03T07:04:36.632+0000] {process_and_clean_data.py:571} INFO - Tabla diabetes_test:
[2025-05-03T07:04:36.632+0000] {process_and_clean_data.py:572} INFO -   - Original: 20354 filas, 51 columnas
[2025-05-03T07:04:36.633+0000] {process_and_clean_data.py:575} INFO -   - Procesada: 20354 filas, 84 columnas
[2025-05-03T07:04:36.633+0000] {process_and_clean_data.py:583} INFO -  Todas las tablas se procesaron correctamente
[2025-05-03T07:04:36.658+0000] {python.py:237} INFO - Done. Returned value was: {'train': {'original_rows': 61059, 'original_columns': 51, 'processed_rows': 61059, 'processed_columns': 84}, 'validation': {'original_rows': 20353, 'original_columns': 51, 'processed_rows': 20353, 'processed_columns': 84}, 'test': {'original_rows': 20354, 'original_columns': 51, 'processed_rows': 20354, 'processed_columns': 84}}
[2025-05-03T07:04:36.659+0000] {taskinstance.py:441} INFO - ::group::Post task execution logs
[2025-05-03T07:04:36.702+0000] {taskinstance.py:1205} INFO - Marking task as SUCCESS. dag_id=diabetes_data_pipeline, task_id=summarize_results, execution_date=20250503T070247, start_date=20250503T070428, end_date=20250503T070436
[2025-05-03T07:04:36.821+0000] {local_task_job_runner.py:240} INFO - Task exited with return code 0
[2025-05-03T07:04:36.866+0000] {taskinstance.py:3482} INFO - 0 downstream tasks scheduled from follow-on schedule check
[2025-05-03T07:04:36.872+0000] {local_task_job_runner.py:222} INFO - ::endgroup::
