[2025-04-01T02:56:29.260+0000] {taskinstance.py:1125} INFO - Dependencies all met for dep_context=non-requeueable deps ti=<TaskInstance: train_model.train_model manual__2025-04-01T02:45:36.316088+00:00 [queued]>
[2025-04-01T02:56:29.299+0000] {taskinstance.py:1125} INFO - Dependencies all met for dep_context=requeueable deps ti=<TaskInstance: train_model.train_model manual__2025-04-01T02:45:36.316088+00:00 [queued]>
[2025-04-01T02:56:29.301+0000] {taskinstance.py:1331} INFO - Starting attempt 3 of 3
[2025-04-01T02:56:29.373+0000] {taskinstance.py:1350} INFO - Executing <Task(PythonOperator): train_model> on 2025-04-01 02:45:36.316088+00:00
[2025-04-01T02:56:29.400+0000] {standard_task_runner.py:57} INFO - Started process 27316 to run task
[2025-04-01T02:56:29.421+0000] {standard_task_runner.py:84} INFO - Running: ['***', 'tasks', 'run', 'train_model', 'train_model', 'manual__2025-04-01T02:45:36.316088+00:00', '--job-id', '576', '--raw', '--subdir', 'DAGS_FOLDER/train.py', '--cfg-path', '/tmp/tmpusj8wbf6']
[2025-04-01T02:56:29.438+0000] {standard_task_runner.py:85} INFO - Job 576: Subtask train_model
[2025-04-01T02:56:29.662+0000] {task_command.py:410} INFO - Running <TaskInstance: train_model.train_model manual__2025-04-01T02:45:36.316088+00:00 [running]> on host 76e1807f7118
[2025-04-01T02:56:30.085+0000] {taskinstance.py:1570} INFO - Exporting env vars: AIRFLOW_CTX_DAG_OWNER='***' AIRFLOW_CTX_DAG_ID='train_model' AIRFLOW_CTX_TASK_ID='train_model' AIRFLOW_CTX_EXECUTION_DATE='2025-04-01T02:45:36.316088+00:00' AIRFLOW_CTX_TRY_NUMBER='3' AIRFLOW_CTX_DAG_RUN_ID='manual__2025-04-01T02:45:36.316088+00:00'
[2025-04-01T02:56:30.087+0000] {logging_mixin.py:149} INFO - MLflow Version: 1.30.1
[2025-04-01T02:56:30.130+0000] {base.py:73} INFO - Using connection ID 'mysql_***_conn' for task execution.
[2025-04-01T02:56:31.034+0000] {logging_mixin.py:149} WARNING - 2025/04/01 02:56:31 WARNING mlflow.utils.git_utils: Failed to import Git (the Git executable is probably not on your PATH), so Git SHA is not available. Error: Failed to initialize: Bad git executable.
The git executable must be specified in one of the following ways:
    - be included in your $PATH
    - be set via $GIT_PYTHON_GIT_EXECUTABLE
    - explicitly set via git.refresh(<full-path-to-git-executable>)

All git commands will error until this is rectified.

This initial message can be silenced or aggravated in the future by setting the
$GIT_PYTHON_REFRESH environment variable. Use one of the following values:
    - quiet|q|silence|s|silent|none|n|0: for no message or exception
    - warn|w|warning|log|l|1: for a warning message (logging level CRITICAL, displayed by default)
    - error|e|exception|raise|r|2: for a raised exception

Example:
    export GIT_PYTHON_REFRESH=quiet
[2025-04-01T02:56:31.165+0000] {warnings.py:110} WARNING - /home/***/.local/lib/python3.7/site-packages/joblib/parallel.py:736: UserWarning: Loky-backed parallel loops cannot be called in a multiprocessing, setting n_jobs=1
  **self._backend_args)

