[2025-05-05T00:52:52.428+0000] {local_task_job_runner.py:120} INFO - ::group::Pre task execution logs
[2025-05-05T00:52:52.539+0000] {taskinstance.py:2073} INFO - Dependencies all met for dep_context=non-requeueable deps ti=<TaskInstance: diabetes_etl_fast.read_train_data manual__2025-05-05T00:52:43.453118+00:00 [queued]>
[2025-05-05T00:52:52.565+0000] {taskinstance.py:2073} INFO - Dependencies all met for dep_context=requeueable deps ti=<TaskInstance: diabetes_etl_fast.read_train_data manual__2025-05-05T00:52:43.453118+00:00 [queued]>
[2025-05-05T00:52:52.567+0000] {taskinstance.py:2303} INFO - Starting attempt 1 of 2
[2025-05-05T00:52:52.603+0000] {taskinstance.py:2327} INFO - Executing <Task(PythonOperator): read_train_data> on 2025-05-05 00:52:43.453118+00:00
[2025-05-05T00:52:52.632+0000] {standard_task_runner.py:63} INFO - Started process 388 to run task
[2025-05-05T00:52:52.645+0000] {standard_task_runner.py:90} INFO - Running: ['***', 'tasks', 'run', 'diabetes_etl_fast', 'read_train_data', 'manual__2025-05-05T00:52:43.453118+00:00', '--job-id', '11', '--raw', '--subdir', 'DAGS_FOLDER/preprocess.py', '--cfg-path', '/tmp/tmpp9dj7a0o']
[2025-05-05T00:52:52.650+0000] {standard_task_runner.py:91} INFO - Job 11: Subtask read_train_data
[2025-05-05T00:52:52.802+0000] {task_command.py:426} INFO - Running <TaskInstance: diabetes_etl_fast.read_train_data manual__2025-05-05T00:52:43.453118+00:00 [running]> on host 156a874286c2
[2025-05-05T00:52:53.077+0000] {taskinstance.py:2644} INFO - Exporting env vars: AIRFLOW_CTX_DAG_OWNER='***' AIRFLOW_CTX_DAG_ID='diabetes_etl_fast' AIRFLOW_CTX_TASK_ID='read_train_data' AIRFLOW_CTX_EXECUTION_DATE='2025-05-05T00:52:43.453118+00:00' AIRFLOW_CTX_TRY_NUMBER='1' AIRFLOW_CTX_DAG_RUN_ID='manual__2025-05-05T00:52:43.453118+00:00'
[2025-05-05T00:52:53.079+0000] {taskinstance.py:430} INFO - ::endgroup::
[2025-05-05T00:52:53.121+0000] {logging_mixin.py:188} INFO - Reading table diabetes_train...
[2025-05-05T00:52:53.167+0000] {base.py:84} INFO - Using connection ID 'postgres_***_conn' for task execution.
[2025-05-05T00:52:53.241+0000] {warnings.py:109} WARNING - /home/***/.local/lib/python3.8/site-packages/***/providers/common/sql/hooks/sql.py:227: UserWarning: pandas only supports SQLAlchemy connectable (engine/connection) or database string URI or sqlite3 DBAPI2 connection. Other DBAPI2 objects are not tested. Please consider using SQLAlchemy.
  return psql.read_sql(sql, con=conn, params=parameters, **kwargs)

[2025-05-05T00:52:56.727+0000] {logging_mixin.py:188} INFO - Table diabetes_train read successfully:
[2025-05-05T00:52:56.727+0000] {logging_mixin.py:188} INFO - Rows: 61059
[2025-05-05T00:52:56.728+0000] {logging_mixin.py:188} INFO - Columns: 51
[2025-05-05T00:52:56.728+0000] {logging_mixin.py:188} INFO - Column names: encounter_id, patient_nbr, race, gender, age, weight, admission_type_id, discharge_disposition_id, admission_source_id, time_in_hospital, payer_code, medical_specialty, num_lab_procedures, num_procedures, num_medications, number_outpatient, number_emergency, number_inpatient, diag_1, diag_2, diag_3, number_diagnoses, max_glu_serum, A1Cresult, metformin, repaglinide, nateglinide, chlorpropamide, glimepiride, acetohexamide, glipizide, glyburide, tolbutamide, pioglitazone, rosiglitazone, acarbose, miglitol, troglitazone, tolazamide, examide, citoglipton, insulin, glyburide-metformin, glipizide-metformin, glimepiride-pioglitazone, metformin-rosiglitazone, metformin-pioglitazone, change_column, diabetesMed, readmitted, batch_number
[2025-05-05T00:52:56.916+0000] {python.py:237} INFO - Done. Returned value was: True
[2025-05-05T00:52:56.917+0000] {taskinstance.py:441} INFO - ::group::Post task execution logs
[2025-05-05T00:52:56.971+0000] {taskinstance.py:1205} INFO - Marking task as SUCCESS. dag_id=diabetes_etl_fast, task_id=read_train_data, execution_date=20250505T005243, start_date=20250505T005252, end_date=20250505T005256
[2025-05-05T00:52:57.016+0000] {local_task_job_runner.py:240} INFO - Task exited with return code 0
[2025-05-05T00:52:57.078+0000] {taskinstance.py:3482} INFO - 1 downstream tasks scheduled from follow-on schedule check
[2025-05-05T00:52:57.081+0000] {local_task_job_runner.py:222} INFO - ::endgroup::
