[2025-05-01T02:48:09.777+0000] {local_task_job_runner.py:120} INFO - ::group::Pre task execution logs
[2025-05-01T02:48:09.855+0000] {taskinstance.py:2073} INFO - Dependencies all met for dep_context=non-requeueable deps ti=<TaskInstance: iniciar_tabla_mysql.start_table manual__2025-05-01T02:43:00.796886+00:00 [queued]>
[2025-05-01T02:48:09.883+0000] {taskinstance.py:2073} INFO - Dependencies all met for dep_context=requeueable deps ti=<TaskInstance: iniciar_tabla_mysql.start_table manual__2025-05-01T02:43:00.796886+00:00 [queued]>
[2025-05-01T02:48:09.884+0000] {taskinstance.py:2303} INFO - Starting attempt 2 of 2
[2025-05-01T02:48:09.923+0000] {taskinstance.py:2327} INFO - Executing <Task(PythonOperator): start_table> on 2025-05-01 02:43:00.796886+00:00
[2025-05-01T02:48:09.943+0000] {standard_task_runner.py:63} INFO - Started process 214 to run task
[2025-05-01T02:48:09.964+0000] {standard_task_runner.py:90} INFO - Running: ['***', 'tasks', 'run', 'iniciar_tabla_mysql', 'start_table', 'manual__2025-05-01T02:43:00.796886+00:00', '--job-id', '6', '--raw', '--subdir', 'DAGS_FOLDER/mysql_start_table.py', '--cfg-path', '/tmp/tmpyi5yg0tf']
[2025-05-01T02:48:09.977+0000] {standard_task_runner.py:91} INFO - Job 6: Subtask start_table
[2025-05-01T02:48:10.097+0000] {task_command.py:426} INFO - Running <TaskInstance: iniciar_tabla_mysql.start_table manual__2025-05-01T02:43:00.796886+00:00 [running]> on host ba67cb54d9bd
[2025-05-01T02:48:10.277+0000] {taskinstance.py:2644} INFO - Exporting env vars: AIRFLOW_CTX_DAG_OWNER='***' AIRFLOW_CTX_DAG_ID='iniciar_tabla_mysql' AIRFLOW_CTX_TASK_ID='start_table' AIRFLOW_CTX_EXECUTION_DATE='2025-05-01T02:43:00.796886+00:00' AIRFLOW_CTX_TRY_NUMBER='2' AIRFLOW_CTX_DAG_RUN_ID='manual__2025-05-01T02:43:00.796886+00:00'
[2025-05-01T02:48:10.278+0000] {taskinstance.py:430} INFO - ::endgroup::
[2025-05-01T02:48:10.376+0000] {taskinstance.py:441} INFO - ::group::Post task execution logs
[2025-05-01T02:48:10.408+0000] {taskinstance.py:2890} ERROR - Task failed with exception
Traceback (most recent call last):
  File "/home/airflow/.local/lib/python3.8/site-packages/airflow/models/taskinstance.py", line 465, in _execute_task
    result = _execute_callable(context=context, **execute_callable_kwargs)
  File "/home/airflow/.local/lib/python3.8/site-packages/airflow/models/taskinstance.py", line 432, in _execute_callable
    return execute_callable(context=context, **execute_callable_kwargs)
  File "/home/airflow/.local/lib/python3.8/site-packages/airflow/models/baseoperator.py", line 400, in wrapper
    return func(self, *args, **kwargs)
  File "/home/airflow/.local/lib/python3.8/site-packages/airflow/operators/python.py", line 235, in execute
    return_value = self.execute_callable()
  File "/home/airflow/.local/lib/python3.8/site-packages/airflow/operators/python.py", line 252, in execute_callable
    return self.python_callable(*self.op_args, **self.op_kwargs)
  File "/opt/airflow/dags/mysql_start_table.py", line 12, in start_table
    engine = mysql_hook.get_sqlalchemy_engine()
  File "/home/airflow/.local/lib/python3.8/site-packages/airflow/providers/common/sql/hooks/sql.py", line 203, in get_sqlalchemy_engine
    return create_engine(self.get_uri(), **engine_kwargs)
  File "/home/airflow/.local/lib/python3.8/site-packages/airflow/providers/common/sql/hooks/sql.py", line 190, in get_uri
    conn = self.get_connection(getattr(self, self.conn_name_attr))
  File "/home/airflow/.local/lib/python3.8/site-packages/airflow/hooks/base.py", line 83, in get_connection
    conn = Connection.get_connection_from_secrets(conn_id)
  File "/home/airflow/.local/lib/python3.8/site-packages/airflow/models/connection.py", line 519, in get_connection_from_secrets
    raise AirflowNotFoundException(f"The conn_id `{conn_id}` isn't defined")
airflow.exceptions.AirflowNotFoundException: The conn_id `mysql_***_conn` isn't defined
[2025-05-01T02:48:10.435+0000] {taskinstance.py:1205} INFO - Marking task as FAILED. dag_id=iniciar_tabla_mysql, task_id=start_table, execution_date=20250501T024300, start_date=20250501T024809, end_date=20250501T024810
[2025-05-01T02:48:10.483+0000] {standard_task_runner.py:110} ERROR - Failed to execute job 6 for task start_table (The conn_id `mysql_***_conn` isn't defined; 214)
[2025-05-01T02:48:10.559+0000] {local_task_job_runner.py:240} INFO - Task exited with return code 1
[2025-05-01T02:48:10.610+0000] {taskinstance.py:3482} INFO - 0 downstream tasks scheduled from follow-on schedule check
[2025-05-01T02:48:10.614+0000] {local_task_job_runner.py:222} INFO - ::endgroup::
