[2025-03-30T23:32:13.923+0000] {taskinstance.py:1125} INFO - Dependencies all met for dep_context=non-requeueable deps ti=<TaskInstance: train_model.train_model manual__2025-03-30T23:32:09.745049+00:00 [queued]>
[2025-03-30T23:32:13.944+0000] {taskinstance.py:1125} INFO - Dependencies all met for dep_context=requeueable deps ti=<TaskInstance: train_model.train_model manual__2025-03-30T23:32:09.745049+00:00 [queued]>
[2025-03-30T23:32:13.945+0000] {taskinstance.py:1331} INFO - Starting attempt 1 of 2
[2025-03-30T23:32:13.983+0000] {taskinstance.py:1350} INFO - Executing <Task(PythonOperator): train_model> on 2025-03-30 23:32:09.745049+00:00
[2025-03-30T23:32:14.005+0000] {standard_task_runner.py:57} INFO - Started process 2194 to run task
[2025-03-30T23:32:14.028+0000] {standard_task_runner.py:84} INFO - Running: ['***', 'tasks', 'run', 'train_model', 'train_model', 'manual__2025-03-30T23:32:09.745049+00:00', '--job-id', '493', '--raw', '--subdir', 'DAGS_FOLDER/train.py', '--cfg-path', '/tmp/tmpsy8ldt2g']
[2025-03-30T23:32:14.038+0000] {standard_task_runner.py:85} INFO - Job 493: Subtask train_model
[2025-03-30T23:32:14.192+0000] {task_command.py:410} INFO - Running <TaskInstance: train_model.train_model manual__2025-03-30T23:32:09.745049+00:00 [running]> on host 4c428920f0ab
[2025-03-30T23:32:14.399+0000] {taskinstance.py:1570} INFO - Exporting env vars: AIRFLOW_CTX_DAG_OWNER='***' AIRFLOW_CTX_DAG_ID='train_model' AIRFLOW_CTX_TASK_ID='train_model' AIRFLOW_CTX_EXECUTION_DATE='2025-03-30T23:32:09.745049+00:00' AIRFLOW_CTX_TRY_NUMBER='1' AIRFLOW_CTX_DAG_RUN_ID='manual__2025-03-30T23:32:09.745049+00:00'
[2025-03-30T23:32:14.435+0000] {base.py:73} INFO - Using connection ID 'mysql_***_conn' for task execution.
[2025-03-30T23:32:14.468+0000] {taskinstance.py:1847} ERROR - Task failed with exception
Traceback (most recent call last):
  File "/home/airflow/.local/lib/python3.7/site-packages/airflow/operators/python.py", line 181, in execute
    return_value = self.execute_callable()
  File "/home/airflow/.local/lib/python3.7/site-packages/airflow/operators/python.py", line 198, in execute_callable
    return self.python_callable(*self.op_args, **self.op_kwargs)
  File "/opt/airflow/dags/train.py", line 51, in train_model
    X_train, X_test, y_train, y_test = train_test_split(X, y, random_state=50, test_size=0.30)
  File "/home/airflow/.local/lib/python3.7/site-packages/sklearn/model_selection/_split.py", line 2421, in train_test_split
    n_samples, test_size, train_size, default_test_size=0.25
  File "/home/airflow/.local/lib/python3.7/site-packages/sklearn/model_selection/_split.py", line 2101, in _validate_shuffle_split
    "aforementioned parameters.".format(n_samples, test_size, train_size)
ValueError: With n_samples=0, test_size=0.3 and train_size=None, the resulting train set will be empty. Adjust any of the aforementioned parameters.
[2025-03-30T23:32:14.492+0000] {taskinstance.py:1373} INFO - Marking task as UP_FOR_RETRY. dag_id=train_model, task_id=train_model, execution_date=20250330T233209, start_date=20250330T233213, end_date=20250330T233214
[2025-03-30T23:32:14.517+0000] {standard_task_runner.py:109} ERROR - Failed to execute job 493 for task train_model (With n_samples=0, test_size=0.3 and train_size=None, the resulting train set will be empty. Adjust any of the aforementioned parameters.; 2194)
[2025-03-30T23:32:14.557+0000] {local_task_job_runner.py:232} INFO - Task exited with return code 1
[2025-03-30T23:32:14.605+0000] {taskinstance.py:2674} INFO - 0 downstream tasks scheduled from follow-on schedule check
