[2025-04-15T00:06:13.808+0000] {local_task_job_runner.py:120} INFO - ::group::Pre task execution logs
[2025-04-15T00:06:13.838+0000] {taskinstance.py:2073} INFO - Dependencies all met for dep_context=non-requeueable deps ti=<TaskInstance: train_model.train_model manual__2025-04-15T00:06:08.951146+00:00 [queued]>
[2025-04-15T00:06:13.850+0000] {taskinstance.py:2073} INFO - Dependencies all met for dep_context=requeueable deps ti=<TaskInstance: train_model.train_model manual__2025-04-15T00:06:08.951146+00:00 [queued]>
[2025-04-15T00:06:13.851+0000] {taskinstance.py:2303} INFO - Starting attempt 1 of 2
[2025-04-15T00:06:13.873+0000] {taskinstance.py:2327} INFO - Executing <Task(PythonOperator): train_model> on 2025-04-15 00:06:08.951146+00:00
[2025-04-15T00:06:13.894+0000] {standard_task_runner.py:63} INFO - Started process 77901 to run task
[2025-04-15T00:06:13.903+0000] {standard_task_runner.py:90} INFO - Running: ['***', 'tasks', 'run', 'train_model', 'train_model', 'manual__2025-04-15T00:06:08.951146+00:00', '--job-id', '721', '--raw', '--subdir', 'DAGS_FOLDER/train.py', '--cfg-path', '/tmp/tmpw8fqi20u']
[2025-04-15T00:06:13.910+0000] {standard_task_runner.py:91} INFO - Job 721: Subtask train_model
[2025-04-15T00:06:13.996+0000] {task_command.py:426} INFO - Running <TaskInstance: train_model.train_model manual__2025-04-15T00:06:08.951146+00:00 [running]> on host e1dfa1bb16b8
[2025-04-15T00:06:14.134+0000] {taskinstance.py:2644} INFO - Exporting env vars: AIRFLOW_CTX_DAG_OWNER='***' AIRFLOW_CTX_DAG_ID='train_model' AIRFLOW_CTX_TASK_ID='train_model' AIRFLOW_CTX_EXECUTION_DATE='2025-04-15T00:06:08.951146+00:00' AIRFLOW_CTX_TRY_NUMBER='1' AIRFLOW_CTX_DAG_RUN_ID='manual__2025-04-15T00:06:08.951146+00:00'
[2025-04-15T00:06:14.135+0000] {taskinstance.py:430} INFO - ::endgroup::
[2025-04-15T00:06:14.158+0000] {logging_mixin.py:188} INFO - MLflow Version: 2.17.2
[2025-04-15T00:06:14.170+0000] {base.py:84} INFO - Using connection ID 'mysql_***_conn' for task execution.
[2025-04-15T00:06:14.182+0000] {warnings.py:109} WARNING - /home/***/.local/lib/python3.8/site-packages/***/providers/common/sql/hooks/sql.py:227: UserWarning: pandas only supports SQLAlchemy connectable (engine/connection) or database string URI or sqlite3 DBAPI2 connection. Other DBAPI2 objects are not tested. Please consider using SQLAlchemy.
  return psql.read_sql(sql, con=conn, params=parameters, **kwargs)

[2025-04-15T00:06:15.101+0000] {logging_mixin.py:188} WARNING - 2025/04/15 00:06:15 WARNING mlflow.utils.git_utils: Failed to import Git (the Git executable is probably not on your PATH), so Git SHA is not available. Error: Failed to initialize: Bad git executable.
The git executable must be specified in one of the following ways:
    - be included in your $PATH
    - be set via $GIT_PYTHON_GIT_EXECUTABLE
    - explicitly set via git.refresh(<full-path-to-git-executable>)

All git commands will error until this is rectified.

This initial message can be silenced or aggravated in the future by setting the
$GIT_PYTHON_REFRESH environment variable. Use one of the following values:
    - quiet|q|silence|s|silent|none|n|0: for no message or exception
    - warn|w|warning|log|l|1: for a warning message (logging level CRITICAL, displayed by default)
    - error|e|exception|raise|r|2: for a raised exception

Example:
    export GIT_PYTHON_REFRESH=quiet
[2025-04-15T00:06:15.201+0000] {warnings.py:109} WARNING - /home/***/.local/lib/python3.8/site-packages/joblib/parallel.py:1359: UserWarning: Loky-backed parallel loops cannot be called in a multiprocessing, setting n_jobs=1
  n_jobs = self._backend.configure(n_jobs=self.n_jobs, parallel=self,

[2025-04-15T00:06:15.210+0000] {warnings.py:109} WARNING - /home/***/.local/lib/python3.8/site-packages/sklearn/model_selection/_split.py:737: UserWarning: The least populated class in y has only 2 members, which is less than n_splits=5.
  warnings.warn(

[2025-04-15T00:06:24.239+0000] {logging_mixin.py:188} WARNING - 2025/04/15 00:06:24 WARNING mlflow.models.model: Model logged without a signature and input example. Please set `input_example` parameter when logging the model to auto infer the model signature.
[2025-04-15T00:06:24.311+0000] {credentials.py:1147} INFO - Found credentials in environment variables.
[2025-04-15T00:06:25.644+0000] {logging_mixin.py:188} WARNING - Registered model 'svm-model' already exists. Creating a new version of this model...
[2025-04-15T00:06:25.720+0000] {logging_mixin.py:188} WARNING - 2025/04/15 00:06:25 INFO mlflow.store.model_registry.abstract_store: Waiting up to 300 seconds for model version to finish creation. Model name: svm-model, version 20
[2025-04-15T00:06:25.720+0000] {logging_mixin.py:188} WARNING - Created version '20' of model 'svm-model'.
[2025-04-15T00:06:25.723+0000] {warnings.py:109} WARNING - /opt/***/dags/train.py:103: FutureWarning: ``mlflow.tracking.client.MlflowClient.transition_model_version_stage`` is deprecated since 2.9.0. Model registry stages will be removed in a future major release. To learn more about the deprecation of model registry stages, see our migration guide here: https://mlflow.org/docs/latest/model-registry.html#migrating-from-stages
  client.transition_model_version_stage(

[2025-04-15T00:06:25.901+0000] {logging_mixin.py:188} WARNING - 2025/04/15 00:06:25 INFO mlflow.tracking._tracking_service.client: 🏃 View run svm_artifacts at: http://mlflow:5000/#/experiments/2/runs/5ff980f49e254066a11828cbb41ad216.
[2025-04-15T00:06:25.902+0000] {logging_mixin.py:188} WARNING - 2025/04/15 00:06:25 INFO mlflow.tracking._tracking_service.client: 🧪 View experiment at: http://mlflow:5000/#/experiments/2.
[2025-04-15T00:06:25.944+0000] {python.py:237} INFO - Done. Returned value was: None
[2025-04-15T00:06:25.945+0000] {taskinstance.py:441} INFO - ::group::Post task execution logs
[2025-04-15T00:06:25.961+0000] {taskinstance.py:1205} INFO - Marking task as SUCCESS. dag_id=train_model, task_id=train_model, execution_date=20250415T000608, start_date=20250415T000613, end_date=20250415T000625
[2025-04-15T00:06:26.079+0000] {local_task_job_runner.py:240} INFO - Task exited with return code 0
[2025-04-15T00:06:26.102+0000] {taskinstance.py:3482} INFO - 0 downstream tasks scheduled from follow-on schedule check
[2025-04-15T00:06:26.104+0000] {local_task_job_runner.py:222} INFO - ::endgroup::
