[2025-05-03T20:10:04.898+0000] {local_task_job_runner.py:120} INFO - ::group::Pre task execution logs
[2025-05-03T20:10:05.084+0000] {taskinstance.py:2073} INFO - Dependencies all met for dep_context=non-requeueable deps ti=<TaskInstance: diabetes_etl_fast.read_train_data manual__2025-05-03T20:09:55.007492+00:00 [queued]>
[2025-05-03T20:10:05.127+0000] {taskinstance.py:2073} INFO - Dependencies all met for dep_context=requeueable deps ti=<TaskInstance: diabetes_etl_fast.read_train_data manual__2025-05-03T20:09:55.007492+00:00 [queued]>
[2025-05-03T20:10:05.128+0000] {taskinstance.py:2303} INFO - Starting attempt 1 of 2
[2025-05-03T20:10:05.173+0000] {taskinstance.py:2327} INFO - Executing <Task(PythonOperator): read_train_data> on 2025-05-03 20:09:55.007492+00:00
[2025-05-03T20:10:05.215+0000] {standard_task_runner.py:63} INFO - Started process 613 to run task
[2025-05-03T20:10:05.247+0000] {standard_task_runner.py:90} INFO - Running: ['***', 'tasks', 'run', 'diabetes_etl_fast', 'read_train_data', 'manual__2025-05-03T20:09:55.007492+00:00', '--job-id', '383', '--raw', '--subdir', 'DAGS_FOLDER/preprocess.py', '--cfg-path', '/tmp/tmpbl73mcid']
[2025-05-03T20:10:05.264+0000] {standard_task_runner.py:91} INFO - Job 383: Subtask read_train_data
[2025-05-03T20:10:05.942+0000] {task_command.py:426} INFO - Running <TaskInstance: diabetes_etl_fast.read_train_data manual__2025-05-03T20:09:55.007492+00:00 [running]> on host 31e5ce530290
[2025-05-03T20:10:07.040+0000] {taskinstance.py:2644} INFO - Exporting env vars: AIRFLOW_CTX_DAG_OWNER='***' AIRFLOW_CTX_DAG_ID='diabetes_etl_fast' AIRFLOW_CTX_TASK_ID='read_train_data' AIRFLOW_CTX_EXECUTION_DATE='2025-05-03T20:09:55.007492+00:00' AIRFLOW_CTX_TRY_NUMBER='1' AIRFLOW_CTX_DAG_RUN_ID='manual__2025-05-03T20:09:55.007492+00:00'
[2025-05-03T20:10:07.049+0000] {taskinstance.py:430} INFO - ::endgroup::
[2025-05-03T20:10:07.209+0000] {logging_mixin.py:188} INFO - Reading table diabetes_train...
[2025-05-03T20:10:07.230+0000] {crypto.py:82} WARNING - empty cryptography key - values will not be stored encrypted.
[2025-05-03T20:10:07.240+0000] {base.py:84} INFO - Using connection ID 'mysql_diabetes_conn' for task execution.
[2025-05-03T20:10:07.333+0000] {warnings.py:109} WARNING - /home/***/.local/lib/python3.8/site-packages/***/providers/common/sql/hooks/sql.py:227: UserWarning: pandas only supports SQLAlchemy connectable (engine/connection) or database string URI or sqlite3 DBAPI2 connection. Other DBAPI2 objects are not tested. Please consider using SQLAlchemy.
  return psql.read_sql(sql, con=conn, params=parameters, **kwargs)

[2025-05-03T20:10:16.435+0000] {logging_mixin.py:188} INFO - Table diabetes_train read successfully:
[2025-05-03T20:10:16.436+0000] {logging_mixin.py:188} INFO - Rows: 61059
[2025-05-03T20:10:16.437+0000] {logging_mixin.py:188} INFO - Columns: 51
[2025-05-03T20:10:16.438+0000] {logging_mixin.py:188} INFO - Column names: encounter_id, patient_nbr, race, gender, age, weight, admission_type_id, discharge_disposition_id, admission_source_id, time_in_hospital, payer_code, medical_specialty, num_lab_procedures, num_procedures, num_medications, number_outpatient, number_emergency, number_inpatient, diag_1, diag_2, diag_3, number_diagnoses, max_glu_serum, A1Cresult, metformin, repaglinide, nateglinide, chlorpropamide, glimepiride, acetohexamide, glipizide, glyburide, tolbutamide, pioglitazone, rosiglitazone, acarbose, miglitol, troglitazone, tolazamide, examide, citoglipton, insulin, glyburide-metformin, glipizide-metformin, glimepiride-pioglitazone, metformin-rosiglitazone, metformin-pioglitazone, change_column, diabetesMed, readmitted, batch_number
[2025-05-03T20:10:17.317+0000] {python.py:237} INFO - Done. Returned value was: True
[2025-05-03T20:10:17.319+0000] {taskinstance.py:441} INFO - ::group::Post task execution logs
[2025-05-03T20:10:17.420+0000] {taskinstance.py:1205} INFO - Marking task as SUCCESS. dag_id=diabetes_etl_fast, task_id=read_train_data, execution_date=20250503T200955, start_date=20250503T201005, end_date=20250503T201017
[2025-05-03T20:10:17.556+0000] {local_task_job_runner.py:240} INFO - Task exited with return code 0
[2025-05-03T20:10:17.636+0000] {taskinstance.py:3482} INFO - 1 downstream tasks scheduled from follow-on schedule check
[2025-05-03T20:10:17.645+0000] {local_task_job_runner.py:222} INFO - ::endgroup::
