[2025-05-01T06:00:12.313+0000] {local_task_job_runner.py:120} INFO - ::group::Pre task execution logs
[2025-05-01T06:00:12.413+0000] {taskinstance.py:2073} INFO - Dependencies all met for dep_context=non-requeueable deps ti=<TaskInstance: fetch_and_store_diabetes_data.process_train_data.process_train_batches manual__2025-05-01T05:42:05.666671+00:00 [queued]>
[2025-05-01T06:00:12.438+0000] {taskinstance.py:2073} INFO - Dependencies all met for dep_context=requeueable deps ti=<TaskInstance: fetch_and_store_diabetes_data.process_train_data.process_train_batches manual__2025-05-01T05:42:05.666671+00:00 [queued]>
[2025-05-01T06:00:12.439+0000] {taskinstance.py:2303} INFO - Starting attempt 2 of 4
[2025-05-01T06:00:12.482+0000] {taskinstance.py:2327} INFO - Executing <Task(PythonOperator): process_train_data.process_train_batches> on 2025-05-01 05:42:05.666671+00:00
[2025-05-01T06:00:12.515+0000] {standard_task_runner.py:63} INFO - Started process 125 to run task
[2025-05-01T06:00:12.536+0000] {standard_task_runner.py:90} INFO - Running: ['***', 'tasks', 'run', 'fetch_and_store_diabetes_data', 'process_train_data.process_train_batches', 'manual__2025-05-01T05:42:05.666671+00:00', '--job-id', '125', '--raw', '--subdir', 'DAGS_FOLDER/fetch_and_store_data.py', '--cfg-path', '/tmp/tmpww5lar59']
[2025-05-01T06:00:12.549+0000] {standard_task_runner.py:91} INFO - Job 125: Subtask process_train_data.process_train_batches
[2025-05-01T06:00:12.733+0000] {task_command.py:426} INFO - Running <TaskInstance: fetch_and_store_diabetes_data.process_train_data.process_train_batches manual__2025-05-01T05:42:05.666671+00:00 [running]> on host a60a20642f57
[2025-05-01T06:00:12.902+0000] {taskinstance.py:2644} INFO - Exporting env vars: AIRFLOW_CTX_DAG_OWNER='***' AIRFLOW_CTX_DAG_ID='fetch_and_store_diabetes_data' AIRFLOW_CTX_TASK_ID='process_train_data.process_train_batches' AIRFLOW_CTX_EXECUTION_DATE='2025-05-01T05:42:05.666671+00:00' AIRFLOW_CTX_TRY_NUMBER='2' AIRFLOW_CTX_DAG_RUN_ID='manual__2025-05-01T05:42:05.666671+00:00'
[2025-05-01T06:00:12.904+0000] {taskinstance.py:430} INFO - ::endgroup::
[2025-05-01T06:00:12.967+0000] {fetch_and_store_data.py:215} INFO - Procesando 5 batches para train
[2025-05-01T06:00:12.968+0000] {fetch_and_store_data.py:117} INFO - Obteniendo train batch 0 desde http://datapi:80/get-batch/?batch_number=0
[2025-05-01T06:00:16.542+0000] {fetch_and_store_data.py:134} INFO - Obtenidos 15000 registros de train batch 0
[2025-05-01T06:00:16.544+0000] {crypto.py:82} WARNING - empty cryptography key - values will not be stored encrypted.
[2025-05-01T06:00:16.545+0000] {base.py:84} INFO - Using connection ID 'mysql_diabetes_conn' for task execution.
[2025-05-01T06:01:06.366+0000] {fetch_and_store_data.py:162} INFO - Insertados 15000 registros en tabla diabetes_train para train batch 0 usando to_sql
[2025-05-01T06:01:06.448+0000] {fetch_and_store_data.py:117} INFO - Obteniendo train batch 1 desde http://datapi:80/get-batch/?batch_number=1
[2025-05-01T06:01:11.797+0000] {fetch_and_store_data.py:134} INFO - Obtenidos 15000 registros de train batch 1
[2025-05-01T06:01:11.798+0000] {base.py:84} INFO - Using connection ID 'mysql_diabetes_conn' for task execution.
[2025-05-01T06:02:04.233+0000] {fetch_and_store_data.py:162} INFO - Insertados 15000 registros en tabla diabetes_train para train batch 1 usando to_sql
[2025-05-01T06:02:04.272+0000] {fetch_and_store_data.py:117} INFO - Obteniendo train batch 2 desde http://datapi:80/get-batch/?batch_number=2
[2025-05-01T06:02:06.919+0000] {fetch_and_store_data.py:134} INFO - Obtenidos 15000 registros de train batch 2
[2025-05-01T06:02:06.920+0000] {base.py:84} INFO - Using connection ID 'mysql_diabetes_conn' for task execution.
[2025-05-01T06:02:35.670+0000] {fetch_and_store_data.py:162} INFO - Insertados 15000 registros en tabla diabetes_train para train batch 2 usando to_sql
[2025-05-01T06:02:35.713+0000] {fetch_and_store_data.py:117} INFO - Obteniendo train batch 3 desde http://datapi:80/get-batch/?batch_number=3
[2025-05-01T06:02:38.369+0000] {fetch_and_store_data.py:134} INFO - Obtenidos 15000 registros de train batch 3
[2025-05-01T06:02:38.370+0000] {base.py:84} INFO - Using connection ID 'mysql_diabetes_conn' for task execution.
[2025-05-01T06:03:03.784+0000] {fetch_and_store_data.py:162} INFO - Insertados 15000 registros en tabla diabetes_train para train batch 3 usando to_sql
[2025-05-01T06:03:03.818+0000] {fetch_and_store_data.py:117} INFO - Obteniendo train batch 4 desde http://datapi:80/get-batch/?batch_number=4
[2025-05-01T06:03:04.010+0000] {fetch_and_store_data.py:134} INFO - Obtenidos 1059 registros de train batch 4
[2025-05-01T06:03:04.011+0000] {base.py:84} INFO - Using connection ID 'mysql_diabetes_conn' for task execution.
[2025-05-01T06:03:05.920+0000] {fetch_and_store_data.py:162} INFO - Insertados 1059 registros en tabla diabetes_train para train batch 4 usando to_sql
[2025-05-01T06:03:05.928+0000] {fetch_and_store_data.py:226} INFO - Completado procesamiento de train: 61059 registros en total
[2025-05-01T06:03:05.929+0000] {python.py:237} INFO - Done. Returned value was: 61059
[2025-05-01T06:03:05.930+0000] {taskinstance.py:441} INFO - ::group::Post task execution logs
[2025-05-01T06:03:05.968+0000] {taskinstance.py:1205} INFO - Marking task as SUCCESS. dag_id=fetch_and_store_diabetes_data, task_id=process_train_data.process_train_batches, execution_date=20250501T054205, start_date=20250501T060012, end_date=20250501T060305
[2025-05-01T06:03:06.201+0000] {local_task_job_runner.py:240} INFO - Task exited with return code 0
[2025-05-01T06:03:06.283+0000] {taskinstance.py:3482} INFO - 0 downstream tasks scheduled from follow-on schedule check
[2025-05-01T06:03:06.289+0000] {local_task_job_runner.py:222} INFO - ::endgroup::
