2025-02-16 20:52:08,817 - root - INFO - predicción realizada con LinReg_class 
                     entradas: Culmen_Length=1.0 Culmen_Depth=0.0 Flipper_Length=0.0 Body_Mass=0.0 
                     salida: [0]
2025-02-16 20:52:16,260 - root - INFO - predicción realizada con LinReg_class 
                     entradas: Culmen_Length=1.0 Culmen_Depth=0.0 Flipper_Length=1.0 Body_Mass=0.0 
                     salida: [0]
2025-02-16 20:52:21,457 - root - INFO - predicción realizada con LinReg_class 
                     entradas: Culmen_Length=1.0 Culmen_Depth=0.0 Flipper_Length=1.0 Body_Mass=80.0 
                     salida: [0]
2025-02-16 20:52:27,630 - root - INFO - predicción realizada con LinReg_class 
                     entradas: Culmen_Length=1.0 Culmen_Depth=9.0 Flipper_Length=1.0 Body_Mass=80.0 
                     salida: [0]
2025-02-16 20:52:33,703 - root - INFO - predicción realizada con LinReg_class 
                     entradas: Culmen_Length=100.0 Culmen_Depth=9.0 Flipper_Length=100.0 Body_Mass=80.0 
                     salida: [2]
2025-02-17 00:58:10,745 - root - INFO - predicción realizada con LinReg_class 
                     entradas: Culmen_Length=200.0 Culmen_Depth=100.0 Flipper_Length=50.0 Body_Mass=90.0 
                     salida: [2]
2025-03-18 06:38:53,478 - botocore.credentials - INFO - Found credentials in environment variables.
2025-03-18 06:41:17,553 - botocore.credentials - INFO - Found credentials in environment variables.
2025-03-18 06:43:01,662 - botocore.credentials - INFO - Found credentials in environment variables.
2025-03-18 06:43:03,585 - root - INFO - predicción realizada con svm-model 
                     entradas: Island=0 Culmen_Length=0.0 Culmen_Depth=0.0 Flipper_Length=0.0 Body_Mass=0.0 Sex=0 
                     salida: [0]
2025-03-18 06:44:44,470 - botocore.credentials - INFO - Found credentials in environment variables.
2025-03-18 06:44:46,309 - root - INFO - predicción realizada con svm-model 
                     entradas: Island=0 Culmen_Length=0.0 Culmen_Depth=0.0 Flipper_Length=0.0 Body_Mass=0.0 Sex=0 
                     salida: [0]
2025-04-02 02:56:27,162 - urllib3.connectionpool - WARNING - Retrying (Retry(total=6, connect=6, read=7, redirect=7, status=7)) after connection broken by 'NameResolutionError("<urllib3.connection.HTTPConnection object at 0x7bde51a5e690>: Failed to resolve 'mlflow' ([Errno -3] Temporary failure in name resolution)")': /api/2.0/mlflow/registered-models/search?filter=tag.%60mlflow.prompt.is_prompt%60+%21%3D+%27true%27&max_results=100
2025-04-02 02:56:31,227 - urllib3.connectionpool - WARNING - Retrying (Retry(total=5, connect=5, read=7, redirect=7, status=7)) after connection broken by 'NameResolutionError("<urllib3.connection.HTTPConnection object at 0x7bde51a5ec60>: Failed to resolve 'mlflow' ([Errno -3] Temporary failure in name resolution)")': /api/2.0/mlflow/registered-models/search?filter=tag.%60mlflow.prompt.is_prompt%60+%21%3D+%27true%27&max_results=100
2025-04-02 02:56:40,223 - urllib3.connectionpool - WARNING - Retrying (Retry(total=4, connect=4, read=7, redirect=7, status=7)) after connection broken by 'NameResolutionError("<urllib3.connection.HTTPConnection object at 0x7bde51a5e750>: Failed to resolve 'mlflow' ([Errno -3] Temporary failure in name resolution)")': /api/2.0/mlflow/registered-models/search?filter=tag.%60mlflow.prompt.is_prompt%60+%21%3D+%27true%27&max_results=100
2025-04-02 02:56:57,178 - urllib3.connectionpool - WARNING - Retrying (Retry(total=3, connect=3, read=7, redirect=7, status=7)) after connection broken by 'NameResolutionError("<urllib3.connection.HTTPConnection object at 0x7bde51a5e6c0>: Failed to resolve 'mlflow' ([Errno -3] Temporary failure in name resolution)")': /api/2.0/mlflow/registered-models/search?filter=tag.%60mlflow.prompt.is_prompt%60+%21%3D+%27true%27&max_results=100
2025-04-02 02:57:29,717 - urllib3.connectionpool - WARNING - Retrying (Retry(total=2, connect=2, read=7, redirect=7, status=7)) after connection broken by 'NameResolutionError("<urllib3.connection.HTTPConnection object at 0x7bde5e299280>: Failed to resolve 'mlflow' ([Errno -3] Temporary failure in name resolution)")': /api/2.0/mlflow/registered-models/search?filter=tag.%60mlflow.prompt.is_prompt%60+%21%3D+%27true%27&max_results=100
2025-04-02 02:58:34,433 - urllib3.connectionpool - WARNING - Retrying (Retry(total=1, connect=1, read=7, redirect=7, status=7)) after connection broken by 'NameResolutionError("<urllib3.connection.HTTPConnection object at 0x7bde51a90800>: Failed to resolve 'mlflow' ([Errno -3] Temporary failure in name resolution)")': /api/2.0/mlflow/registered-models/search?filter=tag.%60mlflow.prompt.is_prompt%60+%21%3D+%27true%27&max_results=100
2025-04-02 03:45:18,531 - botocore.credentials - INFO - Found credentials in environment variables.
2025-04-02 03:49:53,583 - botocore.credentials - INFO - Found credentials in environment variables.
2025-04-06 01:35:52,124 - botocore.credentials - INFO - Found credentials in environment variables.
2025-04-06 03:57:12,780 - botocore.credentials - INFO - Found credentials in environment variables.
2025-04-06 04:00:46,690 - botocore.credentials - INFO - Found credentials in environment variables.
2025-04-06 04:01:27,637 - root - INFO - predicción realizada con svm-model 
                     entradas: Soil_Type=0 Cover_Type=0 Elevation=0.0 Aspect=0.0 Slope=0.0 Horizontal_Distance_To_Hydrology=0.0 Vertical_Distance_To_Hydrology=0.0 Horizontal_Distance_To_Roadways=0.0 Hillshade_9am=0.0 Hillshade_Noon=0.0 Hillshade_3pm=0.0 Horizontal_Distance_To_Fire_Points=0.0 Wilderness_Area=0 
                     salida: [1]
