[2025-05-07T01:19:49.457+0000] {processor.py:161} INFO - Started process (PID=1974) to work on /opt/airflow/dags/model.py
[2025-05-07T01:19:49.460+0000] {processor.py:830} INFO - Processing file /opt/airflow/dags/model.py for tasks to queue
[2025-05-07T01:19:49.463+0000] {logging_mixin.py:188} INFO - [2025-05-07T01:19:49.463+0000] {dagbag.py:540} INFO - Filling up the DagBag from /opt/airflow/dags/model.py
[2025-05-07T01:19:52.151+0000] {processor.py:840} INFO - DAG(s) 'diabetes_model_pipeline' retrieved from /opt/airflow/dags/model.py
[2025-05-07T01:19:52.211+0000] {logging_mixin.py:188} INFO - [2025-05-07T01:19:52.210+0000] {dag.py:3096} INFO - Sync 1 DAGs
[2025-05-07T01:19:52.232+0000] {logging_mixin.py:188} INFO - [2025-05-07T01:19:52.231+0000] {dag.py:3954} INFO - Setting next_dagrun for diabetes_model_pipeline to None, run_after=None
[2025-05-07T01:19:52.281+0000] {processor.py:183} INFO - Processing /opt/airflow/dags/model.py took 2.839 seconds
[2025-05-07T01:20:23.107+0000] {processor.py:161} INFO - Started process (PID=1993) to work on /opt/airflow/dags/model.py
[2025-05-07T01:20:23.111+0000] {processor.py:830} INFO - Processing file /opt/airflow/dags/model.py for tasks to queue
[2025-05-07T01:20:23.116+0000] {logging_mixin.py:188} INFO - [2025-05-07T01:20:23.115+0000] {dagbag.py:540} INFO - Filling up the DagBag from /opt/airflow/dags/model.py
[2025-05-07T01:20:26.156+0000] {processor.py:840} INFO - DAG(s) 'diabetes_model_pipeline' retrieved from /opt/airflow/dags/model.py
[2025-05-07T01:20:26.263+0000] {logging_mixin.py:188} INFO - [2025-05-07T01:20:26.261+0000] {dag.py:3096} INFO - Sync 1 DAGs
[2025-05-07T01:20:26.286+0000] {logging_mixin.py:188} INFO - [2025-05-07T01:20:26.285+0000] {dag.py:3954} INFO - Setting next_dagrun for diabetes_model_pipeline to None, run_after=None
[2025-05-07T01:20:26.349+0000] {processor.py:183} INFO - Processing /opt/airflow/dags/model.py took 3.259 seconds
[2025-05-07T01:20:57.028+0000] {processor.py:161} INFO - Started process (PID=2015) to work on /opt/airflow/dags/model.py
[2025-05-07T01:20:57.030+0000] {processor.py:830} INFO - Processing file /opt/airflow/dags/model.py for tasks to queue
[2025-05-07T01:20:57.034+0000] {logging_mixin.py:188} INFO - [2025-05-07T01:20:57.033+0000] {dagbag.py:540} INFO - Filling up the DagBag from /opt/airflow/dags/model.py
[2025-05-07T01:20:59.567+0000] {processor.py:840} INFO - DAG(s) 'diabetes_model_pipeline' retrieved from /opt/airflow/dags/model.py
[2025-05-07T01:20:59.634+0000] {logging_mixin.py:188} INFO - [2025-05-07T01:20:59.633+0000] {dag.py:3096} INFO - Sync 1 DAGs
[2025-05-07T01:20:59.652+0000] {logging_mixin.py:188} INFO - [2025-05-07T01:20:59.651+0000] {dag.py:3954} INFO - Setting next_dagrun for diabetes_model_pipeline to None, run_after=None
[2025-05-07T01:20:59.693+0000] {processor.py:183} INFO - Processing /opt/airflow/dags/model.py took 2.683 seconds
[2025-05-07T01:21:30.550+0000] {processor.py:161} INFO - Started process (PID=2036) to work on /opt/airflow/dags/model.py
[2025-05-07T01:21:30.552+0000] {processor.py:830} INFO - Processing file /opt/airflow/dags/model.py for tasks to queue
[2025-05-07T01:21:30.555+0000] {logging_mixin.py:188} INFO - [2025-05-07T01:21:30.555+0000] {dagbag.py:540} INFO - Filling up the DagBag from /opt/airflow/dags/model.py
[2025-05-07T01:21:32.828+0000] {processor.py:840} INFO - DAG(s) 'diabetes_model_pipeline' retrieved from /opt/airflow/dags/model.py
[2025-05-07T01:21:32.881+0000] {logging_mixin.py:188} INFO - [2025-05-07T01:21:32.881+0000] {dag.py:3096} INFO - Sync 1 DAGs
[2025-05-07T01:21:32.911+0000] {logging_mixin.py:188} INFO - [2025-05-07T01:21:32.910+0000] {dag.py:3954} INFO - Setting next_dagrun for diabetes_model_pipeline to None, run_after=None
[2025-05-07T01:21:32.968+0000] {processor.py:183} INFO - Processing /opt/airflow/dags/model.py took 2.432 seconds
[2025-05-07T01:22:03.384+0000] {processor.py:161} INFO - Started process (PID=2062) to work on /opt/airflow/dags/model.py
[2025-05-07T01:22:03.387+0000] {processor.py:830} INFO - Processing file /opt/airflow/dags/model.py for tasks to queue
[2025-05-07T01:22:03.393+0000] {logging_mixin.py:188} INFO - [2025-05-07T01:22:03.393+0000] {dagbag.py:540} INFO - Filling up the DagBag from /opt/airflow/dags/model.py
