[2025-05-07T01:19:26.184+0000] {processor.py:161} INFO - Started process (PID=1966) to work on /opt/airflow/dags/orchestrator.py
[2025-05-07T01:19:26.190+0000] {processor.py:830} INFO - Processing file /opt/airflow/dags/orchestrator.py for tasks to queue
[2025-05-07T01:19:26.199+0000] {logging_mixin.py:188} INFO - [2025-05-07T01:19:26.198+0000] {dagbag.py:540} INFO - Filling up the DagBag from /opt/airflow/dags/orchestrator.py
[2025-05-07T01:19:26.273+0000] {processor.py:840} INFO - DAG(s) 'dag_maestro' retrieved from /opt/airflow/dags/orchestrator.py
[2025-05-07T01:19:26.714+0000] {logging_mixin.py:188} INFO - [2025-05-07T01:19:26.713+0000] {dag.py:3096} INFO - Sync 1 DAGs
[2025-05-07T01:19:26.890+0000] {logging_mixin.py:188} INFO - [2025-05-07T01:19:26.890+0000] {dag.py:3954} INFO - Setting next_dagrun for dag_maestro to 2025-05-06 00:00:00+00:00, run_after=2025-05-07 00:00:00+00:00
[2025-05-07T01:19:27.075+0000] {processor.py:183} INFO - Processing /opt/airflow/dags/orchestrator.py took 0.929 seconds
[2025-05-07T01:19:57.266+0000] {processor.py:161} INFO - Started process (PID=1986) to work on /opt/airflow/dags/orchestrator.py
[2025-05-07T01:19:57.271+0000] {processor.py:830} INFO - Processing file /opt/airflow/dags/orchestrator.py for tasks to queue
[2025-05-07T01:19:57.274+0000] {logging_mixin.py:188} INFO - [2025-05-07T01:19:57.274+0000] {dagbag.py:540} INFO - Filling up the DagBag from /opt/airflow/dags/orchestrator.py
[2025-05-07T01:19:57.299+0000] {processor.py:840} INFO - DAG(s) 'dag_maestro' retrieved from /opt/airflow/dags/orchestrator.py
[2025-05-07T01:19:57.369+0000] {logging_mixin.py:188} INFO - [2025-05-07T01:19:57.369+0000] {dag.py:3096} INFO - Sync 1 DAGs
[2025-05-07T01:19:57.412+0000] {logging_mixin.py:188} INFO - [2025-05-07T01:19:57.412+0000] {dag.py:3954} INFO - Setting next_dagrun for dag_maestro to 2025-05-06 00:00:00+00:00, run_after=2025-05-07 00:00:00+00:00
[2025-05-07T01:19:57.465+0000] {processor.py:183} INFO - Processing /opt/airflow/dags/orchestrator.py took 0.234 seconds
[2025-05-07T01:20:28.450+0000] {processor.py:161} INFO - Started process (PID=2000) to work on /opt/airflow/dags/orchestrator.py
[2025-05-07T01:20:28.454+0000] {processor.py:830} INFO - Processing file /opt/airflow/dags/orchestrator.py for tasks to queue
[2025-05-07T01:20:28.459+0000] {logging_mixin.py:188} INFO - [2025-05-07T01:20:28.458+0000] {dagbag.py:540} INFO - Filling up the DagBag from /opt/airflow/dags/orchestrator.py
[2025-05-07T01:20:28.490+0000] {processor.py:840} INFO - DAG(s) 'dag_maestro' retrieved from /opt/airflow/dags/orchestrator.py
[2025-05-07T01:20:28.554+0000] {logging_mixin.py:188} INFO - [2025-05-07T01:20:28.554+0000] {dag.py:3096} INFO - Sync 1 DAGs
[2025-05-07T01:20:28.611+0000] {logging_mixin.py:188} INFO - [2025-05-07T01:20:28.611+0000] {dag.py:3954} INFO - Setting next_dagrun for dag_maestro to 2025-05-06 00:00:00+00:00, run_after=2025-05-07 00:00:00+00:00
[2025-05-07T01:20:28.672+0000] {processor.py:183} INFO - Processing /opt/airflow/dags/orchestrator.py took 0.243 seconds
[2025-05-07T01:20:59.084+0000] {processor.py:161} INFO - Started process (PID=2020) to work on /opt/airflow/dags/orchestrator.py
[2025-05-07T01:20:59.087+0000] {processor.py:830} INFO - Processing file /opt/airflow/dags/orchestrator.py for tasks to queue
[2025-05-07T01:20:59.092+0000] {logging_mixin.py:188} INFO - [2025-05-07T01:20:59.091+0000] {dagbag.py:540} INFO - Filling up the DagBag from /opt/airflow/dags/orchestrator.py
[2025-05-07T01:20:59.122+0000] {processor.py:840} INFO - DAG(s) 'dag_maestro' retrieved from /opt/airflow/dags/orchestrator.py
[2025-05-07T01:20:59.247+0000] {logging_mixin.py:188} INFO - [2025-05-07T01:20:59.246+0000] {dag.py:3096} INFO - Sync 1 DAGs
[2025-05-07T01:20:59.345+0000] {logging_mixin.py:188} INFO - [2025-05-07T01:20:59.345+0000] {dag.py:3954} INFO - Setting next_dagrun for dag_maestro to 2025-05-06 00:00:00+00:00, run_after=2025-05-07 00:00:00+00:00
[2025-05-07T01:20:59.386+0000] {processor.py:183} INFO - Processing /opt/airflow/dags/orchestrator.py took 0.322 seconds
[2025-05-07T01:21:29.521+0000] {processor.py:161} INFO - Started process (PID=2035) to work on /opt/airflow/dags/orchestrator.py
[2025-05-07T01:21:29.524+0000] {processor.py:830} INFO - Processing file /opt/airflow/dags/orchestrator.py for tasks to queue
[2025-05-07T01:21:29.529+0000] {logging_mixin.py:188} INFO - [2025-05-07T01:21:29.528+0000] {dagbag.py:540} INFO - Filling up the DagBag from /opt/airflow/dags/orchestrator.py
[2025-05-07T01:21:29.554+0000] {processor.py:840} INFO - DAG(s) 'dag_maestro' retrieved from /opt/airflow/dags/orchestrator.py
[2025-05-07T01:21:29.618+0000] {logging_mixin.py:188} INFO - [2025-05-07T01:21:29.618+0000] {dag.py:3096} INFO - Sync 1 DAGs
[2025-05-07T01:21:29.663+0000] {logging_mixin.py:188} INFO - [2025-05-07T01:21:29.662+0000] {dag.py:3954} INFO - Setting next_dagrun for dag_maestro to 2025-05-06 00:00:00+00:00, run_after=2025-05-07 00:00:00+00:00
[2025-05-07T01:21:29.701+0000] {processor.py:183} INFO - Processing /opt/airflow/dags/orchestrator.py took 0.195 seconds
[2025-05-07T01:22:00.334+0000] {processor.py:161} INFO - Started process (PID=2055) to work on /opt/airflow/dags/orchestrator.py
[2025-05-07T01:22:00.337+0000] {processor.py:830} INFO - Processing file /opt/airflow/dags/orchestrator.py for tasks to queue
[2025-05-07T01:22:00.341+0000] {logging_mixin.py:188} INFO - [2025-05-07T01:22:00.341+0000] {dagbag.py:540} INFO - Filling up the DagBag from /opt/airflow/dags/orchestrator.py
[2025-05-07T01:22:00.368+0000] {processor.py:840} INFO - DAG(s) 'dag_maestro' retrieved from /opt/airflow/dags/orchestrator.py
[2025-05-07T01:22:00.431+0000] {logging_mixin.py:188} INFO - [2025-05-07T01:22:00.431+0000] {dag.py:3096} INFO - Sync 1 DAGs
[2025-05-07T01:22:00.488+0000] {logging_mixin.py:188} INFO - [2025-05-07T01:22:00.487+0000] {dag.py:3954} INFO - Setting next_dagrun for dag_maestro to 2025-05-06 00:00:00+00:00, run_after=2025-05-07 00:00:00+00:00
[2025-05-07T01:22:00.530+0000] {processor.py:183} INFO - Processing /opt/airflow/dags/orchestrator.py took 0.211 seconds
