[2025-05-07T01:19:56.215+0000] {processor.py:161} INFO - Started process (PID=1981) to work on /opt/airflow/dags/preprocess.py
[2025-05-07T01:19:56.217+0000] {processor.py:830} INFO - Processing file /opt/airflow/dags/preprocess.py for tasks to queue
[2025-05-07T01:19:56.221+0000] {logging_mixin.py:188} INFO - [2025-05-07T01:19:56.220+0000] {dagbag.py:540} INFO - Filling up the DagBag from /opt/airflow/dags/preprocess.py
[2025-05-07T01:19:58.544+0000] {processor.py:840} INFO - DAG(s) 'diabetes_etl_fast' retrieved from /opt/airflow/dags/preprocess.py
[2025-05-07T01:19:58.612+0000] {logging_mixin.py:188} INFO - [2025-05-07T01:19:58.612+0000] {dag.py:3096} INFO - Sync 1 DAGs
[2025-05-07T01:19:58.632+0000] {logging_mixin.py:188} INFO - [2025-05-07T01:19:58.631+0000] {dag.py:3954} INFO - Setting next_dagrun for diabetes_etl_fast to None, run_after=None
[2025-05-07T01:19:58.685+0000] {processor.py:183} INFO - Processing /opt/airflow/dags/preprocess.py took 2.484 seconds
[2025-05-07T01:20:29.545+0000] {processor.py:161} INFO - Started process (PID=2001) to work on /opt/airflow/dags/preprocess.py
[2025-05-07T01:20:29.548+0000] {processor.py:830} INFO - Processing file /opt/airflow/dags/preprocess.py for tasks to queue
[2025-05-07T01:20:29.553+0000] {logging_mixin.py:188} INFO - [2025-05-07T01:20:29.552+0000] {dagbag.py:540} INFO - Filling up the DagBag from /opt/airflow/dags/preprocess.py
[2025-05-07T01:20:31.623+0000] {processor.py:840} INFO - DAG(s) 'diabetes_etl_fast' retrieved from /opt/airflow/dags/preprocess.py
[2025-05-07T01:20:31.681+0000] {logging_mixin.py:188} INFO - [2025-05-07T01:20:31.681+0000] {dag.py:3096} INFO - Sync 1 DAGs
[2025-05-07T01:20:31.702+0000] {logging_mixin.py:188} INFO - [2025-05-07T01:20:31.702+0000] {dag.py:3954} INFO - Setting next_dagrun for diabetes_etl_fast to None, run_after=None
[2025-05-07T01:20:31.742+0000] {processor.py:183} INFO - Processing /opt/airflow/dags/preprocess.py took 2.221 seconds
[2025-05-07T01:21:02.507+0000] {processor.py:161} INFO - Started process (PID=2027) to work on /opt/airflow/dags/preprocess.py
[2025-05-07T01:21:02.510+0000] {processor.py:830} INFO - Processing file /opt/airflow/dags/preprocess.py for tasks to queue
[2025-05-07T01:21:02.514+0000] {logging_mixin.py:188} INFO - [2025-05-07T01:21:02.514+0000] {dagbag.py:540} INFO - Filling up the DagBag from /opt/airflow/dags/preprocess.py
[2025-05-07T01:21:04.631+0000] {processor.py:840} INFO - DAG(s) 'diabetes_etl_fast' retrieved from /opt/airflow/dags/preprocess.py
[2025-05-07T01:21:04.685+0000] {logging_mixin.py:188} INFO - [2025-05-07T01:21:04.685+0000] {dag.py:3096} INFO - Sync 1 DAGs
[2025-05-07T01:21:04.706+0000] {logging_mixin.py:188} INFO - [2025-05-07T01:21:04.705+0000] {dag.py:3954} INFO - Setting next_dagrun for diabetes_etl_fast to None, run_after=None
[2025-05-07T01:21:04.740+0000] {processor.py:183} INFO - Processing /opt/airflow/dags/preprocess.py took 2.252 seconds
[2025-05-07T01:21:35.114+0000] {processor.py:161} INFO - Started process (PID=2047) to work on /opt/airflow/dags/preprocess.py
[2025-05-07T01:21:35.117+0000] {processor.py:830} INFO - Processing file /opt/airflow/dags/preprocess.py for tasks to queue
[2025-05-07T01:21:35.122+0000] {logging_mixin.py:188} INFO - [2025-05-07T01:21:35.121+0000] {dagbag.py:540} INFO - Filling up the DagBag from /opt/airflow/dags/preprocess.py
[2025-05-07T01:21:37.123+0000] {processor.py:840} INFO - DAG(s) 'diabetes_etl_fast' retrieved from /opt/airflow/dags/preprocess.py
[2025-05-07T01:21:37.189+0000] {logging_mixin.py:188} INFO - [2025-05-07T01:21:37.188+0000] {dag.py:3096} INFO - Sync 1 DAGs
[2025-05-07T01:21:37.208+0000] {logging_mixin.py:188} INFO - [2025-05-07T01:21:37.208+0000] {dag.py:3954} INFO - Setting next_dagrun for diabetes_etl_fast to None, run_after=None
[2025-05-07T01:21:37.255+0000] {processor.py:183} INFO - Processing /opt/airflow/dags/preprocess.py took 2.157 seconds
